TN:
SF:mhkit\__init__.py
DA:1,1,pZ9pAiB1YEQqg2LZbYi4zQ
DA:2,1,EBSSXqPmmMwmZqk8MEdnTQ
DA:3,1,/X7bIV16Q/r019CUOIKykA
DA:4,1,HrbahDKExFfKryP82i9uNw
DA:5,1,M2UNipx00amtwBjGfhYoow
DA:6,1,9e7FAvd0itdQ//N6LQuZyA
DA:7,1,RY4i566weS1w4ejP2lb/rA
DA:8,1,RsXooIn9071iySxdtJdhNg
DA:9,1,RwiNxAD2VjM5vwqEdOQVpQ
DA:10,1,/0EWFeR0fPteihEDbjrzrw
DA:13,1,KUM1cnR537aPv6+EY7sCUg
DA:15,1,xXx3rtZhge9d0KSU28V+Gg
DA:18,1,t0ojBfG+PdIFx+PlX+m5PQ
DA:20,1,50evGonwz3NeTHgbVKYBKw
DA:22,1,CX4VKYUvRpHpx8764S8Giw
DA:29,1,GLzPs92GXHnE7/3x/DA2AA
LF:16
LH:16
end_of_record
TN:
SF:mhkit\dolfyn\__init__.py
DA:1,1,O0W+RXhVeQr/8Inqc2G6aA
DA:2,1,v6NHpFp/XFiZZEJ7FBnI4w
DA:8,1,6kDzjWtfax3uzIydEeyQsg
DA:9,1,gvC9ul9xp5H+qtdpxtRuqQ
DA:10,1,EKtCs0/NVh2ONxyGDzdsYA
DA:11,1,EF+dTs86VhR3fXifsUzXxA
DA:12,1,Xm4vDrXE1LlSv7S5TwgiEg
DA:13,1,fPJIZuTvTbeGyOYOkT7V1w
DA:14,1,JDmjA4xO/ubyAsjt9Jp+8A
DA:15,1,GQrvAopOpa7hoZ6+J0EaLg
LF:10
LH:10
end_of_record
TN:
SF:mhkit\dolfyn\adp\__init__.py
DA:1,1,6y1dM/7yL6sN82+Pnk7ufQ
LF:1
LH:1
end_of_record
TN:
SF:mhkit\dolfyn\adp\api.py
DA:1,1,E8U6sZy7COQ59MzJnHikxw
DA:2,1,rd1Zr4jPAe9vmkfXctgg2w
DA:3,1,gQ3SknRyztEa4mn97G+FNg
DA:4,1,mujDWEf8KWMGRjNJ+MSC3Q
DA:5,1,IJMBONQeh5aSt7unaUtv0w
LF:5
LH:5
end_of_record
TN:
SF:mhkit\dolfyn\adp\clean.py
DA:1,1,iVUBo6Mlh+07eh9H8UV3cQ
DA:4,1,IWWjrCeOtk8NNtrE95++2g
DA:5,1,E+f6edsnTIVfiiXS906VsA
DA:6,1,xLpr2oZXFCfQ414GjzPyOQ
DA:7,1,12APxHwtX7qedcqT8U8WRg
DA:8,1,7NboenA+HdtldVGE991wvw
DA:9,1,veJudS+CCslLqCGG9HxeVQ
DA:12,1,6NRGn4jPcZAce6PxhLbZ9Q
DA:44,1,nDraV/JmaKpPlJsmGXal2w
DA:45,1,Kt6odSq/EHCdJjQy55HXSw
DA:46,1,hiqXXkuHGk9B/6L+xtwTlw
DA:47,1,vXhGwBkHFBh+sdau/68jRQ
DA:49,1,GvyLzIOVtvJVpvp5O4+bvg
DA:52,1,KZ/xjIUljsUyNQuBtqPqAg
DA:55,1,vnOP8CN01ba7+AIAKTJmNg
DA:78,1,XWODCWKL92fmADhf3etTlw
DA:81,1,XywzPUgtXICYMt965RiiFQ
DA:82,1,YLB2twUEHlmpeR97cu59lA
DA:91,1,vycSdAucpePxb9aYO2E2kA
DA:92,1,B7nGMpqc+Egjs1UdfIyZTg
DA:94,1,EihpYZWyfNr4qhw3+9YPhg
DA:96,1,oUZs9W+4xqOUOOLenIA3lA
DA:99,1,O9dNwwZuVK17XaTqMxRYGg
DA:100,1,WOHsdkFgXpnhS9gKQFip/A
DA:101,1,Cel+QsHAtabnWve8zuLWKA
DA:102,1,CdhxUZXNEY2nHNXrJmVAeQ
DA:104,1,CnA8P/9+dMQfrx6oy1uTvw
DA:105,1,FjJA1WW1piDI8IlUXnIFig
DA:106,1,T5Dgk4hQc7qODkAvNZPc8w
DA:107,1,p9xLmdLzp63ws1rASiiFMg
DA:109,1,5X0em9nCNuiR0rM9gpz1PA
DA:121,1,sPdvhIit8kEjuzh1ASKgBQ
DA:157,1,1e3LmtuCkvN6ThIiV5GEyg
DA:158,1,BBGfkeT5OeTe69Vmncy7Cw
DA:159,1,kiHJqe1KFk7ZYMKeaNAonQ
DA:160,1,pYBp2iROJpNOEGDo6qZLEA
DA:161,1,8DY7leHbXTeszBg9Sjg5pw
DA:162,1,tv9uf6odSROBQqkCQbDfxw
DA:163,1,CjTKEo/WgrGgTtFD3rEDoQ
DA:164,1,rj1U6i9US0uU+nOf++J21A
DA:165,1,j1qMHschS+dzoVIZKlTzKA
DA:166,1,gmCscdI7aFCrs2Pf9MgKzA
DA:169,1,lsdAjuBI6kZBsLA5GeruRw
DA:171,1,GvyLzIOVtvJVpvp5O4+bvg
DA:172,1,7M0MU2VzHEO3yCBvz0vJpA
DA:173,1,nipCIKr9bPT8MJTwshtn3Q
DA:175,1,i0WfHazAfG20kYJisxYk9Q
DA:177,1,ndJ/dyi81vlG+GWvQJuPVQ
DA:187,1,5X0em9nCNuiR0rM9gpz1PA
DA:199,1,MpxuT0a7fXt0YA6ko2aRUQ
DA:227,1,4W5HzVstMepYAqvd2QIlpw
DA:228,1,4L0KCmqVfL25PEMIHr8X+w
DA:231,1,j+wNb27bJ8QnPtf/erGFjA
DA:233,1,tVDRb1v7/prnG1b23OESdA
DA:234,1,WLKQBSJUYPUmW+iryAH7AA
DA:235,1,47DG9lkKdfU880sTfoRHsw
DA:243,1,GvyLzIOVtvJVpvp5O4+bvg
DA:244,1,GRz8Zh38hpS4gbzD3N9J4Q
DA:248,1,lQZhZPcPvoEO1TZPT9YuFw
DA:250,1,eFZ4QVblpI+m67iJSQoM6w
DA:253,1,BcDKs/85LL4fMyzpL4HapA
DA:254,1,JfqfXjqnWjdo/7YsUZ05yQ
DA:255,1,Shljyt34QcEdiAWs70C9mA
DA:256,1,W6cjLckksAtZ10pDXfbSfg
DA:259,1,qYN/KHN2YekidgxnXdiejg
DA:260,1,jwxlGwig5BVO5YRYMMK+aw
DA:261,1,7wocaeKgwHDWmik+Zr2pWA
DA:262,1,oLNCEY64pdmZo++9HZqMpA
DA:263,1,wZiZI/R+Xaiiv4iZHmDckg
DA:264,1,8SxNDHNi7PleskNCvAwcRA
DA:265,1,jsdw8+ZLJ+y9sy4zigsixA
DA:267,1,4W5HzVstMepYAqvd2QIlpw
DA:268,1,DMpBIIzfVqvgIZVZtPqRCA
DA:271,1,D8SXOowRSKUcrhG6KBGoaA
DA:298,1,4W5HzVstMepYAqvd2QIlpw
DA:299,1,4L0KCmqVfL25PEMIHr8X+w
DA:302,1,S8DcejrBJRISUfkRkQvxEw
DA:303,1,NE950R/m342EPyXIwiK8JQ
DA:308,1,Qc5YoNKFTql9m2PpZYRPSg
DA:311,1,TUV58svo5Ie3JGHSDHmbfw
DA:313,1,MpFio53q9M5utBqLAuiBVw
DA:314,1,xPd3iXfbevVNul7LsXQpZg
DA:316,1,3W8pQqdtzaf04qzMgj7CSA
DA:317,1,xvWIcpcyNr0gyGcTkdMxXw
DA:318,1,R+uTIqUgd045qEDpfhvxTg
DA:319,1,O5I4UEmQJy6/McdIdmA5DA
DA:320,1,pmiHtoc/fiiceGbL0SI7wg
DA:321,1,/XjNWktiMikMDH6Ee+mZww
DA:327,1,8tkiFjeGYsLQ3A0u9LW+fw
DA:329,1,4W5HzVstMepYAqvd2QIlpw
DA:330,1,DMpBIIzfVqvgIZVZtPqRCA
DA:333,1,pd+JwP59u7Wzpqf9yxrfcw
DA:355,1,Qz54xAmfLIk1Qy5aAvZrSw
DA:357,1,KfmX14B6wcoTrRRhEr4hsw
DA:358,1,BMHn1/RgexCq+Ooj6QHZlQ
DA:359,1,cZRu3gDtPNvMvH7Dhjmf0w
DA:360,1,4ZWHJcEfgxmDj3FmP3WiSQ
DA:361,1,svMad6DQEM/HrwSyA09BFg
DA:363,1,m8/c9/jqdqYv5R0KtS67Pg
DA:364,1,DMpBIIzfVqvgIZVZtPqRCA
DA:368,1,pCucftfWd/hivd5LjY+wJQ
DA:369,1,FWRhsq2DAPcA9JkR9zSBqw
DA:370,1,sqq/mEhW+oT0g9dBknT/qw
DA:372,1,5q+mlPDkY7QomGj4htpFtg
DA:375,1,mZka0/z3RxIIYRoSKWqZSw
DA:396,1,HcWdDAxAuFiw69pBiOStag
DA:398,1,aWsnw1WaYiASFdEzek+Djg
DA:399,1,O88KYDznwLoun4VfQzb41w
DA:401,1,p9uq5upVZRu3aoxxYy//EA
DA:403,1,hpX+0EvQAOfiKScs6hMY+g
DA:406,1,J3Rbt75VCwAsnb8Z3Ng9QA
DA:429,1,SaqOQMfDWmywIZdgL5F7YQ
DA:431,1,6b/4/pVBiOg5cGo2F66ReA
DA:436,1,yxjhoMTr2O7vmsF61cQDzA
DA:459,1,ve6rf08JGZyQEOQcHP2nwg
DA:461,1,6b/4/pVBiOg5cGo2F66ReA
DA:50,0,1cMMuUmqoAUNPmJETrzi/w
DA:237,0,NDuOpIWEspUYngLpznK8tw
DA:305,0,sAjaBLunHFGSuqgVGZNLvg
LF:118
LH:115
end_of_record
TN:
SF:mhkit\dolfyn\adp\turbulence.py
DA:1,1,IWWjrCeOtk8NNtrE95++2g
DA:2,1,E+f6edsnTIVfiiXS906VsA
DA:3,1,uqQzsyLE2snBclOsmsd0qA
DA:5,1,mujDWEf8KWMGRjNJ+MSC3Q
DA:6,1,oJRic3FKulm2pCpeU480Fw
DA:9,1,qBEbThUIGFrfAPYpkZ6ejQ
DA:29,1,vUyIuiDj3ihDS97RG8mJOw
DA:51,1,hj/LSdLQsURIiF8ufuhlZA
DA:54,1,Rr3xxqKEwfBIwIEIIzPu4g
DA:87,1,dIZWXRvktZz1Cv26AYh7Qw
DA:88,1,4LgMgWBGno1n5MNJ8WRFsQ
DA:127,1,7JvQb1TZqB0KSs8DlYFnRA
DA:128,1,OTvX/5ONydRGx6sbAGTZRg
DA:129,1,W3HwL4IeefomltnI/TwasA
DA:131,1,o20/00US2Osvzn/hDEIKpQ
DA:152,1,oO/0dsynJQA5E4xJENvHEw
DA:155,1,akM6cPMO9hkmaFDWJfFFlQ
DA:156,1,LshAwzIcKri2743wg6bLPA
DA:157,1,JPJEoSmkYTnndzS/FP3IQg
DA:162,1,xaNBxZvhURAcMTWKW5rwFg
DA:185,1,9O9gyUeuXVUB6emUUcBegg
DA:186,1,qXVmwL+r1G9N48gchDzoeg
DA:187,1,qaJVrDcDwHHS4plHcP+MFA
DA:188,1,q7I5vBOM0E4XCu68ah2P6A
DA:191,1,LX23DqKN6jKK3Yh4s1vdWA
DA:192,1,m3kUWyn8Rt5AvsNKlw4fjA
DA:199,1,a9FAFi+FJsOGiK45L+PhTA
DA:220,1,6kvznu0eXfQ8PTgr0C8Klw
DA:221,1,m3kUWyn8Rt5AvsNKlw4fjA
DA:228,1,DnThdfrNESMUVq9KbVmcZw
DA:249,1,+UlaE37L7FrmSgwT4mZEKw
DA:250,1,m3kUWyn8Rt5AvsNKlw4fjA
DA:257,1,TwepWazBFTozxe8SFxUWTg
DA:282,1,IHy6TV3HHDE+daUh/cOW8g
DA:283,1,mEtgBhAj++5syMg+sm9FHg
DA:284,1,spdAIL/FfoDvct5niAxiog
DA:286,1,UiyIIKIg5VZuAgpeMtjfNw
DA:288,1,84Ynn5HBTnbIiHSH+fpbXw
DA:332,1,JLUTWOVAsDinc256mtAhvA
DA:334,1,CC0NjVdOTFbig09j2A8/sg
DA:336,1,6r6H8v5y4CnkCKrxY5OTnA
DA:340,1,NEqPjZW3nwGSAcXcLOZX/Q
DA:341,1,3ZDUugxxso4u9TAEgdF5dQ
DA:344,1,AAItWUbZOGH2Y0nmYfDM+w
DA:345,1,KNtLZ43xl6v3GX/l3hCqZQ
DA:350,1,6ZNZwDYvxEZTeajHDVJALg
DA:351,1,FJfDsiSOnhIP7VOPuPGCHg
DA:353,1,vZUjmmeOgTbrtzDlSOGFog
DA:354,1,m3kUWyn8Rt5AvsNKlw4fjA
DA:364,1,S35k5j9xuOChkhvSi8GrkQ
DA:394,1,T3yWnNaOG3A0OQ5r0XjCyA
DA:395,1,224wxcu0MfKvLB/dF48HKQ
DA:401,1,sMeTB8M5YdSmK/QU21Iy3A
DA:408,1,+DiC0lQrZvifXw/tUJURAA
DA:409,1,QDUQiCC4OCMvmeTd/4jklg
DA:410,1,RaWyjYm3B2smBA14bxX0KA
DA:411,1,dSJ6aztLsPVE45ymHQu+Hg
DA:418,1,uKAp61dHFKXMT1kaa3eeFw
DA:426,1,JB/zb1w+HT64JXA6+dNzPA
DA:427,1,dSJ6aztLsPVE45ymHQu+Hg
DA:431,1,FKXXRdYZJ/kSiRMMwnskUQ
DA:433,1,D8jTmhbaBCDu1qmFt5J3QA
DA:435,1,pSNuWhkFYYFyvAA1Qz9Tkw
DA:471,1,+a21ONEFiZLv45Vjr/5ejg
DA:474,1,74djtxPYNiD7QOzw2fswFg
DA:488,1,9UxFLxkKss6XwhWmLH4Mrg
DA:489,1,Z7ZlVIN+QM2xfdSXaxdUwA
DA:490,1,lH7ddHMNp1dVZfImMZ5wZw
DA:491,1,6lUibAAhkpGdHxoXH7N1Pg
DA:493,1,qgyPM0T0PjgsgvMkIAImWA
DA:494,1,9/wHjk0OSiV1KC3H01/grQ
DA:500,1,/+NGxT3CScgESJx6FToApA
DA:501,1,IHaC3F72+G2Zw5Qda7yuGg
DA:502,1,ua3XoqrlOChKEXZo5AJowA
DA:504,1,DvEiDC4FZ5eq5uKn7Bbhug
DA:506,1,/4pr9fbhcJX7yvb1cmcsaA
DA:532,1,gbF6+F2/r2FMv4676bYkqw
DA:533,1,XVdH1ZtmW7tzKhGqOkYN+A
DA:534,1,SYITVB2FXdICz2dPyl7f8g
DA:535,1,M5WjLUbnfllvUbKP+UZPNw
DA:540,1,vVHA1JnYp7AVf7U2yN1P/g
DA:541,1,MZGSN0oN2Tjd5jyOJTEoXA
DA:542,1,8/Za9yxE5PFk7HUpTVgZaQ
DA:545,1,jYMmnElzBJ4pp6sJKdMSkQ
DA:546,1,IXJUZkEgCtwnBxeCy0X58Q
DA:547,1,o8j9Ly5JF88CSGv48k9FdQ
DA:549,1,P2rkwQUlmyiYacA3SxwUcg
DA:551,1,CHNaK0bIM1Y2r63qdvK/bQ
DA:585,1,aPpf8MQbR/W+5mi3nofKsQ
DA:590,1,nf+I1DmnnU62ktle8v6bUw
DA:593,1,zjUSoKoy+NhM9ZV34635Xw
DA:594,1,3m55QV2hLYfCpxyHJoweCw
DA:597,1,WyPL5jTsIJuufGdkcCp6+w
DA:598,1,uSzRsE82qzh4aAyX1en8hQ
DA:599,1,q3zXOxx5sUXmztLbfajrlg
DA:601,1,m3kUWyn8Rt5AvsNKlw4fjA
DA:611,1,EMQ+a9KjQi4/JUw0tWdTzw
DA:661,1,7Bei05Kb6Ar7RxPqA0JxQQ
DA:665,1,aPpf8MQbR/W+5mi3nofKsQ
DA:670,1,bO1O8/N6WMLuitp2h7vbBg
DA:673,1,zjUSoKoy+NhM9ZV34635Xw
DA:674,1,JVjM2E71GIFuwGdtv0XyEA
DA:677,1,1kQH/xzeKHCcyPR2zuEPDg
DA:678,1,m4Kl/ole51KvU4Wk+kJFcg
DA:679,1,YD9N47J2jQAWgtzz1d0qGA
DA:680,1,pgfjw055PEufEkdSTAVK5w
DA:682,1,oqY01abRIBzpXnsU8kNBog
DA:690,1,b3i1Dp7K5nz3VeCKrM2TCQ
DA:700,1,DS1D8iNpU/1munV2yZajwg
DA:712,1,7gx+ZSzcHwOVrN9/rz6DRw
DA:726,1,ObKdmYrblPCdYDZPp5B3qw
DA:727,1,kq8dueEbKgeB1QZzZNhoVg
DA:731,1,wIsnfwuYA+IoRmycfojENA
DA:732,1,XXscLL6L4RUrQqu6sl+pvg
DA:733,1,zJd0Kaow3yusd5Gd742nGA
DA:737,1,GWJd5Mn9jONOzDDThkabqw
DA:744,1,iUQaq302mIR0cOVH/EAyAg
DA:751,1,lwgv4FYvXlWqnAD/+PVv4w
DA:764,1,CLPPkVKhj9Tkre0ZQpEEcA
DA:766,1,xJyrhQykgyQANUKuYjoqlw
DA:798,1,gqA0Jz2u4G8suPuSp/l+Ig
DA:802,1,xEyMPCF4L/rpTmmspZFHGQ
DA:803,1,zAFGwnV6T+YMD8qJjF2Rzw
DA:804,1,VE2cW6hP8SVUZkJ2AwL4YQ
DA:805,1,l06ITygypCUTbKZds362rw
DA:807,1,/sdWUCB9Qb5fMIHJfhrUUg
DA:809,1,NSCF3gxOY9kJ/dKTiYqsKw
DA:852,1,JLUTWOVAsDinc256mtAhvA
DA:854,1,Mq6ZRfVPODH+drfRJ93TiA
DA:857,1,I97ol8l/KC7THfQ9OcH+Sw
DA:858,1,SkQzY2iYCCMx4dGMFcJh7Q
DA:860,1,qoTv00wrZGb4YjjSuaY1hw
DA:861,1,Q7/xrWEYxZd+wXij0vfphQ
DA:863,1,VSi69nwA+4yR9xY6Vq08zg
DA:864,1,5wVNFdtheQ0jfQ/Cof/ZMQ
DA:867,1,1dOn6EaNiok3snpc1or+eQ
DA:868,1,0b2y1keEeUH5pS0nCowx5A
DA:870,1,iu8RzX+hYwyUYl/HR0O4fA
DA:871,1,ItsmXc/eqmCrN0zWLEG/jw
DA:873,1,YdH2lZuEQ/+MMa7xDKbS/w
DA:875,1,kc/plveIKyIJT5zLj7jK1Q
DA:922,1,6r6H8v5y4CnkCKrxY5OTnA
DA:924,1,yAU5FjriuU6KJ7YAdKqQcg
DA:926,1,Mq6ZRfVPODH+drfRJ93TiA
DA:928,1,3mP4hNbN7v3KEMmzVSYmLA
DA:929,1,Kh6pLwmmMr49o9RWHQCVuA
DA:932,1,eZuwkPHPCR3Qxl9O2ExjUA
DA:935,1,is8XCLvlaxDnx7a5NrI4CQ
DA:936,1,3mP4hNbN7v3KEMmzVSYmLA
DA:937,1,8rXPqRqoHZvg1pYS/SCOig
DA:938,1,YDRXR80/ml4moOis1CMUmg
DA:940,1,Lb/XCXdlYEH2zXgEAj3x5w
DA:941,1,EOmzeVsjOymb4SFyhqupzQ
DA:942,1,SkQzY2iYCCMx4dGMFcJh7Q
DA:944,1,y6cfS8ThwPWRuv0M+Z+n/A
DA:945,1,vxLQ6ef234WozxIJL3wrlg
DA:949,1,aYEiPCXVA/UQ5/5SxkjMFw
DA:950,1,DAFWHDXrY2Wt7NXwCN+KQA
DA:954,1,m3kUWyn8Rt5AvsNKlw4fjA
DA:965,1,JUiMltPiVS2Uve6UhSynuw
DA:1019,1,WAP3WuYiuSjUB1mX1BnESQ
DA:1021,1,xW8/XAFi4ObqIoV3u0zejA
DA:1024,1,on2tSgue5Y0tYyPyCy7XXA
DA:1029,1,RaAme4jcORL05QIgpj8QtQ
DA:1033,1,g6ZEO3vNDT3EopbNiE1RLQ
DA:1034,1,qU/816uxten28U/ZZmY7YA
DA:1037,1,QjDBh9YXjNEtfTwlqp6ffA
DA:1039,1,cZwwVDxl8Fh/O5Qp9hoDuw
DA:1040,1,EYL0L/AD/+deEHMtHVRfag
DA:1042,1,7jQXfNen228ynHdVULsnsw
DA:1043,1,3r4VNEXeJQdJaQ9LSFlalA
DA:1044,1,/EkhVWuvNwty6uCMlBuLug
DA:1047,1,JtbF9wof9M6xky5Qddq3OQ
DA:1048,1,mOMLpEON2O11HkVPwLywOQ
DA:1051,1,rd5bXiHJHumo35Feo8DTaQ
DA:1052,1,FHQHlDyD/s32ZWl5adOwxg
DA:1054,1,OaU4EWg9Ixjd6uKOrwXsJg
DA:1057,1,spI27AIctC8W2s8BSPJ1vA
DA:1058,1,0qmNct7C6jqMWIxxAipscg
DA:1059,1,Xo8F8AFdcMRezGykRoAmbg
DA:1063,1,SEWgHc93Eah0zRPozmTD0A
DA:1065,1,2rPuCbFStS6xCOLCE4QoQQ
DA:1067,1,nVNYLV7E2nDAsnV0qwA5qA
DA:1068,1,YdcQaIj2M8ZMvsPLoPhtmQ
DA:1074,1,7hR6yWNeYuJUUJNOQQWEaQ
DA:1075,1,irYlJbSNGEYxuKURjow+fw
DA:1077,1,3CHAOx/6MjEtCfKJ0Oq6hw
DA:1090,1,p4A/vqbhEkaNZzckpp/i1w
DA:1099,1,Kd4FUxWNDtH3ticaUiiBVQ
DA:1109,1,rKUTZRusb5BT22yhSzDp7A
DA:1111,1,e26vthglcqW1AVUNtxQfvg
DA:1134,1,4w0r/Dz52oYcUbw8rIgoMw
DA:1136,1,W7CA56kbvW3rWTGYf4Cb4w
DA:1138,1,iMHEnFxFpEwG4EJrt15/zA
DA:1141,1,kGTrSW1n3nFJEqxt5sUI8g
DA:1143,1,07n77EsgMTj0upzyC9U95A
DA:1144,1,p1Dt51xREdkKQf/DgXmaeA
DA:1146,1,hgTg3oaSq+LHSvMZvS/fcw
DA:1147,1,FFcW7MT1h+809u1BtLXdKA
DA:1152,1,m3kUWyn8Rt5AvsNKlw4fjA
DA:26,0,ixDNY5dDO1mC3mAibrjTZg
DA:77,0,bGX1kmCY0yoqRkBpHGeeow
DA:84,0,PDqoagMuT1dZjdZcCfpqNw
DA:153,0,E7/DUubKxiSwFrXIjw3CMg
DA:154,0,xgGiWI35R5FNcs4YU4Oyrg
DA:158,0,X6kqX9ZgSSyWDGPy/VaGnA
DA:159,0,wzv5/mQufpXWXCCF5w1a6g
DA:160,0,COvqGIgjncDTKZRSG/DxoA
DA:189,0,5cChbaK2wrPqzWXEyDVNUQ
DA:333,0,/AhP9gYPR5oea3IE7hnvQQ
DA:335,0,64ta+D+gEa6nRpcP7mRB2g
DA:337,0,iF0tH/UVC+pWRaTl33C53A
DA:347,0,TKoHUTJ+ceqQDRNLTgBjKQ
DA:396,0,NDuOpIWEspUYngLpznK8tw
DA:419,0,dSJ6aztLsPVE45ymHQu+Hg
DA:423,0,Ps1OgR7j9opDIRCgtgxDUQ
DA:472,0,TOXBAKInrbUtW7HuXbt5nQ
DA:475,0,ahT1EKOBWmWKta3HQnUtGw
DA:476,0,cSXoToPqwgLnNjINyi71og
DA:477,0,6lUibAAhkpGdHxoXH7N1Pg
DA:479,0,OJEloP6/SYKzTnje11LUvQ
DA:480,0,qgyPM0T0PjgsgvMkIAImWA
DA:481,0,hSKoB4M6gcLBd2Ftdc0kXw
DA:483,0,r26vR8ncrpu9AXsdh4v7FQ
DA:492,0,Bzv8wy5uifoNlgfBisYkRg
DA:496,0,r26vR8ncrpu9AXsdh4v7FQ
DA:662,0,/Uq7x701DdiH3vb7LJXSRw
DA:853,0,/AhP9gYPR5oea3IE7hnvQQ
DA:855,0,1dtACd1fuC01voQrzYufsA
DA:923,0,iF0tH/UVC+pWRaTl33C53A
DA:925,0,MJ+ovbmZz3u0+66kIHnO5w
DA:927,0,1dtACd1fuC01voQrzYufsA
DA:930,0,CaV4hmu/ztCmR/Q3MyVB2g
DA:947,0,lseJX1YMwjXmzo+tsm8LgQ
DA:1020,0,G9YpujKL355V1aQT872gWw
DA:1022,0,MHzhl/+1YTnKh6p/vcKB+w
DA:1025,0,NDuOpIWEspUYngLpznK8tw
DA:1030,0,io6/vg/qXpHC2c/fHMDNUQ
DA:1031,0,77M2t+dWn2qxWGmyI1E2zA
DA:1072,0,cpVD+tGhhbJPDFEDoDq29g
DA:1135,0,wntva7GV0FT282S7YCgRxw
DA:1137,0,c6BYLH0FXWx2gcPUibRTsA
DA:1139,0,vKRFntINL3RFXf9XiYb8Zw
DA:1142,0,lsNGoRJf0iG936uZN7H0qQ
LF:244
LH:200
end_of_record
TN:
SF:mhkit\dolfyn\adv\__init__.py
DA:1,1,6y1dM/7yL6sN82+Pnk7ufQ
LF:1
LH:1
end_of_record
TN:
SF:mhkit\dolfyn\adv\api.py
DA:1,1,E8U6sZy7COQ59MzJnHikxw
DA:2,1,TxkKAHpzaCvj+OZllaQgsg
DA:3,1,gQ3SknRyztEa4mn97G+FNg
DA:4,1,3R084KyxIG1fL7VHzkVEMQ
DA:5,1,mujDWEf8KWMGRjNJ+MSC3Q
DA:6,1,owHggAMzApjaDo0nIr+KYw
LF:6
LH:6
end_of_record
TN:
SF:mhkit\dolfyn\adv\clean.py
DA:1,1,iVUBo6Mlh+07eh9H8UV3cQ
DA:4,1,IWWjrCeOtk8NNtrE95++2g
DA:5,1,uqQzsyLE2snBclOsmsd0qA
DA:6,1,mujDWEf8KWMGRjNJ+MSC3Q
DA:7,1,2HG9haCV+omjlREreclYTA
DA:9,1,kQ32CJvFjWp9S8JvwVu4lg
DA:11,1,Kgm+BOE8OjBJqnvp7xrD3w
DA:12,1,82LfK34qE1MrZeWwU4zr9g
DA:15,1,2QAebMp8tGV5bPxG1HW0wA
DA:45,1,mnJxoPXI1uuaCPdnYbMIPg
DA:48,1,/XuW8v9m3tsRRAokPwuA+Q
DA:49,1,iBFuxoiQOC815clNNDAP1g
DA:50,1,WarJHlGymNEFwV4oOBYa/g
DA:54,1,aYY/RuDcIKguMaV1WSlO8Q
DA:57,1,9e3S3ak67hwZWrI7LxGa7A
DA:79,1,LnXBvoxhWHPNmUWD4M0KKQ
DA:80,1,8en9eSB7T6N8YvPLc/Efcw
DA:81,1,3Spc+bNIQ5H2qnA8yAQzVw
DA:82,1,VurDMKtIOSWjT+ME54KIRA
DA:84,1,YEEp0G+GCf7ZiExD3RocRw
DA:86,1,qKQi7dO2OFGT2hIGfjJInQ
DA:87,1,aE4kN0ZdKgK5+SI11yxexw
DA:89,1,oppq7xEPEDN6WI39pbIMNw
DA:91,1,RDaVHO5CLEkaqJN7/S+X9Q
DA:93,1,PqYKXfJR3W3XKLbYlj6rXw
DA:94,1,oQH92xNfbzbzdK5ZYF233A
DA:98,1,Lp0ZnAmtSOlw3tkhTEmIvQ
DA:100,1,WG7fsYo5CDzaN80SZFCkhg
DA:103,1,KLMpdunLqSPJ0yRoZqUr8Q
DA:104,1,oQH92xNfbzbzdK5ZYF233A
DA:106,1,/opiBriicPj2nz9MuXm3+g
DA:108,1,/JVXVjOBzqke64uvpB/n1Q
DA:109,1,97dPhHcUbyTEbdUXBKnyOQ
DA:113,1,ktfQKAAEC3uAYtBp/HjZ5A
DA:114,1,WG7fsYo5CDzaN80SZFCkhg
DA:115,1,mZ4m/3edtYw5wVPje8cU6Q
DA:118,1,192yYE3OptSJnzL0RiXNGw
DA:144,1,jrsj+dGsx3RYJrS6/2oSkA
DA:145,1,sir6usDCuYvznAti/R6jUQ
DA:147,1,f1WYmb3NEkeHoBCRmNLIOA
DA:148,1,bqKEUVpdKhw1OOJDyJSnYA
DA:150,1,xX2yEfaMwly6Wf+spQkZLg
DA:152,1,fs3Dui65mn82pInEJP16nA
DA:153,1,1DvKwvFtSkEZ8rjiEKHNLw
DA:154,1,dHXpnJGCOCz4YD36K4O8nQ
DA:158,1,17vLAhCRZWZjL6OLmvHNtw
DA:160,1,vbaYhhq1ITrgrhYSNB48RQ
DA:161,1,RxLRlWnUxMTr+wUcIGoWxg
DA:162,1,TVjPTJLZDsH3dz3gfsU4rA
DA:163,1,XQshMtpMUl8ZmIAJ+/FDEA
DA:164,1,7KfysAF3y5AzIsN1sh8XXg
DA:165,1,9tD4t8sfpI5KyMN5O9TkxQ
DA:166,1,14EV+AHSe6Ujj6z7+UjXKQ
DA:167,1,w/xDD2NdgSEZo+PtpFR2mw
DA:168,1,ULxdd+XJt4IbZk+KR3iKvQ
DA:172,1,Fvjquop2zk5IfSaxNdeKaA
DA:173,1,DuTWdbT32xqVIC3b56AxSA
DA:174,1,OQD7vD14IA44VDBEzTdCkQ
DA:175,1,bol5h4N9dIsJOe7cSkGYHg
DA:179,1,BhqQt2b80IzGRe4fZi95tw
DA:180,1,7EYLlf0klKDJ3Ca9Pj5e7g
DA:182,1,7AONd9EXNlkvfihI8kV+2Q
DA:183,1,r7wf4gO2pQhcVh8hmWoQCQ
DA:187,1,aYY/RuDcIKguMaV1WSlO8Q
DA:190,1,U9vNWADU4lU1gvd7LPxSJg
DA:208,1,hNuQLZ/TUO0tMb+MMo3lpQ
DA:209,1,ZHAq/5DTVOBi6K+4lDD7Qw
DA:211,1,f1AivDeF+IAGbYifttwfGg
DA:214,1,nAfTjEoEdyE+naimR7nU7g
DA:232,1,3EcHUHB/Sjku6VHTIa4uJw
DA:235,1,FunBFSrdZsKUpuwawfDmLg
DA:237,1,eTsRSC44g1+tZqJsTjx9CQ
DA:245,1,Zsso/hx4e2e8uSC5CrqjBA
DA:246,1,tba5Lu6R1Olz/CrEoUFQwA
DA:247,1,fo2bRIKNhxVom7sO4ikZ9A
DA:248,1,3R53PqvZbTHMx0JrS3uvZw
DA:249,1,HD1anykZpz7qFUecgVpy2Q
DA:250,1,/Ze4wJkKhRHMAQtEezwyKA
DA:251,1,kN/OqdnftKPpXjhPweLLug
DA:252,1,D9SsLmqV3NXMfvw2qLsIEA
DA:254,1,7k2k4LudpPiYQgVUdRnR3w
DA:256,1,HTLkOCfBgtTTtjmz7I8OAQ
DA:257,1,rzYl7tFqryiSkI302214CQ
DA:258,1,ZQ5anuq81cFj7H3Lg+uEJg
DA:259,1,wBVcIPd9+CsLESflbA4dSQ
DA:260,1,5k/R/4Wb8WgwWH/dQcJq0g
DA:261,1,f95s7kmZ7kF3Qhp4lynKug
DA:262,1,Uhr/97pGqZTwNoT+YF2N5w
DA:263,1,Q4WOHqqJjZdYv/AxodmZTA
DA:264,1,TOqNryUjrsUXYuoXY3F7aw
DA:265,1,g1MhcUdBhvVpu5f2C234sg
DA:268,1,92+1i6hvybOcjwCQn/0tbw
DA:269,1,geftG0/abt/+PJ9IZrd5WA
DA:270,1,zNyP1fyqKJkYWBdPVggh/A
DA:271,1,QCgMJjVzraB4bi49Akd8uA
DA:272,1,sgkpXzb0929BDJ7wdVeXzg
DA:277,1,XdrsKBnp3s4/8Ak13FgQvw
DA:278,1,vBkDO6DLkahoiuTfS/k91g
DA:281,1,rV/KmeGPZRQNpkfBFqh3qw
DA:299,1,E3ONWGcLeyl36A8zvSX8YQ
DA:300,1,4KOWEzlzSei0J2DWhf1YAQ
DA:302,1,wB917ggvjE1yzOS6TR5vdQ
DA:303,1,WnS7CxJGoouavGDv2mXQMA
DA:304,1,w7YGqFbWn2sA9INf3o3Zlg
DA:305,1,pOPMxoiMACwAfOCiKlHhpQ
DA:306,1,FA9Q+OclGm0wv5OUCF+WfA
DA:308,1,XLPcFcBxptvi0oz+NnX1Tg
DA:312,1,8Fm/D5AsdfElTn7WP88nzQ
DA:313,1,jRumsAdSOj3nKa6+miapFg
DA:335,1,p+j/zDWp/VxI4Pup6y3pdQ
DA:336,1,NVvuL7VOYUTrsM05Lpy20Q
DA:337,1,WCDysYub9i0GyvO1xQG+FA
DA:338,1,C1CVwoDtQKu2Ka2JsnYxJQ
DA:339,1,HiVeWM/YHPTSc4MELCXh6w
DA:340,1,ZaMXQ/o+Yj+hCLQM82UW6Q
DA:341,1,acFkV7fik233bNIMRDJc5Q
DA:344,1,Uwst7G4LlaS8Su1EyX9Shw
DA:345,1,TXsRxB8MtjlRgs5SJXXZ7Q
DA:346,1,4CraMRW2KJlQvHkNyY/VQQ
DA:348,1,4QZGs6rVJNgvO5q1Q6iQnw
DA:349,1,7a6iEiO6Zzu8yfez5LxOyQ
DA:350,1,miRZPKMGHuwBL/iJEYVjow
DA:351,1,f1AivDeF+IAGbYifttwfGg
DA:52,0,IxJH+7aRPp0YEZVul8Fn8g
DA:185,0,DAgVGsWmzofDPNKbYW+oXQ
DA:315,0,mWcRSPc3T3f9jRxvTYzSAQ
DA:316,0,YPyZVwIxz5aUyugzngdtTg
DA:319,0,wEkn5wFEHwsn8f5UZPOYDw
DA:320,0,lEvIJgbYpwybg+2SJw7HYw
DA:321,0,YAPa8EDug+V4SQ7prfHKGQ
DA:322,0,VFVBN2CglaCY28xBl4h8uw
DA:323,0,6UjaCFCqWysvn1y/NfIJDA
DA:324,0,HghjOhZ22FLlOuzlU/Qeaw
DA:326,0,epZbQ3CNzczwUARLWaFRcg
DA:327,0,9rLMyiq/O03kX+NsKu7XTw
DA:329,0,0VSGslHEGu3WQNK+jOL7TA
DA:330,0,HmJjBQPbmAeafnq3jTQjZg
DA:332,0,Nhqi8QXP51kLZiY60ZPmCQ
DA:333,0,FA9Q+OclGm0wv5OUCF+WfA
DA:347,0,VyJzchZOf1us1b9YWOiIAg
LF:139
LH:122
end_of_record
TN:
SF:mhkit\dolfyn\adv\motion.py
DA:1,1,IWWjrCeOtk8NNtrE95++2g
DA:2,1,E+f6edsnTIVfiiXS906VsA
DA:3,1,uqQzsyLE2snBclOsmsd0qA
DA:4,1,YOfyeuU0WfwxwQmVC5eS8A
DA:5,1,X5/jdA53IpR0fV6MFQm8pA
DA:7,1,PP4nPRpfc5SiPcSJup3hQw
DA:8,1,LC0DxQuvbCoSYM/OprVbDw
DA:11,1,Uxp4FQiXPJeGa1xR2uPatw
DA:12,1,PdeqDqr4bOft68ON3+/7kg
DA:15,1,NVUzKz6MEF8t83vJ/mg1rQ
DA:16,1,PdeqDqr4bOft68ON3+/7kg
DA:19,1,MOcoPlcu2zVlCzKVE7wNhA
DA:20,1,PdeqDqr4bOft68ON3+/7kg
DA:23,1,GJ4DK6Wt9DFqMM+ObKRTfQ
DA:24,1,vNTilXBGFFOVp8paLnr1Dw
DA:26,1,j6kFEmiyL8/zshhPwq4oLw
DA:31,1,8YB7YdnwM2YFRfPM4mA1lA
DA:32,1,/ZvqiDY7XVzMiSFdpC6ZCg
DA:48,1,hqXKz77H/8n1F0uu+q4WhQ
DA:50,1,urygkfL/10aRzzcLjUjy6g
DA:51,1,7xuuno5a12ggcl0n5TQEng
DA:52,1,4C/ngdbciP6A/WDx+R4N8g
DA:53,1,ElmxEqu8BHjPL4h8seO7JQ
DA:55,1,dMf87tXOsrlNqgbakKd3vw
DA:56,1,JKf1wI3BjZyn6IwUsiLgSg
DA:57,1,V4iUinkSu+0tlMeTMuN8SA
DA:59,1,q5xGZgGHjxuKuN8oqmlNaA
DA:60,1,a66BCOgY+DgJULdqTbFuew
DA:61,1,Bcs4BW8kLb9J87uVNlTmFQ
DA:62,1,1Xj331/zM9C1W33RqBtoDg
DA:63,1,c7ndH1RNO5wHXT/IXLDVOA
DA:66,1,1Xj331/zM9C1W33RqBtoDg
DA:67,1,0CmwpatQnmkKJI/rj7ubKw
DA:75,1,5sEXX2QuhxVrMJlL+glCRw
DA:76,1,6ntJCoTz1B+AFqQG7cAsGQ
DA:77,1,5sEXX2QuhxVrMJlL+glCRw
DA:78,1,UTFtM8PXJHddRO71ldzSYQ
DA:79,1,QggUzREly6KMs1LuAM1Uqg
DA:80,1,pGfaqS8tl3sbzfM2Qup6ew
DA:82,1,uKLCuhSB2owzb7vFPrLZag
DA:85,1,UMv4WkjpPNqTlA0Tyk6kaw
DA:86,1,31G+yEtS+1mq1gbg3CSz7g
DA:87,1,SbSjFLYYvgnrYBAZsEKLJg
DA:102,1,hcdcZrLV8oVKPwb4LkMgGQ
DA:110,1,e+n2cL+1hjy8iWzVtEobkA
DA:111,1,v0U+v+9nmzG11ebZTkeYIg
DA:112,1,MnzpXe1veqpfA7nIMRo0OA
DA:115,1,p/c7ZJjtGQU6qRzyML6kyw
DA:116,1,dYVWrcX1DxFzwGtmmFzaJw
DA:120,1,V7NKPE9i90qyU4L5HLq3HQ
DA:121,1,+gATaTHEj3kzRq3nBsiHDw
DA:124,1,2iHUBt2KdLavGZv4zDTg7w
DA:128,1,GKBh356fpslC/UxuvHCHTg
DA:130,1,OLCiCwNUFBAko7Kunhjaug
DA:132,1,ngLKmAsxaDUZ2lAlqGxN7g
DA:133,1,P1vhK3wn2V+TlbNxYYHNqQ
DA:135,1,ApneUhDt/Nb++1Pp4fJH7w
DA:139,1,IuaqA6Kdq87PhIlg0ZoWRg
DA:141,1,de7xkNeJ1qKx7SO4guZM8Q
DA:142,1,dSJ6aztLsPVE45ymHQu+Hg
DA:147,1,6w0Rw3z8WIdycBFjWJlYwQ
DA:149,1,MiwUnWumCJFCe3uNNBTVaQ
DA:150,1,0lA/psYDjkZJ0ZrdgysgOg
DA:153,1,+LszJbqKRMdVgT3stPfWJw
DA:154,1,CM3OHvr9ATHJE8BsNV2TBg
DA:155,1,4BhBeTpSa/kPybNalO2dfg
DA:158,1,MnZRjUUykh5pZPxQ2QVfaw
DA:165,1,td1Ais0dgGFyoE05gibz5Q
DA:178,1,kuV45Lcc7qKj9XB6UlApzw
DA:181,1,IuaqA6Kdq87PhIlg0ZoWRg
DA:185,1,FBI4+s0wYJ4IeXTJ5WfW5w
DA:188,1,+ql+Cman7coutqtSjQHd9g
DA:196,1,j9NDUyz47fzlVbugXf+MeA
DA:197,1,i6sg9viYhMcJKhdC/utTSg
DA:200,1,gAmIp2pOweDJHOu+0nT1Mg
DA:201,1,VO/JZnnIPkcVVITQHBCkDQ
DA:202,1,cMczpDNmJ16rnOofcpgdvA
DA:205,1,nJo4+bsGIBn+7/njOF4Jrg
DA:213,1,de7xkNeJ1qKx7SO4guZM8Q
DA:215,1,kpRoGusGe3F5tcd0ANXeag
DA:216,1,VPwldn4vyZX/okx4YMg0hQ
DA:217,1,ju5vI/AP3tv0aPATdB6RtQ
DA:218,1,VO/JZnnIPkcVVITQHBCkDQ
DA:219,1,71AnWddauPgiOqDNhAVCAg
DA:220,1,//yFp/1uReRXrVb4+wmcSQ
DA:221,1,7sS24brCQWYU7eCmCDxtdg
DA:224,1,T8AtwAbRznMxX606XhBjvw
DA:225,1,TrNoGZ1XK2kFV1lrmIoJ4g
DA:226,1,WzZga0iMec3WRnmcKeyrag
DA:229,1,TcOc4pTFsMqafWhjAuac1g
DA:231,1,D7EDd0kUkpp+38WzYUkK4w
DA:249,1,/Tt+ff3dVSNmYS1buEO2YA
DA:252,1,8rX2bKUwnnPBxA++UYSJkg
DA:253,1,D9gSrKmlNV1JexrU0XeRkw
DA:254,1,dVyKu1rd5F6xnpKQGwpZDw
DA:255,1,XXxRBpGQ/khSqeRE/+aQnQ
DA:263,1,vhxtIu/ur65ic4MesdZ2RA
DA:269,1,aCtfQ5miVn2LEnqBSvxn7Q
DA:277,1,sYWLzDbb6lQGCuJI0yKF1g
DA:280,1,fu7xeopCZ4DuWgs6+7C3pQ
DA:281,1,f8N6rY3KtSKfvgOyRb0YPA
DA:283,1,zEgST0SValnZsy9FglEVSw
DA:286,1,Fad+rSs48quMRtYSyeCQjQ
DA:307,1,MdwqFtb0ov74V0WkBXJ0Ug
DA:308,1,3GyVGxGva7p1YEABRy2MCg
DA:309,1,JyYU/bKYl14RRnYrGE4eUA
DA:317,1,RfFzmcOzbEfmjTgxPRViJw
DA:318,1,HLuzcDhI7sTuDV+bq5LoLw
DA:320,1,5+lR6lUw2m96ozfV/Vg1uA
DA:322,1,ESCtuPDQShYIAw67xYjBIw
DA:323,1,Kifp9+fUlytHiLtgHYXtuw
DA:333,1,g53TSMrvOPd8yWgHXkYxyw
DA:336,1,wWehK95ib49dkG/ihNj8dw
DA:430,1,Qz54xAmfLIk1Qy5aAvZrSw
DA:433,1,diQlZRg5nKVuBMHG+t0Gwg
DA:435,1,GRw41WJqj3IuwcWjln/szg
DA:438,1,GVOXKpj03hBhMUOgVbefmw
DA:443,1,mQ3tKnJ7H8gkqItDO070lA
DA:446,1,SxViPd0OzUvJptjAWdYzsg
DA:447,1,XxAUwTkYunLrrl6HTh9pDw
DA:451,1,seF5NMp/eAZktN0K7s5P7Q
DA:454,1,kei1OFfBZuQ1ln3KeKB/ew
DA:460,1,yeUjfvB7UBRh/2ZlU+Bh8A
DA:466,1,vpjwLHqalbL17HGovQFHDw
DA:474,1,nCR3tBaCb3oDJ3e9igDqDQ
DA:476,1,Gy12HvVz6nkydxy5UIuz1Q
DA:477,1,BEbt5TqtULm5a1eIQKmB5A
DA:479,1,iPlzL5u6szKwJCJgxBmi3A
DA:481,1,DXjxHrucMVuv4TN1oolW4g
DA:484,1,ApnixjkbC3MitYVZ8ToCKQ
DA:488,1,vAjgleDkyiDBWF2yaRfhEw
DA:494,1,irAbVHxAtTkG9xPm/31ugQ
DA:495,1,i7v5SfFTKueO+Y+69oHZRA
DA:505,1,Jt0dOdJIHe7uagM84r/amw
DA:516,1,0IqYFkWggSLX3G98dmdJuQ
DA:520,1,J39BqgN9wtsQahaKd4btDw
DA:521,1,/m3484lNFrXYIPat/7+cbw
DA:523,1,iYdoDmxdKhlGn4iLgaBPeA
DA:524,1,cuHWO5j5aKE5cj+psmDRJg
DA:525,1,F+8XONnXbwazUgctsX7Z9w
DA:530,1,jC/l/D+JQEwvXYK8QgK98A
DA:534,1,DLc1kkenoY5DbhjU8yZfMA
DA:537,1,+f3dkSrB9ZepSuGoXwFMoA
DA:547,1,oPzQvdyfHPtO2D8Y6nrAHA
DA:548,1,bgXLxIZekJaasVxfnJY6wg
DA:550,1,4np63FshiNUJeH0L9aSXAg
DA:551,1,AYuIi3UqafUMnR6eGE/atg
DA:553,1,jC3rMBokooz2XGShjt44jg
DA:28,0,aFjy+avSvJCZMOvBgZcZYA
DA:69,0,PE0ypNdU6VwmCSCBw48ajw
DA:70,0,UE0xNLAYEkmDnhY1I8FEKA
DA:90,0,JlaywRFZetRaY8UPrc7ITA
DA:91,0,E35ZXqk3ZfOxJG2N54Gifw
DA:93,0,NDuOpIWEspUYngLpznK8tw
DA:125,0,VS0erbE7a9CY6wrM3Q4JyQ
DA:151,0,FNPJIJ3GAM0/NTn0mEQU9g
DA:159,0,icYSRctU6Rc68v8xDc9GzA
DA:163,0,ViHqKxrfdl2DcpD7MyhtDg
DA:206,0,icYSRctU6Rc68v8xDc9GzA
DA:211,0,eq49yZ0zCsb+iRQPxr0Bww
DA:250,0,Wviux7U+7yg3VJXoPFZNgQ
DA:278,0,EDH+Nwo+X+mFvxGJU1aj+w
DA:434,0,RE3Xai7QlbDuWK9jOCCbNQ
DA:436,0,o8WxL2W34cB/Qz3ciCTGhQ
DA:439,0,ORjKApMDBy2T5CzRYQpfqA
DA:444,0,hnuEUQUyVfO+K6SWIPQwsw
DA:506,0,6yvQrfCT27GUU9OuR3BHig
LF:166
LH:147
end_of_record
TN:
SF:mhkit\dolfyn\adv\turbulence.py
DA:1,1,IWWjrCeOtk8NNtrE95++2g
DA:2,1,mujDWEf8KWMGRjNJ+MSC3Q
DA:3,1,uqQzsyLE2snBclOsmsd0qA
DA:4,1,rd3OulRQUcYu3wENR88RMQ
DA:5,1,w13xgjWWeX3dJ6dpB7xzLw
DA:6,1,E+f6edsnTIVfiiXS906VsA
DA:9,1,R0SDBXN+20ejYYiDRF7ASQ
DA:10,1,/ZvqiDY7XVzMiSFdpC6ZCg
DA:33,1,NLNGgcycSz0NSnGO3RAiRg
DA:34,1,Fp4qb1tQ3CLPpT6Cvrj1Pw
DA:35,1,iQ0TLLjUhlEKSmtFfuUJEA
DA:37,1,MhctnIangjTtqOpBvNGp3A
DA:38,1,+ssANjNQZRQLZOKjYbhS4Q
DA:39,1,M+tcSvV2t+pXAptGkmtS5g
DA:41,1,qqdMDVr1DiX9LqcSBHrWXw
DA:44,1,8t8ZOFBZIc3t1y4PYYctDg
DA:45,1,efHPWUYAYj+Lj1E3fM9jcg
DA:47,1,4a+Q5TLs9F9t8ptua5/otQ
DA:48,1,xf6D/lJa8UEw7pmTiWNBvQ
DA:49,1,+z0ENLtKqS44Q5pxlm7f/w
DA:50,1,S537kg3E0rHIKDfdyPp5tQ
DA:52,1,PlvzdtsgA8oJTzl8JtlVEA
DA:54,1,yCEUTNllekOcbyD7Db596Q
DA:76,1,+LVWwIBsh0n2w32Ok0gPTQ
DA:79,1,6MWfH1krFKkNvN20b2krgA
DA:80,1,IUE7kyn5sdY2nLmUbTnHWw
DA:82,1,9+uH2x8fqsMt1YPX8XUpgQ
DA:84,1,nuDs8IxYERgt/HcqzZEEuw
DA:85,1,3tlTX2+15pzeT9Ir6M8o4g
DA:87,1,aRzWYF6qI8pdhico9PzIhw
DA:89,1,ByG2ehkbSOmbVDHxpBbqaQ
DA:90,1,CHLgkdpXpdkkZYQwqzjJDw
DA:94,1,YmbeMd/DuwQUJZWFkH5ZsA
DA:99,1,7AsN0iBozx5aUxPtTKMbzQ
DA:100,1,OUEY4TFC0GGeB7n8IAA1Ow
DA:102,1,nljbEhQILs/u/YTyUghz2g
DA:104,1,JBzd1ufWsr86WIBlr5ekGw
DA:140,1,+LVWwIBsh0n2w32Ok0gPTQ
DA:142,1,K5DIq3OsOyRwTVCodv1aTg
DA:145,1,HqNt9ozwcydu27DXkx4yeA
DA:146,1,ltsYWhr/V6SdjY9k5Ru3Pw
DA:147,1,6MWfH1krFKkNvN20b2krgA
DA:148,1,OM08ePbyzTgk8d1LErQqig
DA:149,1,IlklA2HdfqE+sHvIqkcrzw
DA:155,1,mX3eyK7OYnYzSyV6FF1v9g
DA:161,1,8bX8xB6vOECEZxF7ax3Xpg
DA:162,1,YDd2bHNyerBDFo+sVUswRQ
DA:163,1,M07cnG1O5DZgsNPTMoP6Qg
DA:164,1,OBUf2dvFA9Zm6d/Tu4DxVw
DA:169,1,OctQlp/ERIPU8BsVpbq8pQ
DA:180,1,ZjuTYBskVcrwN5oyUNTArQ
DA:181,1,CqG4b9yYqi/+OvO+7Sb4LQ
DA:190,1,QQChfOmwxvDtXBVG67Vg8g
DA:200,1,rF+Cx31tY/AC4XbdrZRybQ
DA:202,1,KdM6szYlo0F94n/n2Ho36g
DA:204,1,84Ynn5HBTnbIiHSH+fpbXw
DA:247,1,JLUTWOVAsDinc256mtAhvA
DA:249,1,CC0NjVdOTFbig09j2A8/sg
DA:253,1,NEqPjZW3nwGSAcXcLOZX/Q
DA:254,1,3ZDUugxxso4u9TAEgdF5dQ
DA:257,1,AAItWUbZOGH2Y0nmYfDM+w
DA:260,1,TKoHUTJ+ceqQDRNLTgBjKQ
DA:263,1,6ZNZwDYvxEZTeajHDVJALg
DA:264,1,FJfDsiSOnhIP7VOPuPGCHg
DA:266,1,m3kUWyn8Rt5AvsNKlw4fjA
DA:276,1,OtcOFZmCDUS2YuFPjjGKvA
DA:319,1,JLUTWOVAsDinc256mtAhvA
DA:321,1,Mq6ZRfVPODH+drfRJ93TiA
DA:324,1,I97ol8l/KC7THfQ9OcH+Sw
DA:325,1,SkQzY2iYCCMx4dGMFcJh7Q
DA:327,1,qoTv00wrZGb4YjjSuaY1hw
DA:328,1,Q7/xrWEYxZd+wXij0vfphQ
DA:330,1,VSi69nwA+4yR9xY6Vq08zg
DA:331,1,5wVNFdtheQ0jfQ/Cof/ZMQ
DA:334,1,1dOn6EaNiok3snpc1or+eQ
DA:335,1,0b2y1keEeUH5pS0nCowx5A
DA:337,1,iu8RzX+hYwyUYl/HR0O4fA
DA:338,1,ItsmXc/eqmCrN0zWLEG/jw
DA:340,1,YdH2lZuEQ/+MMa7xDKbS/w
DA:342,1,bG6jv5IzkPApJ/FPr7P1TQ
DA:390,1,JLUTWOVAsDinc256mtAhvA
DA:392,1,yAU5FjriuU6KJ7YAdKqQcg
DA:394,1,9h/yVIw51Xe+jysAp5snOA
DA:396,1,Mq6ZRfVPODH+drfRJ93TiA
DA:399,1,3mP4hNbN7v3KEMmzVSYmLA
DA:400,1,sNlo8pwbMAhcj+6vDygbeA
DA:403,1,Y2RyhStn8ocZXjsdMTO9SA
DA:406,1,is8XCLvlaxDnx7a5NrI4CQ
DA:407,1,3mP4hNbN7v3KEMmzVSYmLA
DA:408,1,8rXPqRqoHZvg1pYS/SCOig
DA:409,1,YDRXR80/ml4moOis1CMUmg
DA:411,1,Lb/XCXdlYEH2zXgEAj3x5w
DA:412,1,EOmzeVsjOymb4SFyhqupzQ
DA:413,1,SkQzY2iYCCMx4dGMFcJh7Q
DA:415,1,y6cfS8ThwPWRuv0M+Z+n/A
DA:418,1,lseJX1YMwjXmzo+tsm8LgQ
DA:420,1,aYEiPCXVA/UQ5/5SxkjMFw
DA:421,1,boeZLYwgeXzDSwT2yctTRQ
DA:425,1,m3kUWyn8Rt5AvsNKlw4fjA
DA:436,1,hanNbyaCyX0ZtwL5B5sXoA
DA:460,1,WAP3WuYiuSjUB1mX1BnESQ
DA:462,1,W7nmCWZ/Y8jWxQvy0x4e3g
DA:464,1,Mq6ZRfVPODH+drfRJ93TiA
DA:467,1,EQitN3+Edo+4MxDru4ypFQ
DA:468,1,ShJ244oSPHt1L9IVV8GTAA
DA:471,1,E2kJ2CvNwMkLn2xOiOlxVg
DA:472,1,PQrl+eNICuMNuEebSiFMPQ
DA:475,1,A4VVZTO6hJy4RvUve1Kq2A
DA:476,1,2DtrT/BcwxOK3flys9K/Rg
DA:477,1,0SRw5EgsQrLGjE4Sgz9vpA
DA:478,1,Hs5hxkQz6eq+Xiff2zmDsg
DA:479,1,JW10fChA8dekKnenrvE49A
DA:480,1,HKoZlcEgYpWJBLLNQ+08cA
DA:481,1,AEy+KzYjQl3+P6K1bqPWdA
DA:482,1,cfrEPFZ6+IBM2X6P10iTIA
DA:483,1,7z4I5I1O24fr1bJy32NBfQ
DA:484,1,USn2EbFLvGTKsimDGa/ebQ
DA:485,1,bJEpzyADOvOyeyqtrHVEDg
DA:487,1,m3kUWyn8Rt5AvsNKlw4fjA
DA:500,1,cH5cd4fEHzHw67fxcuLgXw
DA:515,1,XnCWAzukHfFJijF5lyvTnw
DA:516,1,HVXH5tMymFpQBd7uPik07w
DA:517,1,EnK8yi1Dd9eAZKfs/nvAdg
DA:519,1,bCpAmId5Yl5LqR/59Pdckg
DA:521,1,luiin63r4Z5Z/RHsYW1T+A
DA:535,1,/g6k33s8ZmVrDAJTiLFyMw
DA:536,1,g06weIgZoJm8XpSG4BnolQ
DA:537,1,O03nLYUveAE45ZFNY9QYUw
DA:538,1,6Bveaa40TYzP/ZOx4qPIUw
DA:543,1,A+sYxiBK+4DjSAX1G5L8NA
DA:545,1,aBlzcjM7bHLemPHrXsY9hA
DA:568,1,iwIb4608vHbmk9QJgdAGDg
DA:570,1,HgA+MgaLmySJ9urQL/RCMw
DA:572,1,Mq6ZRfVPODH+drfRJ93TiA
DA:576,1,o6fdRr3w+BPaCQYJL3w0jg
DA:577,1,94Rou6/lo6nEH+dHIvhsGw
DA:578,1,XLD3tis1mEkDWBxpEP1MbQ
DA:581,1,+ILli4ozk45ysel1Sk6mMw
DA:584,1,bK9po2t3mznVjKUn9Ey35g
DA:585,1,OVm5k5Hq6zhcKcDMbjodqw
DA:588,1,Mcb0ZNhRb7P6rFgypGKyTw
DA:589,1,m9dcH4XLLnv4bBDKlM84rw
DA:590,1,wsxj6wamX06tIU14yaSwGg
DA:594,1,0AZLXZfXi38ubsMV/6lAgA
DA:600,1,KX1g9wprx6Mp5uGGohSEzg
DA:605,1,aGKwT2zpv6wD/nsCuKfXlA
DA:607,1,m3kUWyn8Rt5AvsNKlw4fjA
DA:620,1,8DufvMDKQ6EmJYb8Rz4SfA
DA:646,1,jH5d8t/YYgiqFCTKEu9+HQ
DA:648,1,42+dcC4TC6AxjRRI4wX17w
DA:651,1,nhWicwSj7EC3eykhm+bKyA
DA:652,1,E2kJ2CvNwMkLn2xOiOlxVg
DA:654,1,NiIZyBYNa/cC7r3YrUbJbg
DA:655,1,VDK9h9NUiiTFWQPBbv8RVw
DA:657,1,m3kUWyn8Rt5AvsNKlw4fjA
DA:668,1,Ub3mQo1BAgE9mI8c9TaUzA
DA:716,1,8y97gJCbDh+TqROZtnZyfQ
DA:718,1,BUBXJk7AzTyWhig8uVGmCA
DA:46,0,uGh1WCG+LnuJQEPPDsEUxg
DA:77,0,htXv7Tlm4JhTFSX216oWMw
DA:141,0,htXv7Tlm4JhTFSX216oWMw
DA:143,0,SZpa8P5Qa3qlWb1DbY81Kg
DA:150,0,NDuOpIWEspUYngLpznK8tw
DA:166,0,loNK55s7cDv36vukbq/WTw
DA:167,0,zLD8eD7NcC+WqcpngtHy8Q
DA:168,0,rdoM4Pn4VE2SLkyl2ERqMA
DA:248,0,/AhP9gYPR5oea3IE7hnvQQ
DA:250,0,64ta+D+gEa6nRpcP7mRB2g
DA:258,0,KNtLZ43xl6v3GX/l3hCqZQ
DA:320,0,/AhP9gYPR5oea3IE7hnvQQ
DA:322,0,1dtACd1fuC01voQrzYufsA
DA:391,0,/AhP9gYPR5oea3IE7hnvQQ
DA:393,0,MJ+ovbmZz3u0+66kIHnO5w
DA:395,0,AatS18NfpcSd78HUu//nVA
DA:397,0,1dtACd1fuC01voQrzYufsA
DA:401,0,vjBzq3I0aln+vzvK29BCHg
DA:416,0,vxLQ6ef234WozxIJL3wrlg
DA:461,0,G9YpujKL355V1aQT872gWw
DA:463,0,AatS18NfpcSd78HUu//nVA
DA:465,0,1dtACd1fuC01voQrzYufsA
DA:469,0,tABkLw2pFgF9PB1OwVlfKQ
DA:473,0,RAIP8kluDv7BEuJlr8bKGw
DA:569,0,rqiVVu9SPybDSaAdCe9ojg
DA:571,0,UPsaVr+CILIhCLupIm2oMQ
DA:573,0,1dtACd1fuC01voQrzYufsA
DA:647,0,i7+OCqf/3TKqT8d/q/pasQ
DA:649,0,AatS18NfpcSd78HUu//nVA
LF:186
LH:157
end_of_record
TN:
SF:mhkit\dolfyn\binned.py
DA:1,1,IWWjrCeOtk8NNtrE95++2g
DA:2,1,uqQzsyLE2snBclOsmsd0qA
DA:3,1,SadPKkMG5m/+DXPkIr8Hdg
DA:4,1,q5ZkSNLkcikvrf1DLPENXQ
DA:5,1,jk+FkKRBXZkpK44C5zPyAw
DA:7,1,NOf4rhIIMq5/JksFOCLeUg
DA:10,1,Rugo+/gm/YpccObiBJsqLQ
DA:11,1,4jNXOMomy636837w9nTU9g
DA:32,1,Vekir1sX/uFOzs40PTpEKA
DA:33,1,kIgBXR5e5THxth7lfj1fbg
DA:34,1,K9Z+CvThmvy5MXT4kwEuJw
DA:35,1,FtVENFBE1lckJ26q2fqpbQ
DA:36,1,iXw+AV2WFvKujFxuLUD1RQ
DA:37,1,EOV9ZL+zbwQy1OYHWfXxQA
DA:38,1,NFFl4f+J7zJfa2Cmj6tMQg
DA:39,1,rlLg/JnwxQWD4/MF8u5TGA
DA:40,1,NFFl4f+J7zJfa2Cmj6tMQg
DA:41,1,d/+IUaok8hgaXGmAP0ATfg
DA:42,1,xvIeKNTfl6FBdrtitRD2nQ
DA:43,1,titwff/fPQ40eMozhLuTtQ
DA:51,1,bu7JMP8MZD5Bbob6WzeobQ
DA:55,1,AbBdeO/14ffPbHogBLuxjQ
DA:56,1,B2z5AEY5iP2algVmNC0ldw
DA:58,1,NCT6oxmHCLrPXtxbeND4dA
DA:62,1,mhzAbgTq3ZhT4H/iMN0oUw
DA:63,1,lG+XVtim1YEOiQpZk0RInw
DA:64,1,AdEFZSXgnoGpTrB5tsBFGA
DA:66,1,NKtPphSe2RcjH2gOR5Vm9g
DA:67,1,1DdHEOHwTEyKa72tkgakGA
DA:68,1,qJQ61nDgB20/2ZmwZKjfDA
DA:69,1,xDwXF1n2q1iIXYlW48762g
DA:71,1,KJdTy4uePWHsN8zn+Tvg9w
DA:72,1,JqKbmnskoBXcOlwf18k4+A
DA:73,1,zINET2FqGMx0OW9+qOE4Tw
DA:74,1,r0G+nvwSpjMC+O3BiAES6Q
DA:76,1,b4lgdtIxjc+2i6iFkpQQkA
DA:77,1,EOV9ZL+zbwQy1OYHWfXxQA
DA:78,1,hLka4YJMz3/ize2DHlmAfw
DA:79,1,TQESvg4arYAKskVgsCz8Vg
DA:82,1,3k0U/bISqRCPrBswt7WACQ
DA:84,1,x4DemTUY6MEqy01m8EsysQ
DA:85,1,xvIeKNTfl6FBdrtitRD2nQ
DA:87,1,zfTlGC/25WlJgkW21fzEZg
DA:93,1,zb3nr2zTVzEn19sDTGWeOw
DA:95,1,rcvlEtT9KorupudsaWCW0g
DA:112,1,EsScV5nxjqI1yc4q/7DDEA
DA:113,1,AfPOAyXaHi3wlmLNNtyK0w
DA:115,1,67ON9/z04568Aqw8qmWKzw
DA:124,1,sHa6UJIGVK1IgNrCbkfNOw
DA:131,1,Xwg7V6215LfVO+/05I7cEg
DA:132,1,CPTFtEZD8qcSmoyjCkleVA
DA:134,1,dFPWqgJ4X4owsz5dU+3sYQ
DA:136,1,dr6Hx1cpLtkV/YorqtdTvg
DA:137,1,gFTHwWMEb1svwsVTGFwicg
DA:138,1,iRAj2OG6AbKXwlb2cXD9dw
DA:139,1,ld67mIU+whEIm9Nw1vwIBg
DA:140,1,wWnCWCplRE+8wm0KCbo2KQ
DA:143,1,zGL1QHwjhN9ctPjOS3daDg
DA:145,1,GpcVbTF9UIVHI9Ow2YdLKQ
DA:146,1,SGKVx/sYR6ObkMobhaV+ig
DA:154,1,Z8tLFYhJozLvzIZ2GNCh4A
DA:155,1,KnjGKAo0toQIgRFa+yXP/A
DA:157,1,XlkGUjuSdHpc0pI9d35J/Q
DA:162,1,Vpc6oe7foZt6rIyKvGDTOg
DA:163,1,PaHjGerKo0t/QDfehBce1Q
DA:164,1,opz+w8AoxDBqqSVEar3d7g
DA:165,1,EnS0dud3uAK4OHRq0FJsOQ
DA:167,1,wkxJqLlc39xs7rK2AfP1NQ
DA:168,1,YDwGHG8K0QR0xivMxQmX1Q
DA:169,1,hD2OSq3JFCMsxrNlgHV6GA
DA:170,1,5isrE/6wnnCuJ5B0qHttLw
DA:172,1,N7YCo1iyI4wGXddnsbl2/w
DA:174,1,GwhEqVmgTz7QMos8nMx1gw
DA:176,1,twE+choCX4H7BjnDtggJ6A
DA:208,1,lG+XVtim1YEOiQpZk0RInw
DA:209,1,M2NqZtS4fWO/S/b2ONElhg
DA:210,1,yBCi9ZorxMwXMhnIbLkJ8w
DA:211,1,bYiFf+PtMQK/tOeQTbiadA
DA:212,1,TUHFcWAD9ypeCpMjvwK9Jw
DA:213,1,SAiMgOALhrR9KIKbR8glfA
DA:214,1,hteGVkP+3G+AHETZStt4Vw
DA:217,1,E1adcCS2jgT08MfkZz0g6A
DA:219,1,Qh+f/CM+poSRkjq5k0T5EQ
DA:221,1,YggxrI1Yz1L2a7CbaNdZVA
DA:225,1,dY8c11NaJ15P4pto7LZiPA
DA:227,1,eRSl0A1uRvlZly77Nu6Q6w
DA:231,1,Qh+f/CM+poSRkjq5k0T5EQ
DA:232,1,zfj1iD6R67DoOUt5dWHOdQ
DA:233,1,Qh+f/CM+poSRkjq5k0T5EQ
DA:234,1,loqr7x84WyYRA9qLuump0w
DA:235,1,yQRmgKNM5ZqkHN6H9vOUGQ
DA:236,1,WKMna0PxhFBVdFS+c5qhrw
DA:238,1,PlvzdtsgA8oJTzl8JtlVEA
DA:240,1,KI5FdKD76P5H7IltDKQ5IA
DA:266,1,1JG9waeBKiA6XVis7UrECw
DA:268,1,Yspn0xfkcqr1OFqaMtA82A
DA:294,1,KrUSvU4rdvDFrm+k4RTgag
DA:295,1,TSp4YFG2hs8YuaRo7Em6ng
DA:297,1,aB2ooE/JuZcgWsggfBmqqw
DA:315,1,w/swT/D97bqW3oJjNitMRQ
DA:316,1,9WDe0g+a9Ko9endv5wJGdQ
DA:317,1,H43JN2QOrWD18+D/egFM2w
DA:319,1,lG+XVtim1YEOiQpZk0RInw
DA:320,1,BUHGu18VLcp0BdQTcyySkA
DA:322,1,lHKmU5+eovOPYZDsFEMCHA
DA:324,1,n466EVFaIzNB2GcbkfDIaQ
DA:342,1,Run1Xxy4IC6Evf9FdxIjnQ
DA:344,1,2eudr7QlEf85n5Sgr9qMvA
DA:363,1,xBVBTZmKhc+TX7B6uGPg0Q
DA:365,1,xKmWjwedKpY28ueSPMcm3g
DA:413,1,E2kJ2CvNwMkLn2xOiOlxVg
DA:414,1,lG+XVtim1YEOiQpZk0RInw
DA:415,1,mhzAbgTq3ZhT4H/iMN0oUw
DA:416,1,0lYPshexs7fQ3Hi3sqGuyw
DA:417,1,941XURZ+hnzQObYSV6f5pA
DA:418,1,vCLZnXHCs53fWDthltIU/g
DA:420,1,Uw2EKSArQuHzqdIzbJAILw
DA:422,1,y9Q2auB+9PgOfnzchofafg
DA:423,1,F91v658flWK4KllK5jBDjg
DA:424,1,g5iHjrToo2uBKD5hQffwQA
DA:425,1,bVyveVKoHlSwNk4oWczXRQ
DA:427,1,ieaes6bKXpI5//GQqunW8w
DA:428,1,PlvzdtsgA8oJTzl8JtlVEA
DA:430,1,yzV+AwpQp3/qCt59E6a1YQ
DA:466,1,E2kJ2CvNwMkLn2xOiOlxVg
DA:467,1,EOV9ZL+zbwQy1OYHWfXxQA
DA:470,1,aavCZ4lyyPHNt9vdrbZ4Bw
DA:471,1,6MO7eABU/fakLfObvRqhyA
DA:473,1,jgmrY9aMEsaFEoUnB+gK+g
DA:474,1,BSahgwBQFV5FmqLuH5T8JQ
DA:477,1,do5HMPhq4tN81r40snYw2g
DA:478,1,TwpijWofc0pOMMDRTQYJHw
DA:479,1,8MNcSai77D+UMWB/zvVzfQ
DA:480,1,FGHc0uC7GP5dOPtf87sFRw
DA:481,1,NUNiCxPG1pqswDB79+OCNg
DA:484,1,r+HSfjO6sW3SMheIbV/yZA
DA:485,1,R0Ndua1ggrPGlB1WfL3cMg
DA:486,1,PlvzdtsgA8oJTzl8JtlVEA
DA:488,1,ni9sVooungJGS7scUk1qKA
DA:512,1,EOV9ZL+zbwQy1OYHWfXxQA
DA:513,1,X1m1KTek4wHVdbPGv+GA8w
DA:514,1,XI9H3HOAUdnKBMV85eI35w
DA:517,1,E2kJ2CvNwMkLn2xOiOlxVg
DA:519,1,zZpczaLUzR+PCyC6az1fOg
DA:525,1,4Eng9qW7FyaUzMMRn4vtMw
DA:526,1,ujnvvK7kqVonrzdEuxvVBA
DA:528,1,SaEM+zDDYFWUKDUhAVhjjA
DA:44,0,TicOTd1vDoB+qkg5jme3SA
DA:45,0,BwM8+XjpcjvcgJYQj4+W4g
DA:46,0,dSJ6aztLsPVE45ymHQu+Hg
DA:80,0,70hLE4Q077fw1kPne99S5Q
DA:81,0,d/+IUaok8hgaXGmAP0ATfg
DA:86,0,RdlfU355Q4NV9KtAoS8fbg
DA:88,0,yY5oftBWfDIpXjhzuPxF1g
DA:89,0,dSJ6aztLsPVE45ymHQu+Hg
DA:114,0,zK4CXHHogaDoHXa9bv7mjw
DA:119,0,dSJ6aztLsPVE45ymHQu+Hg
DA:125,0,NDuOpIWEspUYngLpznK8tw
DA:149,0,MvLmnepOeGg/Ce2owyDZPg
DA:166,0,EZM+9ZUS+Z6o3UAmfiRpkA
DA:228,0,KCM4qFTC+h608Ka4YE9x1g
DA:229,0,cLnzD6QniUAn4lIe8SAR4g
DA:230,0,wad9INfJJQDds5hbf0U+hg
DA:318,0,u/pa2fUDS6GYYl5cJ1Tihg
DA:468,0,qNhG80GSllpogKk/IYj9LQ
DA:483,0,Fjn+rQHCEgQN0gQ8kdjtwg
DA:515,0,T6Isfl1VZu47UXbAcW7+iQ
DA:520,0,NDuOpIWEspUYngLpznK8tw
LF:168
LH:147
end_of_record
TN:
SF:mhkit\dolfyn\io\__init__.py
DA:1,1,AIPcL+KL29tU9BT4YBLWXg
DA:2,1,cROH+Aas0q4tI7Jh3fGZIg
DA:3,1,rY52nP4WO1pq9A7ssJFVBA
DA:4,1,905IkI59+9g9PL5qX7KvCQ
DA:5,1,veLMzgAJ6qFssCuWYc+zbQ
DA:6,1,VE0cUb0OdZDQGAgjq7J/sg
DA:7,1,fNavvA0mfJvpvx4CF3Lw1w
DA:8,1,VaYsI0mh8MzYBLrYsyxYpA
DA:9,1,BfGPUnWVFpjbZfxSjvF3mQ
DA:10,1,GufG87TzJija8UFKzAS6ZA
LF:10
LH:10
end_of_record
TN:
SF:mhkit\dolfyn\io\api.py
DA:1,1,IWWjrCeOtk8NNtrE95++2g
DA:2,1,76nAGT3perwaSrXKWZiL7w
DA:3,1,E+f6edsnTIVfiiXS906VsA
DA:4,1,wX5yh5EFOLkVJrzbFJfkuQ
DA:5,1,iPPvsv9fxZ2gquuaSjIjwA
DA:6,1,JRYPD9lvDSWZaiLOKkIwag
DA:7,1,58suW5B4juiZ4NV4DcuOrQ
DA:8,1,it2uAthe+HzWbWQflm3cFw
DA:9,1,dYewW7VaqLY1nIhurhHElQ
DA:10,1,lwtB64rniHFuqyZkOBUYrw
DA:20,1,Pmltv0LsYwhOpNxAj3cksg
DA:21,1,jGHos0IxgWJeLxtLnWnztQ
DA:23,1,Ns8e2EHiVSU3jVi67biEEQ
DA:24,1,VcrDAoIf0s86aHXUtobVWQ
DA:25,1,uuhwTJolhnRrqmk+PwzWBg
DA:26,1,xdYHpNdKQGWd8UsXo1AqPQ
DA:27,1,7/r5otZWxwDzeOELVQJ6Ew
DA:28,1,uUeyIgik6/5g57JPkcfQ5g
DA:30,1,+v3/MTpnr9dmVpCI001MPA
DA:33,1,3kqmN84KDs4uVNFMMa6+WA
DA:51,1,xp0Xi3TsNm5XOhRsLDv9Ug
DA:52,1,67ON9/z04568Aqw8qmWKzw
DA:61,1,L10Ogp6FS0tY/Ty1R6JoMA
DA:62,1,nzty9Go3hcvNnMyNqk3IEQ
DA:66,1,2XaLYe6AjAd7qUrBqxUmPg
DA:67,1,ekTJKSaVf+CSpwC4Tg6Pag
DA:68,1,nt8X8V7jGQhT3Y6O2Is5hQ
DA:69,1,Ag8N+VWiq6Ym5/eXWNcU5g
DA:71,1,jC3rMBokooz2XGShjt44jg
DA:74,1,zFT133YbuU7sdHt6WxthiQ
DA:97,1,zvwQ9lxfjWjOHUW/NltCNA
DA:98,1,eWTi0CfuUrH/gvx6a4qBcQ
DA:104,1,KYoy6TBKZBzs/6mRoBJRqA
DA:112,1,5C3fsMy7M7LKDfzNYzdmMg
DA:113,1,/sYk4AmCodUAupAsLHB/+w
DA:114,1,kW6HycylgnqMewX7kWZwKw
DA:117,1,z0JC+fyKpq8HU8A0cAosUg
DA:141,1,e5Bs4Zd9kfsWqFFLA32PqQ
DA:142,1,s2E3tfvbfljNyoxbb61gEw
DA:143,1,v1LkMZXTU/oLLls5IEhdCg
DA:145,1,gCilN7ZCGkAlK3VzE6i3kA
DA:148,1,Mqke1zW59rTFq/uxH2dqGw
DA:176,1,lwykb8l03aMYWI2AA2Pnvw
DA:179,1,h5uf3V4bXaS1diifdLQIiQ
DA:180,1,MUkNtnyQfrIJ/A6HIvemug
DA:181,1,OeDbcWH/7BR2z08BBZodAQ
DA:182,1,CknqQfJsMw1CFMTdvYFy7w
DA:183,1,7W2sk411GOuG5XHb7tWLpw
DA:185,1,lVXai1afh4sDXNzR7Y7Emg
DA:186,1,S6BiTSGVeCG3XI0PZ34PCA
DA:189,1,HcU9mUH9JLU4JOrzO72hQw
DA:193,1,rsxlX0n7tIM90pETnYrf5w
DA:194,1,buq3RNtsfL7k6FA1gK4HBA
DA:196,1,y0cKoZ6d3slmO2NWHXhAYA
DA:198,1,GYDfq3zMlLMLVqkvEeOw3Q
DA:201,1,sn58kYJfKvB6+tUEWYsYOw
DA:202,1,tyL6+NgLg8zDHxGIyHfCmA
DA:204,1,dAnNcPPpHnvESHd2T+tKnw
DA:206,1,Enop+KTMA9Tph8KPUOtcDg
DA:207,1,HRmYgrUgQRrlHMAQ7gWdXQ
DA:208,1,lDjLumtlO6BBh8R4LHY/gQ
DA:210,1,vd2l42Zq120MSScVI3ZgiA
DA:213,1,D2ttCBvah+Y7CUk0ZftC6A
DA:215,1,tmQO0hIk/E1kNcbUCxPdHA
DA:218,1,V1HMgrFSwy6hPeJOhnVXwg
DA:233,1,lwykb8l03aMYWI2AA2Pnvw
DA:235,1,Pmm+K2KmLx3e+UCDaxDLTQ
DA:238,1,JlcNaLB+gJsiY6qb+Zmu9w
DA:239,1,4pUISBO9DR9fV1S+Oe5DRA
DA:240,1,X5rS3g0rT5pGU0gE+7x6/g
DA:241,1,zhcrh5t+tLbwH27MJnRD/A
DA:242,1,u7WxFTAm4nT4B8nq/v42Vw
DA:245,1,sClOTHkwPkcT4k5k+mVlyw
DA:246,1,KDYJM83M7EYiD+haaZyPNg
DA:247,1,BNVynPtcFLAvjv45Djvf5A
DA:248,1,l0z6THCCrgtsVuV6t5AaJw
DA:249,1,HVVgGBfwtReM4AF2A6gpLA
DA:250,1,ED4Iw2SJVxlTrjlTb4zIgg
DA:251,1,fXNnPqEcqpB/uBT4GnOFeQ
DA:252,1,+RVgrU3UXVq/yY8IF66oCA
DA:254,1,jC3rMBokooz2XGShjt44jg
DA:257,1,Urt0OhRt66QB3zGLIW/UDw
DA:281,1,G06SLU7yb6rcdibhD9Cbgw
DA:282,1,edwn0YyYFCgHCR16ru4ngA
DA:283,1,u/94s+Y73Icm1x4iTvXcUw
DA:284,1,P1Ij9KcVxUh2PxV33wpMoA
DA:285,1,iuLyx6wHueDrotJ2kTiHjg
DA:286,1,3UfbpA+aUKa+uSQrGFml/g
DA:287,1,6eQXYmQQ9q3yjoRG1e5I3g
DA:289,1,bC+GZ8eA+bIJc/Rdb2iX5w
DA:292,1,bOE4u3cfzhYaK01xhq0+9g
DA:293,1,sTMiH9tU4TIcJc5h4PYfEQ
DA:295,1,rJKYUSsup77wU0VkgKUddw
DA:296,1,TrP/wM8F2KOC13mbjbmoug
DA:300,1,Ax9vy343WkDFGWAIULAGuw
DA:301,1,2ppsSHLOVb05TBwR4Gt/Pw
DA:302,1,Wtkw1+5f2+Vki/l9g7rlHA
DA:303,1,2S/NdKKYjf1mLARGfw7UvQ
DA:307,1,oAm7w3tBRyGdhEkFRnnPAg
DA:308,1,GqKRL9JbCueq+rIAq3N2Vg
DA:311,1,GGg+UavRuiJFWlU/5olnmA
DA:319,1,YsuUx7CEIWTibDi1soh7Ug
DA:320,1,cKflbIXKB/uXWdeJgJKYaA
DA:321,1,Ngkr8QBhYuCBJ20q6BWooQ
DA:322,1,cb8rLt7MsigJEPuW9A/nTA
DA:323,1,Z8AFQ4KV6XhXynC81stz7A
DA:324,1,Ngkr8QBhYuCBJ20q6BWooQ
DA:325,1,zVzbk0dBaUalE8BvbzylQQ
DA:327,1,zwEBWaX5I9FVDfQZ44F+LA
DA:330,1,iHl2ak5LGolJCRFm/jAT+g
DA:355,1,bC+GZ8eA+bIJc/Rdb2iX5w
DA:357,1,+WpgHxSInWU6BYb0ZHq21A
DA:359,1,lnCOI6dOBUWUuOKnLvLxrQ
DA:367,1,97xiE6+MUdDxuGz1ldh9Kw
DA:368,1,Za0wOasqhAj/ifacRwD3JQ
DA:369,1,YdSXI1vi2ieJ4FU8atVIzQ
DA:370,1,v6rDbKqAdA9xtft1Bow8Bg
DA:372,1,HhLA4SysA/pekTojqFUGuw
DA:373,1,3xAW0NKkCMqS8W0QedhmLQ
DA:376,1,p0uPEgsNEx5Pqbp0Nc42lw
DA:377,1,ldsrNz1DirJbCeROtUb5PQ
DA:380,1,JlcNaLB+gJsiY6qb+Zmu9w
DA:381,1,4pUISBO9DR9fV1S+Oe5DRA
DA:382,1,xvWIcpcyNr0gyGcTkdMxXw
DA:383,1,6xUWLBqzngZK8nPAcuU3KQ
DA:384,1,O5I4UEmQJy6/McdIdmA5DA
DA:385,1,bbi2TeOa8+vZ9IsWkmbklg
DA:386,1,shUyZHOA08Z7vaazDGZvHQ
DA:391,1,u7WxFTAm4nT4B8nq/v42Vw
DA:393,1,Q6oBnF4eyOue2xBCej3Upw
DA:394,1,WqGRGIb1VOnmkMabLEeoxA
DA:396,1,rJKYUSsup77wU0VkgKUddw
DA:397,1,W5upzxdl4b5fYUNKeI7hdA
DA:402,1,Y1M2sYV4BhyAUXtxP+86Dg
DA:403,1,+BhzC9veAEG8Use2Oi7N4A
DA:404,1,cYXFLbntlBrGXMHMzKLcng
DA:405,1,v0gPHlvXtkaK0vdQMk9DTA
DA:406,1,cIVwXOhOsdZg/1c3oqCslQ
DA:407,1,YObAr2W8wCML928ry7s6jw
DA:408,1,5tkLmST9Eo7ktkBKQRMzvA
DA:409,1,cYXFLbntlBrGXMHMzKLcng
DA:410,1,1272oYtpDF5orZlM/3PYpg
DA:411,1,1xAJhUuYYuKOA7/b3RLCSw
DA:413,1,jC3rMBokooz2XGShjt44jg
DA:56,0,kEPsmLyMWnlgm4Grlgg9xA
DA:57,0,dCsLBuaTyoXwPP9+zZV+vw
DA:58,0,fXEZjAxwg6eTa45mSasWjg
DA:70,0,MnN+vVRtKFLZeTFRlbR2hA
DA:99,0,XJVmCfqV9TBDKj++QOy3Ag
DA:105,0,XJVmCfqV9TBDKj++QOy3Ag
DA:190,0,nklAOnLhgrkVc9mQHvDU4g
DA:195,0,5ix1TAs0pggtj7ssHcLNLA
DA:298,0,myHTNVybZsTVhYOXiRVCPQ
DA:304,0,2ppsSHLOVb05TBwR4Gt/Pw
DA:305,0,YWCmiKcHyy5nIDb1unIDOA
DA:399,0,WV/yXTAzXPxNXmwfnVg99w
LF:156
LH:144
end_of_record
TN:
SF:mhkit\dolfyn\io\base.py
DA:1,1,IWWjrCeOtk8NNtrE95++2g
DA:2,1,E+f6edsnTIVfiiXS906VsA
DA:3,1,OaTlemF3bXMi5MP7Db8vkQ
DA:4,1,7Z9Lj4ed27Wf2hBX6jooEA
DA:5,1,uqQzsyLE2snBclOsmsd0qA
DA:8,1,MuzgZSOr3KaLodvb1Nwnsw
DA:9,1,2GDOGquiZ4CHlCPb47b6sA
DA:12,1,1nOnJKtEYPDyL6c7jriSJg
DA:26,1,1bDFDzA5yyzZIHJ9009KNw
DA:27,1,aJtyw3uA7dS3ze1VLQtXug
DA:28,1,fWJMj/GTWZ5IZpAa4+bbaQ
DA:29,1,SLyl5hUqEQ/iED548AlRlQ
DA:30,1,HT1AfzzBjG5NZ5/p9oHTbQ
DA:31,1,dj92VHeRr+Cn3dsLFy6U4w
DA:32,1,RurQAcq9BNAeVN75PiOvkA
DA:33,1,5KPAxyCELpN6hrzMfEOS2A
DA:35,1,8cP75TVxui82NB3HgAzcfg
DA:42,1,a4Nh5ZCdlacuKIsLkxRzLw
DA:44,1,t0NjfqGqQ1gtlJKmL3veAg
DA:45,1,3yJFRj4h7E1Nfn6UnxMD4g
DA:46,1,KCw3HNdmLUnREuVVziBMmg
DA:47,1,9Hbf5roiTCJ/rawU/SEDIQ
DA:48,1,rctQy/vWdmx+Kr/ZSUGL5A
DA:50,1,sX7TOmfy4gDjz7gabTtTWA
DA:52,1,q/6LeXqVHXsewsuu+kC5Dw
DA:55,1,INFeGC8TiGM5aQnTG73WpA
DA:60,1,zgHKzhgZSqXnTxzE+RMmuA
DA:61,1,COrv2UlzHxy2k7yCkRD2Mw
DA:62,1,WEgchPpxHmn51JKMTRUcWQ
DA:63,1,/uf8mwnXpsOHU/pWSKHwEg
DA:70,1,4XpIKequPSC/W0juoYolAg
DA:71,1,xAkmgSKooDBiBAeZ7kpL4g
DA:72,1,3glI/N9nNPtwQKJ/gChWyA
DA:75,1,x5yORRpiANU7/vykwiU2EQ
DA:78,1,vIzsZIYrCVO2pjaQ4WGZxQ
DA:81,1,5t3KUYNhKlOHT1UTxl7UTQ
DA:86,1,zBT4ITYivRvU0HZZL1RmnQ
DA:87,1,VXB+F6BqO3C5m7T0+8djBw
DA:89,1,pulDXIf8gr1qrtoIco+siw
DA:90,1,aSXpnB2t4GZefZYbkHOqBg
DA:93,1,1iu2tItZw0SE8xROTNPu1g
DA:94,1,+vLcoOs3a7nCtyEOgMMHKg
DA:95,1,I7ABkGEzxH0Mk32xLgXkYw
DA:96,1,F81C7pJUZswGL7vNQ7nU6w
DA:97,1,TrBWef2EczIiQwD0lRKTDQ
DA:98,1,97FAJPnO1q/GWdTy0S3M2w
DA:101,1,dDtL7grp7QdinVPO09bowg
DA:102,1,8UJdYJReeEoQeKOBnnNvZw
DA:103,1,gL6nWdQxLLYt79+N+2aflw
DA:104,1,0IXCJkzon5NEIRsVPVQO/g
DA:106,1,pXnNOxdIYwLP0z9mHClCLQ
DA:107,1,aRZ77BcXLPs4f3+CL9MZsA
DA:108,1,4MLWRUIHJmzBn2PWYgAXsQ
DA:109,1,Vt4+yenhnt7mMtvpkV1j4g
DA:110,1,9rAMHnpIYKXCyqZyK3w8NA
DA:112,1,vIzsZIYrCVO2pjaQ4WGZxQ
DA:115,1,HW/8gcvrFFYLXYQfNEYcfw
DA:122,1,yRC6X1T00DUCZF476T4zww
DA:124,1,ZjpItBpjURNDK3fEVzbpYA
DA:125,1,8mX/GR7iMYk0vwwGLwj/Lw
DA:126,1,G99hcuj5J6zFO+IghNKIfA
DA:129,1,VyqdBXBrw76YtwvmmyVHdQ
DA:130,1,r/keXTgfeq+mjPZtGDhOZQ
DA:132,1,XG+P5Vp9zZq5t42hOU9qCg
DA:133,1,sFwMuqIZDvFMTQg7Azta8w
DA:134,1,pW1hpbK0/eLzBTiFBKP+Gw
DA:136,1,22WrMWvcC3HxDdZ/5isWLg
DA:137,1,nsZbOtD3Rx1RazqzXQm3Ww
DA:138,1,Im9YQAYg3lxPI/W5u1qCSg
DA:139,1,Jy2feWJvup8bF/w+VZxPyQ
DA:142,1,+vLcoOs3a7nCtyEOgMMHKg
DA:144,1,bJ2NpzU28nw0Tqd2hnjpjw
DA:145,1,0LmnxKGGy4AT7m1MoViLQw
DA:146,1,6gV9fjhcdDyWqkmCn/WoYg
DA:147,1,d/AVWxk9lHS7yFzJBON1mw
DA:148,1,yh3HC5W4cZSfpR+Eg2Tc1g
DA:150,1,V5ocL79YivW0BnC9V0uNcA
DA:151,1,IPi7j/BDHE6Uax09TTSPzg
DA:152,1,yK4tWgx89aOZ1KwDWOLL4w
DA:154,1,HBRnArv6+7hC6ZPaSTDiKw
DA:155,1,xQvmzl4RnoiznpAjNfbKIA
DA:156,1,fslsOUKyVDrdSqwRq18C1Q
DA:158,1,RfMKCWyL0eN6HUZtJCJvJw
DA:160,1,2lUYnhcEjP5ZRAKmhk01yw
DA:161,1,J24bjeMDLsGGm0bV6WLN/g
DA:162,1,Vx+QbZ8uf5fZho45OAcFUQ
DA:166,1,2Rz0BzRKP7uteBAOkV5HDg
DA:169,1,n3W0a5Wmdh3OmIL/p0jmAQ
DA:178,1,4QoWna33FwUR4BB3VYxPHA
DA:179,1,ubySIoMce9gpXcRrVdgxZg
DA:180,1,2vSPaKSAq0r5WMXwvERGRg
DA:182,1,KlumbcQv54vNN156sg6B4Q
DA:184,1,n4h/wRHiWnvqL9LbALWJaQ
DA:185,1,5x9hv3mPqY74Y6N/UMl+Fg
DA:186,1,iHoINiS9T9Re7g7fTZwakA
DA:187,1,0ono6/51OTd5SUI6s0KnFw
DA:189,1,t8OmDEugfF57namvBy0YCg
DA:190,1,plOyH73l/8LoIdBU4nr2Yw
DA:191,1,vTEO4N2AwVSpR2EjEViTTQ
DA:194,1,F81C7pJUZswGL7vNQ7nU6w
DA:195,1,BheoOkZhINRfISoemVcBqg
DA:196,1,KNtwxIxCmmKEK2ZiUds+NA
DA:197,1,3sZWXPkSBQkE/ihUmRhbbw
DA:198,1,LCHDHsInzJVy2sGHrXh+DA
DA:199,1,fslsOUKyVDrdSqwRq18C1Q
DA:201,1,RfMKCWyL0eN6HUZtJCJvJw
DA:202,1,fsnOefGgYqhk1jY9idgLdw
DA:204,1,QuY9kuaRJ8bqozLFZ6nFfA
DA:205,1,2c20oxWBAFebGjfWeXLl1A
DA:206,1,MeY1+VWDRpD/LzYqkK00iQ
DA:210,1,CH/yOKkiiKRdwXKb+HpyoQ
DA:211,1,MeY1+VWDRpD/LzYqkK00iQ
DA:215,1,LxDVUcJN+3JKObDhZLTEIg
DA:216,1,MeY1+VWDRpD/LzYqkK00iQ
DA:222,1,nj2G0EVPu7PaU//y20iTPg
DA:223,1,8rwIiQxjsZSbWOMBkhL1+Q
DA:224,1,jsDjjoc8toX2XV3RhVLXJw
DA:226,1,3N1wZIzl1+3wMfxG7i37fg
DA:227,1,8/XRpHr4IUcnO1NWRqBHtQ
DA:231,1,fGxnX5RadDCI8+L66axUlA
DA:233,1,O6gEbbT3yxMCZAknhKVC5g
DA:234,1,MeY1+VWDRpD/LzYqkK00iQ
DA:240,1,fKZk+zEqZkZ7Uxc+NgWanQ
DA:241,1,a388d6oEA24byJask4OV1g
DA:242,1,3N1wZIzl1+3wMfxG7i37fg
DA:244,1,bexdBJgCfSldvjfX8Pb6Qw
DA:245,1,MBdErU8bGcefiu2M4V5f6A
DA:247,1,DohQ8Ngotg2wpZGP2cgPkA
DA:248,1,g79iKtitJRHHJVjp21NheQ
DA:249,1,9DQSXLqYCp6knNCEfLvcTQ
DA:250,1,b9ZKGNmdi9gQ1J4Ecchzmw
DA:252,1,MeY1+VWDRpD/LzYqkK00iQ
DA:263,1,20CLNFX0U+aJRUYHsLCBtA
DA:264,1,T2TkNHJF3EoNnjmjRZl6iw
DA:265,1,GooNZEru9xjVxDLQEX63wA
DA:267,1,d2JU9nRU0muZs0q3W72Nhw
DA:269,1,uP2zXID3TLodzI1g4WNWbg
DA:270,1,Gve06/RZR+GrI9U5aZ+YsQ
DA:271,1,kYHtVIpSUWxlLsGZJKDgvA
DA:273,1,3N1wZIzl1+3wMfxG7i37fg
DA:274,1,MeY1+VWDRpD/LzYqkK00iQ
DA:279,1,PBOWSOsM4DI9NV/pnX0n/w
DA:281,1,MeY1+VWDRpD/LzYqkK00iQ
DA:285,1,4q6698WaCLPHb06H958G6Q
DA:286,1,MeY1+VWDRpD/LzYqkK00iQ
DA:294,1,gPB06OikezWC6hgYFqEoKQ
DA:297,1,0JO5DyGiTnR7OMRcvtNVMg
DA:298,1,D8iddshI2X/vw+sMr5tf1g
DA:299,1,Cw7Rfb+U2bqeqSoiDgOreA
DA:300,1,h5V7Wy5erZNCGYMZ0TXUFw
DA:301,1,p9ofjlpzIMdn4jlA/WqqRg
DA:302,1,pO+Gji0wbRg0mJuU8yAOsA
DA:303,1,X2Sd4xEdEAUiXNlrJl17dQ
DA:304,1,2vSPaKSAq0r5WMXwvERGRg
DA:305,1,xQvmzl4RnoiznpAjNfbKIA
DA:306,1,tQaoQlM5QNNPQdEXJG6mDA
DA:307,1,O5I4UEmQJy6/McdIdmA5DA
DA:308,1,dquiAd0b6I3SPuVFJDK09w
DA:311,1,O1DJppTilQ3DawUrz81mjw
DA:312,1,G360Sqxvolh7ehEBazgjHA
DA:313,1,P3CQUuZ1EPrMxaVAsauMlg
DA:314,1,Ac0cglpi907ABPYDJgkf8A
DA:315,1,h3NcLMOQzSgr4XOBW2evEQ
DA:316,1,vp48IcJgv6xBS9Gfhik+3g
DA:317,1,p7S9N2lDn9KXGDmuwZ1+GQ
DA:318,1,2fQRlobOHwS0rLrMwIlpXA
DA:319,1,/Eo3A4Dkjps0klygXoXFYw
DA:320,1,37yL5YXBUVzATG11GXRx0w
DA:321,1,OWhB4qbD8xY12rE8g1e2sw
DA:322,1,ZNyLoSAehevDZDULV5xHlA
DA:325,1,hZV9O5JA2YdtRF2gNQGaHQ
DA:327,1,jC3rMBokooz2XGShjt44jg
DA:36,0,P8Qiml6P2CZ6ImNjCT84aQ
DA:37,0,yFqvNP4yhUyK0z3CNP79zQ
DA:39,0,apkQQtiiE4JOuDIBvLOUjQ
DA:51,0,QbbK820HD94E37kBjXc8QQ
DA:64,0,o/OFOev/hOOYP4l7MpHVNw
DA:65,0,dSJ6aztLsPVE45ymHQu+Hg
DA:69,0,PAAMfQYj6MiLbmhQgNAIag
DA:74,0,wRChfFYHQQ7uq9WFi51nOg
DA:76,0,JOutFJxW3fdJzv4uQrKe4w
DA:99,0,Hm0cs8gkiNRXvhjVJyX3JQ
DA:100,0,i6QUtrye0ChJq1qHxACSFw
DA:257,0,xuqdzO6YsysyEtQruJaq/Q
DA:258,0,MeY1+VWDRpD/LzYqkK00iQ
DA:291,0,MYJMUe/+9Dbwxfsy9xJznA
LF:186
LH:172
end_of_record
TN:
SF:mhkit\dolfyn\io\nortek.py
DA:1,1,uqQzsyLE2snBclOsmsd0qA
DA:2,1,EZEzNmL93PY96zsSuI0PfQ
DA:3,1,IWWjrCeOtk8NNtrE95++2g
DA:4,1,QAF5Z6uvibCYe67nIZ5ozw
DA:5,1,6vWAvNsegNqafFN4IKLrhg
DA:6,1,WpEjgxacqgxANZhpobgHYQ
DA:8,1,bgDlA3GBRM9YYrC2Mx0nnA
DA:9,1,pmkysECgbf9WPaiLN2y4LQ
DA:10,1,QSxvgf9ByGwi/REu76UFUg
DA:11,1,ZN/MrJ9fMG2A2kCYKNMMvQ
DA:12,1,gDkfEhUZrrMbrCPcfN+doQ
DA:13,1,dYewW7VaqLY1nIhurhHElQ
DA:14,1,PLI/VzUYIM1p90XIy5aKew
DA:17,1,54ff2CNpFfgFM96Jkv1vJA
DA:45,1,RnDy4lYiKqAFak8D9GmMPw
DA:46,1,YXR9nOQn1IO5VgFLRARHDw
DA:48,1,XqNnf+gm63bRGrkx6bg3eg
DA:49,1,K4yyVyXvdD1I3koKm7NEAg
DA:50,1,AIHpnTpIhGO7qubLhxBr9w
DA:57,1,4n/vq4CVAEzcq/qDhYNxPQ
DA:59,1,4oUG/lfNNLpSf6To6vvlfg
DA:60,1,QoJfl/E3UEh2fiYc/F0x7Q
DA:61,1,9wl5YI1ic5lVo3Mzc48i7Q
DA:62,1,WwDSdR/DSr1p3prXD2MNYw
DA:65,1,h0C4cHKJ0DGmXzeU49OBJA
DA:68,1,aro0X6cvGEZ0vp7slmKx4g
DA:69,1,uO+paFL34U47NwD+tu91Pw
DA:70,1,A58JUl7VPLxKKUKVPemy8Q
DA:71,1,r1fZHigjz+jDtEFIjiy+5A
DA:72,1,sbduA5GMZfoFse4ZB0X71w
DA:73,1,iNrsxGqZMz1+XETibYn18Q
DA:81,1,pmV7phTs/ANBLZW0X/xF/Q
DA:84,1,xUhf5sJO7wLTwtjFtjyhwQ
DA:85,1,FXSFC/aURQZw40rCu+TYHg
DA:86,1,U/gEq2241tPmqIOoQF3KjA
DA:87,1,TjdUIg16679TTl25gprusQ
DA:88,1,7WjYYNcCOGlWYRD+1qr1Ng
DA:89,1,ETUNQQyveTvCtPMZUHwXjA
DA:90,1,QoFxx+QWM38jJYWCp1ktAA
DA:92,1,tSTFGLEIXhsGUL253CVc4w
DA:95,1,2J+EtMiysBuW3Fq2GVapTw
DA:96,1,DpV5eWPVNYqiCxNg9zwyUA
DA:98,1,BhiJougnTR7lHTvQkpix1A
DA:99,1,0Q9k6WdZCb0sUbwTM0o+NA
DA:107,1,+pbicpzMCbK7NiRqtExQgA
DA:108,1,JZ1t1dMA5snLfTdyk1v+3w
DA:109,1,OikXr+LOeMwMME6HfA8Efw
DA:110,1,tiu6QnuZWjqJFTogWWyGuA
DA:113,1,RnDy4lYiKqAFak8D9GmMPw
DA:114,1,YXR9nOQn1IO5VgFLRARHDw
DA:115,1,WhVt0BocTAmzeJYsTgwISQ
DA:116,1,oc8Zuo6ZeiwdNYMGmc3pJg
DA:118,1,jC3rMBokooz2XGShjt44jg
DA:121,1,WOM6VTOZ+l87i40kgxP9hA
DA:125,1,W1/sjw7CtmQKL9BsvSJLtg
DA:126,1,7CCXGU16iFd48NIGk+GHZA
DA:127,1,0JeAeUDh0KzuEj9yQlJQRA
DA:128,1,nlGrEoqjxNy9qJHqeoUvJA
DA:131,1,KkcrSDFQALh6xIbYXhMRtg
DA:132,1,LzYGkWNG7doNjOte0OMcGA
DA:135,1,W5a93L7XIN0amwcsh3LgiA
DA:136,1,s0itY8PfGHoJc15LvODnDg
DA:137,1,GpV7+y9kr2WmZAk5BiZWlQ
DA:138,1,WmmA5xU3xJ2RTwifmdO+ZQ
DA:139,1,PDqoagMuT1dZjdZcCfpqNw
DA:142,1,8Nz9R5dOF8gFagXRI8oe7Q
DA:143,1,/ZvqiDY7XVzMiSFdpC6ZCg
DA:165,1,zhNiBRfFCt+kHWlZd9TpFg
DA:166,1,YUtAvNNInJZobY4i+D5/kw
DA:181,1,4LgMgWBGno1n5MNJ8WRFsQ
DA:190,1,Zqo42zzzbliUlph+4017RA
DA:191,1,Mx8tZYPn6S21BAZPix2GOA
DA:192,1,EBaDAEQZUy8lsvIhk85fbQ
DA:193,1,dzGBXtMzYKG0K/4ma8/1zQ
DA:194,1,4nJIgwgh6FPCujs+jHbFFg
DA:195,1,cq84eWnD+OQ/SlpOazWXoA
DA:196,1,iqpmyxbOpF6cmJgWU5gKSQ
DA:197,1,MbCA3wFIQNqrRh1qLCyykQ
DA:198,1,j242O0wNY9GhbgS/DjmPDA
DA:199,1,xjcDBnSwra0OiNOAYAwoHA
DA:200,1,BCcjYfueZz4Z39+YvZfiIg
DA:201,1,aG8hzM939a6klmerpUAbhg
DA:203,1,O1IFcY3DQQMf+tOnNZVpqg
DA:205,1,GhMBrh3sUg442RCZCiQn8g
DA:207,1,dSJ6aztLsPVE45ymHQu+Hg
DA:213,1,Tzf46d/mpUWADRNji+oa5w
DA:214,1,M2OF+U02egoDP47zuHDodA
DA:215,1,6Trvyj7ubn+t9AbKkwZCWA
DA:216,1,bf5JgcMRGZxbHEU+fMJk1w
DA:217,1,21YbNlt7tmD2atxLkMcoXQ
DA:218,1,qtnrClcOuDw4lCvcjtE2ZA
DA:221,1,r26vR8ncrpu9AXsdh4v7FQ
DA:226,1,locVpugXm+1cIJTZGfnq8g
DA:227,1,2wezieABenahO5ES1I2QAA
DA:230,1,fxfP4KLnPNSFSDsm32Ch/g
DA:231,1,t/ZIFxna9lyjoCe4P9lMpw
DA:233,1,QZIEY4X5eLZfZagwFPJ+1w
DA:234,1,SJVlvtr4YcznowAht7Qk1g
DA:237,1,IIdG4CnCA25NocJ+0Q79BQ
DA:238,1,knDri7HTB3/8cncsixk17w
DA:241,1,TfcOoBQGOWNAy+/yI3ILOA
DA:242,1,egWWBLfXXXInFhZ7HYsojQ
DA:245,1,oq8KNZj2ZA3Hyx5hFty/wg
DA:246,1,6geGrdY258ipSQJ+ICyJhQ
DA:247,1,HOg51eiKvZtwqwycToEGCg
DA:248,1,2RxC0w8eeWgYuW0Wu95VGQ
DA:250,1,Y7y5H3DDQ4UsrmKUcl0ZOQ
DA:253,1,h88BuEjuvs7DVG7oN0HR/w
DA:256,1,jB2THVpfmFBTS/KWBta4gQ
DA:257,1,7sHVY9KBGyMgRWCM7mR1mQ
DA:259,1,lpjOYZqVHO+GXFyxLGApAg
DA:260,1,PbSczQV2oa6kRExTnI4nZA
DA:261,1,azDYlZKZpPADFu2F2X2uSg
DA:262,1,Gat5cJiUo/RwH5clr+QV0Q
DA:263,1,Awd37PmO0Xo677dcOi+7kQ
DA:265,1,cgZYNaDpNVoqDQZLmYDfmA
DA:266,1,3AjLnDC4UYiHR8pdtv6A0g
DA:267,1,5LpS1rMO4+Efygxoy9wvaA
DA:268,1,2DPBmRw8FxlbesfzoIcAqQ
DA:269,1,1WrGNAPTOt3BAmwKP7UT0Q
DA:270,1,joyfX+B2yUW8ZI5bcWde4g
DA:271,1,wj5woneQATDT1FgfBJVp1g
DA:273,1,NCpZwndVDSH+OzngReaf5Q
DA:274,1,2YgJchrevaaFDdCYViNv1g
DA:279,1,EL3Ux9d1gqHqe+KwH8vgnA
DA:280,1,bh/CBEOx7qoOR8yr/5ONcw
DA:281,1,ZJnrooW0ONpG/Z0NxktuCA
DA:284,1,Jt7o8qVRUhBAwLTJvvp4gA
DA:285,1,hjDp8pVHcRRa5u3FRlq8oQ
DA:286,1,jHAvaoA/g+cFfpfp2t2i1g
DA:288,1,HmADa1g/W1C2Vo9Wm4sNNA
DA:289,1,Rn2Ke7Y675N35sy7bLItAQ
DA:292,1,h5tP5iQe5Bo3rh0K1+W7mA
DA:293,1,oG6ltfhMbMnAXGGYD3q7qA
DA:294,1,Du7XJkVH/uKYMJxTKoXWSQ
DA:296,1,qOdm45ToZoeJnVV/YGEPEw
DA:297,1,aYjt82bjxaMown2E30pfgA
DA:298,1,/PWkN+kMofYlM3Pgog9GxA
DA:300,1,HmADa1g/W1C2Vo9Wm4sNNA
DA:301,1,/DT+YMR05T/ddSdfuhkVmw
DA:302,1,p/xYE3/HEFPZMz0zdqo2cw
DA:304,1,JQNlIHindtXs3eZHHjtVtw
DA:305,1,RZ1SUXe+LfAUVC+Y0ivMzQ
DA:314,1,7NLNCUcSKfFOcAvagYtJ5g
DA:315,1,M3qO6bLkz+QQW7k12JcFKw
DA:316,1,XckpBTEjXvmk7x4QS5U4uw
DA:317,1,VF+kioECxNuRdMpnNpq5Lw
DA:318,1,ufCyLV8NWqrvC0UTMgN6bg
DA:319,1,4zfxthKEjegi61oLonWpcw
DA:320,1,RMlC87TNXOCJKAYoZDWDGw
DA:321,1,mGo5hSqJTSZafkrYC1K8Ig
DA:322,1,tEBwRZX1xP5tN2rG50n6vA
DA:323,1,WZrLR1rMf+cosixFEULpfw
DA:324,1,Cld9faMRt88fJTOc24SRAw
DA:325,1,/GkkCDPlJJmcRT7/TdmtLw
DA:328,1,ePNgjNAT2+nzOYGwJH6ZUw
DA:329,1,GwjJiY+gxqDWXpWg8P8zsw
DA:330,1,HhlKK9nIW9lfSNvswkXIXw
DA:332,1,EHE+axt6rzHboc04moaofg
DA:333,1,RZ1SUXe+LfAUVC+Y0ivMzQ
DA:342,1,7NLNCUcSKfFOcAvagYtJ5g
DA:343,1,M3qO6bLkz+QQW7k12JcFKw
DA:344,1,XckpBTEjXvmk7x4QS5U4uw
DA:345,1,AI0OzH0d+Tg57PlduajWRQ
DA:346,1,elx7NSo/dcjq6aC1/tKTAA
DA:347,1,RMlC87TNXOCJKAYoZDWDGw
DA:348,1,4zfxthKEjegi61oLonWpcw
DA:349,1,DEAAhv6z7bwYTaVOPbNykQ
DA:350,1,tEBwRZX1xP5tN2rG50n6vA
DA:351,1,Q28HcPbqhz6iRbCFlAZ9LQ
DA:352,1,Cld9faMRt88fJTOc24SRAw
DA:353,1,/GkkCDPlJJmcRT7/TdmtLw
DA:355,1,bD6l+Vuc0qoK5/ST1+K8Ow
DA:356,1,cuAvq9dd2oqZBCMJit+HMg
DA:360,1,UFCCinwnYIT8nZvfG1QTnQ
DA:362,1,aKYU8HlY24a520BaZigMVg
DA:363,1,DDbOmFP4n/h7rZPV2yztuA
DA:364,1,iTHDeGB1S0Y7ip1F8GXlAA
DA:365,1,XLMTtJRneE0wKgQQPwaqDg
DA:366,1,KT9no09ECQJlQPYekrpruw
DA:368,1,NSGb9oWpvl71OMVH0ko/aQ
DA:372,1,+zaTeu4FeTUBBPn35NIqag
DA:373,1,4h4NtwIHg4BnHHE94M6/Pg
DA:374,1,yM2sFVN6lWQz2F6FwpgejA
DA:375,1,p1B9qlkSEpNQzFSVMvyNLA
DA:376,1,0LYECw4qnHL+aiDQJakfAw
DA:377,1,IfcJmJzizqOMsMU9U7p+tA
DA:378,1,+tY2r6d1P6cTjQar55xXDQ
DA:379,1,FI3Uf7/WSjSy4vugWPDo9w
DA:380,1,jGTUed3FCYO9N9FLEGTy1g
DA:381,1,BsGriOiT6r4Hjj68SPhKOA
DA:382,1,hHzgLByDgNyWvjWOj1oQfw
DA:383,1,H/u0jCMnf0IKleDAChL18g
DA:384,1,S7dekJ9Gw3Rhk7T1iI5o5g
DA:385,1,5gx4eiWQ5Gpv1cNI0l4CZw
DA:387,1,yANTSAIlHBVKu4CBaR4Z4Q
DA:389,1,OS7M55koBCpsWfNTNxjG5w
DA:390,1,yOqEv7ZJuSmDhfZqkT5Y+A
DA:391,1,hjDp8pVHcRRa5u3FRlq8oQ
DA:392,1,Pktfd2sJXdjkl4uk5lSlCQ
DA:393,1,F0kS7iG25hXEUT2DCON7gQ
DA:394,1,lJDq/pZCzUYSrNPdd0p0tw
DA:400,1,F5zpufw2SHMBM/g6tMaSGg
DA:401,1,ALGXvRpPxjruvGjoVIS+sg
DA:402,1,lJDq/pZCzUYSrNPdd0p0tw
DA:404,1,mWJJbJtJILUDeFFh1IKjxQ
DA:405,1,p5/1IHE0z1PwwIvKK/JLcw
DA:407,1,AWARUKBxdmrWT9nY0L6Cnw
DA:408,1,yfd4MxiSiLn0QmTwMFo3gg
DA:409,1,q+/SHLaKfEVRev7m/97lmg
DA:410,1,VKdPGnb0a4gYgKeSLHUSLA
DA:411,1,tnIRcFZVxmFCB9te+5vMpQ
DA:412,1,mbZMkLgd5VapIiPEAuLzqA
DA:413,1,Nmzqp8EmSAKb969HMbhnHw
DA:419,1,iWjmWeb/oy77p4A3y097WQ
DA:420,1,T5rEz+f2xsjOpfNi6mSfuA
DA:421,1,6ygeoRe+UMHzPZdiVtCHzA
DA:422,1,xjcDBnSwra0OiNOAYAwoHA
DA:423,1,Juk1nh64uDpOxAqK/AejOA
DA:424,1,vJVr7K3i9rShyLwGb+rDEw
DA:426,1,MRefUon9Y0eo7OBeC0ikiQ
DA:427,1,DyJQpRMwGOqyK4x73R/wug
DA:430,1,E/MHRwN7IOPF50vbRn01XQ
DA:431,1,S0YJ388cIx7WVUdE7wD3KQ
DA:432,1,b8gHCAOvJemj0Yixtu9nCw
DA:433,1,7Ygxku9egG44bWgzwRx2hw
DA:436,1,bILj4pY/pxwJC6+WfN+YlQ
DA:437,1,qoTs9pllMWCRSWP1z+H+Eg
DA:438,1,lJDq/pZCzUYSrNPdd0p0tw
DA:439,1,0/PkM5HHB68TQHppJwoyoQ
DA:441,1,lJDq/pZCzUYSrNPdd0p0tw
DA:443,1,S34TbkD46VgxeZEtJZIN0w
DA:444,1,ii0tGTRmliGLzJdOBdk8Zw
DA:446,1,9+7Sv7CqvB3sdPtcrFjhCQ
DA:447,1,nZi312JFv95851daRMM29g
DA:448,1,REofUrP65kzHEZC9n6Ai3Q
DA:449,1,X9IZJ/oio86I8t21EOwWrw
DA:450,1,wBSlf+BOnQ20KbDOcXkMjQ
DA:451,1,+gz2TN3znvebSwM6gOAMRQ
DA:452,1,JiCb5ZyJVVSS70UK0DJ2fA
DA:453,1,+xCpmxhmxru95W1y8V34lA
DA:455,1,NSjCLTxlZAdwcJIlNl5Zjg
DA:456,1,KAaz94GQ4WgwO/i+Kq8fcA
DA:457,1,xK17lKHrIjtzCM5nLfX7Hw
DA:458,1,ck1INxtUFWkVmNTzxsUz5Q
DA:460,1,eMJRJVD2520VBAqV4o3EGw
DA:466,1,SqfTk1tWXUej2ch5QU2p8g
DA:467,1,JkoHrqEJyOI0JFGejpbPhg
DA:468,1,xvWIcpcyNr0gyGcTkdMxXw
DA:469,1,lK5fJe94J8QeUsW3aslrWQ
DA:470,1,9Wyo1F1IICkGlSuOGiYBhA
DA:471,1,pOJwuGdEbe7GLbMcySd1QA
DA:472,1,hjDp8pVHcRRa5u3FRlq8oQ
DA:473,1,uibAx6XkH4N6NU+r5m2lPw
DA:475,1,SxIStqI/IFzX75IrowynIA
DA:477,1,Px5jEnGszWXWVfrPGBPUvQ
DA:479,1,yoS07aPRkbwCtfCJL9oI3g
DA:480,1,gq070CQg8FE70uVN45Njdw
DA:492,1,ALGXvRpPxjruvGjoVIS+sg
DA:494,1,MdqnkW9mu6JVqCT1jCUn0A
DA:496,1,hjDp8pVHcRRa5u3FRlq8oQ
DA:497,1,0Of0ojEvcrl/qOobtgue2Q
DA:502,1,ST5ckDJ6efJtZaVGMWKsig
DA:503,1,hDepeJKaRrMKVGFTVJ9HKA
DA:505,1,UDQ8IbchpYW6ZvAFuGXLWg
DA:506,1,pJ67PhYGrOR1+6+CuSU/jQ
DA:507,1,Ijsz0QzapPoSsrGO5ipSlg
DA:508,1,KVkj6+qgkWBrENVnV+NjcQ
DA:510,1,5QUJjsxSiPpWxAefxueMRg
DA:511,1,c85AST/wMbtyYyPWqn9Igg
DA:512,1,lwfpDZhLJIkshCrGAFBdCA
DA:513,1,DLC+u3ZPiyh7mRw9BBcycw
DA:514,1,1YvHCz84XG3RU9Okyvl9ag
DA:515,1,PPanPJQqe+I7nw+DTIdOyg
DA:516,1,MXHT9I4SMzbsxhpUVyvZvg
DA:517,1,64agSqD9fnDuTtFbvuivDQ
DA:518,1,g1RjN0HqzEo+YIGrqMsteA
DA:521,1,AuHv+sUEErC2oVEXoYu1JQ
DA:522,1,5LOpx7O0ZGpRIWw+6Gwr1w
DA:523,1,fZS3ijbS+OVrzQa/Aud7lA
DA:524,1,Ho1A63ghWF5OSo4v58PdPg
DA:528,1,nerp07FU6HNNVhgK+t9ihA
DA:529,1,mKFIgX5lfcWbYyYH59apkw
DA:530,1,KSNiD40WwnKFKvr6rQlb+g
DA:531,1,nbohYnjUFZJNyDCKKZdahw
DA:532,1,LF2e6Wd0HEUgPqxW7E00dA
DA:533,1,uiEbZK+1ji2EzBh1dA/lFg
DA:534,1,1D79MeLu700YWrCYgz+LkA
DA:535,1,YHAXcT4Nb7/RjahruggKwg
DA:536,1,f3X5iiacn3R+NSmca1uFZQ
DA:537,1,7yJnTiS5uFWVi0UcfEr+oQ
DA:538,1,hKF/MMqlzAM82vyKIPAOYw
DA:539,1,MEqo906X5BP7ToZYasfIKA
DA:540,1,UAMkVRcDz3zdemwqWhtWRg
DA:541,1,lC33Qaf84ySUkbr1UHQYaw
DA:542,1,r/V4L0JkAaWA3o6ZKwbgJA
DA:543,1,E6EMgeYECYLWvM+puYYgew
DA:544,1,FdrpnwjeIyOYNfvhRec+9w
DA:545,1,ZmK2uMY4SCOit2kAbnz8gQ
DA:546,1,IUupHv8NGi1D+GAM5atvRA
DA:547,1,OBKWiPmE1KYIR8hkNiwRkQ
DA:548,1,aiQ10XEXZh+3pUVNfvGcmA
DA:549,1,ilFTUpzQmlK1DwtM2F1WJQ
DA:550,1,W6kYuYY5gYGl6FCpq2euFQ
DA:551,1,Mx9g+UOfJuCibSIbqGcODA
DA:554,1,7DzZky6BV9o3D6K79qtIUQ
DA:555,1,YccBbQSdHawzw8JKPsqymg
DA:556,1,WJ5YnYp+8FeProAnAPjR4A
DA:557,1,+qwVQCh2tBBGutYXZ82hHA
DA:564,1,D/R5syBigNJAYLJ6+VBtLg
DA:565,1,OZPNPPeDpZ7BsHBR7QotAQ
DA:566,1,95erDYIwaW7Ve0rJOYgAUQ
DA:567,1,KbFoa2DcxBPpyFpCYv8r/Q
DA:568,1,Z3vtJi2BReiGDvTPpiQWkQ
DA:569,1,/rOdFe7dohsAe2P4fFw5rw
DA:570,1,PZVwiiEAc9Aq9M0M33N9Gg
DA:571,1,m2rRjpd6epTUWH6IX+VF+g
DA:572,1,/3XmRGIUs0PLD6prc2M8Ag
DA:573,1,guePLHjbSO3eHzgMQlSg9A
DA:574,1,1GWqQoAPkIdbjurTNESvIQ
DA:575,1,3HGVhnUYUV3wG87GL2Oo3Q
DA:576,1,wQ+tJiwqn5ruuGz24VNHMw
DA:577,1,MwZtSb/XGqFgwnh+ldBOiQ
DA:578,1,7KXVuJPI7IkKl6OEabud4g
DA:579,1,Tnkdh64jeGe3FTB9If1c8g
DA:580,1,WfORzzxNAPqe1wD9i7tcew
DA:581,1,WA63qBV3YHPZ/95sCGao8Q
DA:582,1,UH/tUoNewG4QWpopeUyppA
DA:583,1,J4KzXl+m1ayQ0cmK6ErNfg
DA:584,1,pyJ3V5g/OxkCvmhSPsvxWQ
DA:585,1,W4uCyODyk8nl8Ul/sPZk6w
DA:588,1,klckH7ka6VJVgTWB5PnA7A
DA:589,1,QtdylGl/FN7JK+6t0zmMaQ
DA:592,1,bTT9Lf9bY+DiPMiTVyluEw
DA:596,1,xkT93EO9HNbz/HVvwvPThg
DA:598,1,hjDp8pVHcRRa5u3FRlq8oQ
DA:599,1,0Of0ojEvcrl/qOobtgue2Q
DA:604,1,w5hte8KF/t9f1ZMcrltd4g
DA:605,1,QHACde0zm4GlCNfzyGnPZg
DA:606,1,v5aarYJSrXJ2+YpDV88zHw
DA:607,1,RYceQ3xshrP5D1SizXx4fA
DA:608,1,Dhgfme9ioRpwBZjC+collA
DA:609,1,ceAJJAIHjkfjPO5sv7hzQA
DA:610,1,gfNGX/ZJXPCSURDxNNf1KQ
DA:611,1,x9oMCtAX0TExeNEz/OUNzg
DA:612,1,l++A5KPPwaLm3ajRWHASow
DA:613,1,8ZFpOTPRzWPTUoXsXZYOMg
DA:616,1,3HGVhnUYUV3wG87GL2Oo3Q
DA:618,1,cGE0lkeUHs8I29I52qhBIw
DA:620,1,hjDp8pVHcRRa5u3FRlq8oQ
DA:621,1,0Of0ojEvcrl/qOobtgue2Q
DA:626,1,vvZtdcxM6P1eKf/2cIzGBg
DA:627,1,HaalmeJt8Ll0ywo6Zt43fg
DA:628,1,2az+vryoG+EKq78ql6Q4cQ
DA:629,1,mDveIj1Bjmyh4xENIvNUxQ
DA:630,1,uJdUcxHbrGyynBenA6Inlw
DA:631,1,BmzOHDbimfQgV2+uBgd68w
DA:632,1,ykUCuSMFPRjVmOEBGuJebA
DA:633,1,G9mYq+VFMxFxlsLRoymzxA
DA:634,1,R9ZRJLcmRqqxWy3Brgr7Pw
DA:635,1,CDaWy4ZHDrW6ibinRBlsog
DA:636,1,cogs2gAiy3hzoAYUXFJWmw
DA:637,1,xqS02kPIIFdbJHnjd0JKyg
DA:638,1,VjW3C6BWgFEFu2iXpwpKyQ
DA:639,1,nSJM4oeoVgbriW2cY1iclA
DA:640,1,8fS8zi+yKHy0amdrdu5euA
DA:641,1,3HGVhnUYUV3wG87GL2Oo3Q
DA:643,1,MemjeJr21R6XuoHpHrzyYg
DA:645,1,TUJUiOm4ZfUVzVUuggrHLg
DA:646,1,z4/eSfNWHr5WlhmB9z3yGw
DA:657,1,WdCc0RGcUGafQ5u/JkqbcQ
DA:667,1,tymArRO3D8g+SHg1QAfxJQ
DA:668,1,xjcDBnSwra0OiNOAYAwoHA
DA:669,1,j4uNiFc0bLT2t9XXNxMJRg
DA:672,1,C1lBoiAUXo9dc485LGU/fw
DA:673,1,Mzno7/V04tnFsvwdBHJ0vg
DA:678,1,rkX/oH4V4PWHxV2GAFB6sA
DA:679,1,BJ///Q7ewf4WbWOy4XfXJQ
DA:680,1,vWoPb31xG1YutzgFT5PhrA
DA:681,1,i33A4Ajmvq0mJomCGarvSQ
DA:682,1,xh2Kiv73/GYdBwRzYW1yKA
DA:683,1,0D9z9s5v+r6EGeI5a+ugPQ
DA:685,1,fXadtzBawlOfVhyDuXFzrw
DA:687,1,AgsVbo5L4FSbO0xR1anS/g
DA:688,1,nuPvxkktHNrdssQ0EDYx6g
DA:689,1,hjDp8pVHcRRa5u3FRlq8oQ
DA:690,1,0Of0ojEvcrl/qOobtgue2Q
DA:696,1,2HEXPkp3qAVzn2pZOBNuKw
DA:697,1,IVtPiH9nHs2gCWiRx2mfqg
DA:698,1,UjsrCgQwzUZ9n0A3HHBR0g
DA:700,1,H/LFSZmhOM7VZbRLf1ir4w
DA:701,1,hLSHnfdTLUI5zm7tDu2L5Q
DA:702,1,M3qO6bLkz+QQW7k12JcFKw
DA:703,1,4O1BGr2eLEGj+msi0kSxrQ
DA:721,1,3HGVhnUYUV3wG87GL2Oo3Q
DA:722,1,q0zQfkGAKj4mORc0OlO3Lg
DA:724,1,XZeyGF5AhrSqZgid2QWlCg
DA:726,1,hjDp8pVHcRRa5u3FRlq8oQ
DA:727,1,0Of0ojEvcrl/qOobtgue2Q
DA:732,1,QPM763EmOkkhCtRw78Ta7g
DA:733,1,B2RoITvDmLfH/7+lJc1mOQ
DA:734,1,JjWYKP6Gs/o+8T9A6njJ1A
DA:735,1,kZSOtQbX/xDUNcdPo9SU+A
DA:736,1,IuKXb9uvsVdsSHQUMdvb9Q
DA:737,1,xwcQ0z0JOFvctAUsez52ZA
DA:738,1,a5W2b5yS/vIjwp1REoFb7w
DA:739,1,efZ4/G4uMfSjgp6hezTqig
DA:740,1,e8WkmHzWD8hXhYGAe4mB4Q
DA:741,1,DM7xgGTyxFXqrfCnOQ2jgQ
DA:742,1,xMo31jGAmTZQZkbCf/dlKA
DA:743,1,s6d0r+xXnRtTJKlGQubgoA
DA:744,1,Y693ATzBqm9orMdmjUofhQ
DA:745,1,mBQ+N0uEkXqxIUzp5ubOZg
DA:746,1,TB9BqdmUNgHIskKnje4Ifg
DA:747,1,TbgnUrC1TDtIhvmSnzlDaQ
DA:749,1,h0jgrtor6kHQG21ykwNudA
DA:750,1,KfZ3wQ+Ttv3R2HHkwZUQvA
DA:751,1,CiCq1vSDMsfkqA7Tnioq1g
DA:753,1,OpTDsPtYbOounRHVaa90nw
DA:764,1,4+H/zFZ7N72V/7gXLnXKXg
DA:765,1,Sso85krLufhK6FMSYSZCYQ
DA:768,1,KTVrVdpDhIRBYywHv9TE2Q
DA:769,1,49CYaWuUjIB3Y5DY8CB+vA
DA:772,1,qSgUwJLPrC9lZRwpS85SFw
DA:773,1,+JDOWHDHQqI8LCMGZGxdwQ
DA:775,1,iPkl4cv83bsgyaEnu9XCGA
DA:776,1,LJXjORs8qg74wjLTCnQDxg
DA:777,1,nuPvxkktHNrdssQ0EDYx6g
DA:779,1,6GbJffGlsMqkHnFKBnzjyw
DA:783,1,KdRILbizwD8ByCumwMwedw
DA:784,1,17u7OkxbpEPtukNAoa9PKQ
DA:785,1,A8aJZuZS4OuGhw7SqDmkXA
DA:787,1,eyBBRhyLo5AOWP7sk37XYQ
DA:788,1,0NCV71LH9t3Y4jTagTI3xg
DA:791,1,2bUbFJlzdnvt2PjX4MsTzw
DA:793,1,sJ9fSC2kHDzh2p/Y5h7vQg
DA:795,1,hjDp8pVHcRRa5u3FRlq8oQ
DA:796,1,0Of0ojEvcrl/qOobtgue2Q
DA:801,1,iWvKcCF1wA6fa61TIyFLvg
DA:803,1,TWblqy0LWxL11C8N5zSF1Q
DA:804,1,C5mkxfAgYYB9JGAl5KKkbg
DA:805,1,81zgJYYhMJUro06LGQ6FkQ
DA:806,1,ft6iRc7E+ARcBwCcAfSruA
DA:807,1,TfyOT48Rl4FkPOAD86K8Ag
DA:808,1,DXxqE5D9s0CJoU7E1gvXyA
DA:809,1,BoccmAywYJfkMqufyWzwOA
DA:810,1,kZsWeqXczMc3bUOgNKSiTA
DA:811,1,W2Fie2DvfIcxjRJZKe5+Uw
DA:812,1,E0ZCiFLJ7yF4G1uhB9N8BA
DA:813,1,uy1vx3AsYE0XCTObuM+FZw
DA:814,1,wJOFw5B/DYmAeuItmVk/oQ
DA:815,1,3HGVhnUYUV3wG87GL2Oo3Q
DA:816,1,qOWVvOevuPDRYEPaibviHw
DA:817,1,Oi+b/IdSXZ8qBou6lhhsOA
DA:819,1,ysGSBAlAdyvNRqynBc/49Q
DA:820,1,qmykWY0J/b/xIJb8WM9CmA
DA:821,1,ascB+SGQ/WWJez2vZ+oL3w
DA:823,1,iiAtVIJolKBFwZ03U0Awzg
DA:825,1,AgsVbo5L4FSbO0xR1anS/g
DA:826,1,hjDp8pVHcRRa5u3FRlq8oQ
DA:827,1,0Of0ojEvcrl/qOobtgue2Q
DA:832,1,nuPvxkktHNrdssQ0EDYx6g
DA:833,1,daxacwjjX41NVzs1cF3KOQ
DA:837,1,wLE4HhAlxIRsibXCr4T6tQ
DA:838,1,nMkBapeVMqQ3QqT7dv+lLQ
DA:839,1,3xtjbva+rLkT7ur7oJucDQ
DA:840,1,D4EZCYeTgcdyE3sjArRV8w
DA:841,1,S7dUAHFibVSRst53J8z04w
DA:843,1,T9pHPcRwg8OwGwyBWaObxQ
DA:844,1,hLSHnfdTLUI5zm7tDu2L5Q
DA:845,1,M3qO6bLkz+QQW7k12JcFKw
DA:846,1,4O1BGr2eLEGj+msi0kSxrQ
DA:857,1,3HGVhnUYUV3wG87GL2Oo3Q
DA:859,1,07K8lNKiXcAoVsswg6RqTA
DA:863,1,nuPvxkktHNrdssQ0EDYx6g
DA:864,1,F4yVv66K2bHI0ALavl8ZFA
DA:865,1,tQr/fU3DGKURmSKXEChSPA
DA:866,1,AFnBkH89X9LxLeSSGGVYOw
DA:867,1,M3qO6bLkz+QQW7k12JcFKw
DA:868,1,BRXbXh0F1u4/x3sPG5erkQ
DA:871,1,WU0fiml1CDhPWfLzRiE9Fg
DA:872,1,fe32AUbhaZvt/SVOXzBOKg
DA:873,1,+0ZivVMxpi2PqXFqy7yljw
DA:874,1,vRfIgnyMQ9pBOGdlSGyaow
DA:875,1,utnKZupWq5DFVLfdB3dJcw
DA:877,1,pbOmnR2u32RBNp48HfgdhQ
DA:878,1,S1X7UDajHV9VY7Y8ef+u2Q
DA:879,1,jwF6IaBeKdLe0nHRHNLKuw
DA:880,1,W0i8i3MoKGbb/uiPLhhKMQ
DA:881,1,kOEQMIEdo1XlORkKLCTjWg
DA:882,1,pOJwuGdEbe7GLbMcySd1QA
DA:884,1,cedu5Cjm4PsUXgqG6suO7Q
DA:885,1,Q73ye+5uNU3vB4zdMUZCuA
DA:886,1,cmsYtk9TsQdSn3/JPa83qA
DA:887,1,GukZfj01NM+75Ni+9w9/Kw
DA:888,1,9Rt9VtBv/k3CBn46SClU0Q
DA:889,1,wkCGclWe/k9oUc0fkHJ11g
DA:892,1,kE4yLqOqPsy2vWfmSfMqFQ
DA:894,1,K4TdroyI6cM3zb97FmqD6w
DA:896,1,tPAGF7pUhbDWzNHj9euKuA
DA:897,1,uy8YFGtE4M87LPk22j4L5g
DA:898,1,tXqTEsoUIedJEuj+Z30oNQ
DA:899,1,Cnq9CbwIFoym6Ar38NJrZg
DA:900,1,a7xakVTn9hL2ZxrrMdSeEQ
DA:901,1,hDMaWIwLU+TkbIlP2Nc3SQ
DA:902,1,/QnGZuiD/YGxrBdQHlWFqA
DA:903,1,eL6OQU5BwAjmHRFq5M4FrQ
DA:904,1,X/2r2IOPd05gOvYSxz11Mg
DA:905,1,SuRyUjQI/MPy8OhbKjZZVw
DA:906,1,krh8A/xkaiJQysF6oaLm2A
DA:907,1,l4PelPbX9P4GQ6kSnzX9bg
DA:908,1,Lg0YNdYSWWx0ieJhCXz4sQ
DA:910,1,YqVgq5mpYs0PVP4D4ZHqCg
DA:913,1,UIMlSsa4Fx1oGiFbf9QwbA
DA:914,1,b3wIr2gFyStrhVtgBU7dOQ
DA:920,1,gX5qFXFgCZc0bgImXCaZYA
DA:921,1,nR8doQozeznC7iKQ5tZ+WQ
DA:922,1,n5Q6IAoBKGGId+3AsGtnTw
DA:923,1,0o+3zkHFjWaqbJ+g0O8voA
DA:926,1,hjzjUru99lx0+e0CDuMfyw
DA:931,1,idPZ+2uN/ymGBzyYz9TwOw
DA:937,1,dlf1+wU05Mxu2WombgSHVQ
DA:938,1,hjDp8pVHcRRa5u3FRlq8oQ
DA:939,1,0Of0ojEvcrl/qOobtgue2Q
DA:944,1,ArDAAILmNGMsnl33ikqiOw
DA:946,1,XJJp6obrEHvitP7E9oepPg
DA:947,1,L+/GxqCMATEmzlh91TnUWA
DA:950,1,BDdeQYkpVUOdmTuO38n+hQ
DA:951,1,oyyv2sd1rHQITXexVPyXRg
DA:953,1,AgsVbo5L4FSbO0xR1anS/g
DA:954,1,nuPvxkktHNrdssQ0EDYx6g
DA:955,1,M3qO6bLkz+QQW7k12JcFKw
DA:956,1,7NLNCUcSKfFOcAvagYtJ5g
DA:957,1,0lDpmoDkmttZMoH0zN+eZA
DA:958,1,C9KVjNm5S+TVWYCEo6LDAg
DA:959,1,4sjCNN2ZoSEcri5zoUX9ZQ
DA:960,1,J/5rHnpjqVzd+snPLh1RIw
DA:970,1,Ey7X3hB8zDd5QUOD74Y/LQ
DA:971,1,CMf4aP0kiBYOi0N1jBswBQ
DA:972,1,DCRvxNAkel+AHm7A+DjpGA
DA:973,1,ypELzUwi8clOBKIwtiM/dA
DA:974,1,Z3seirHCQa0rCLlMdQqHDQ
DA:975,1,mgot3Q2In653D0HdZiveQA
DA:976,1,Ep41iOxXuPE6X9ooYZMnyQ
DA:977,1,kLJgaDJh7zDsrjbhv5N+FA
DA:978,1,DYc3Mf1mYLjPR/f17rwQVA
DA:979,1,K+si/ePZjzhSQSGdpJ5eXA
DA:982,1,ujOR+Yj5GXYOwrCLjo6ZEw
DA:984,1,sqm1phjU1nQ6PyIeJqPUgw
DA:994,1,RLWkmLu4rjmZ3xg8XnWPZQ
DA:995,1,P3J81G/3MfY+AEuyNuhOJA
DA:1003,1,h8B7BS3BRe3kJuzfqlomxw
DA:1004,1,cuVZby3mc01K0hge0/0hUw
DA:1007,1,2LXjabcbZSA++PrqaVRW/Q
DA:1008,1,pmhfnm3bXB1hyyiBNftuPQ
DA:1013,1,2qwziG8tp/YMTQqLnMBfGQ
DA:1026,1,/jPTf7zP+L48Y+sAB7Pn2w
DA:1027,1,0ssMAgIg/uvWrYccyKSwbg
DA:1029,1,5nBORtZLQ5YMezJskGk2zw
DA:1032,1,zpDDQDn8Qoaq+PZ1RcPlWg
DA:1033,1,azvXqaB82C1ecb4W15PiLw
DA:1037,1,HKxYeNkDRQUvNpHk096vnQ
DA:1038,1,JSnOWCot7srIpoOciE55cA
DA:1041,1,4TDi0M3svs+4jJ6mziHYrw
DA:1042,1,SAA7FcxHeGK9wOFYXeeuEA
DA:1046,1,yJFTQpifwDYxpYPLV6fqFg
DA:1048,1,FGfgKEpZWyQO2N4GQ9zODA
DA:1049,1,nJw4w8Kc8B3wxZdgVd9vBw
DA:1054,1,nRIlEVFTqTlHHanacNMtMQ
DA:1056,1,nuPvxkktHNrdssQ0EDYx6g
DA:1057,1,hjDp8pVHcRRa5u3FRlq8oQ
DA:1058,1,0Of0ojEvcrl/qOobtgue2Q
DA:1063,1,b5VHN0Iv4dnr4xhsSgmo6w
DA:1064,1,VaMGYBUfQ68Zp6NRNqSdFA
DA:1065,1,yTLueHaXKheTm5E5r+kHKg
DA:1066,1,uCANTe2XV0miyirQipJCGw
DA:1070,1,E90zUeQ5SZhHyzzF09g/4g
DA:1071,1,Jx5tsHeG1r2svHIGaXjv6Q
DA:1072,1,AgsVbo5L4FSbO0xR1anS/g
DA:1073,1,T9pHPcRwg8OwGwyBWaObxQ
DA:1074,1,hLSHnfdTLUI5zm7tDu2L5Q
DA:1075,1,M3qO6bLkz+QQW7k12JcFKw
DA:1076,1,4O1BGr2eLEGj+msi0kSxrQ
DA:1089,1,wfrZ5IbAlQ53JNYd79idbQ
DA:1092,1,MSY53EnwgeJeJ1DnYTaYbw
DA:1096,1,ZZ1tCRxk8Nd84iuOXYo2Vg
DA:1097,1,GC+kYDs3GKpt/zOs9OeQow
DA:1098,1,ApmsjWYeSV5MT1URcPF3FA
DA:1099,1,3HGVhnUYUV3wG87GL2Oo3Q
DA:1100,1,q0zQfkGAKj4mORc0OlO3Lg
DA:1102,1,AJ3d3a3JyrHVkrgOM35RkQ
DA:1103,1,qEBUZ5C7VtVCGyyjWsNQgA
DA:1105,1,4ndAItjeKsREoxMVXs3GBA
DA:1106,1,aOo5fIkdKEoresy6MqeCSw
DA:1108,1,aNRyPd/RKiaSHTZErkuc3Q
DA:1116,1,UtwYeBwYS5JXuAPDevic0Q
DA:1118,1,Egr08Md0zrh/TZL1RJhclA
DA:1119,1,toCW+FXQQCTqhJym/EpskQ
DA:1120,1,zonmRK6zL0UlwLZeyIj8aQ
DA:1121,1,ZZt9UoSzVXgSHCrIFlG1pQ
DA:1123,1,8OsM0FQj2cJ5ZZAi4vgtCA
DA:1168,1,RHOyYxHF14fsYM5gM/rbrQ
DA:1205,1,+1z7hQtFmx/KqJcHy5kKIg
DA:1206,1,wHjEP2qSX/uEg9zrGwvaSw
DA:1207,1,dnkDLdyXpdoPUMTzlxl7mQ
DA:1208,1,uRKBAblIfkIqL+CKzHWMMg
DA:1209,1,ntprhiw1hAJl1KCW3Oi8LA
DA:1210,1,gJEz1cghA1oMTS38RrUdjg
DA:1213,1,xQKaQDy2dJbbpC+Quz68uQ
DA:1214,1,zZEBWfooKh2EBkDVECKHNg
DA:1215,1,gvDfMDYTVLC+mTMrg0/Hsg
DA:1219,1,QmPrGMSyhi7q2nMlijAimA
DA:1220,1,XtAX30QRtrEV6R2bngQd2Q
DA:1221,1,vtlm60GqY8U6lcFJ4y6/sA
DA:1222,1,o51aL6u42gcZGPtwejTfwQ
DA:1224,1,jUNMxDLR8oMKlvOoZ8ce4A
DA:1225,1,g2rfi5SCq6N3o9G6MSs2NA
DA:1226,1,r+VRpHlmHKc05Hu7keNPkg
DA:1228,1,BXLXwq7I+kQLlH3iZzFFbw
DA:1229,1,PDqoagMuT1dZjdZcCfpqNw
DA:47,0,WhVt0BocTAmzeJYsTgwISQ
DA:74,0,kKKVYv5Hjpea/9lQW4Q0aA
DA:75,0,dSJ6aztLsPVE45ymHQu+Hg
DA:80,0,b31GJR7dJ9tswZCvnd1qEQ
DA:206,0,oJQWMcX2Y0LAiCLEoHwbfA
DA:219,0,tKcgzJblbu/nI9FwPGCazQ
DA:236,0,RlnPrARlAfzjteVfWZsu8w
DA:240,0,4xKd7eQQpzsrz8rLG1QoLg
DA:244,0,4xKd7eQQpzsrz8rLG1QoLg
DA:358,0,KVvBHtRRgDf1d0CMVtnhUQ
DA:395,0,wE/HVD7tdITXHHTVApw90Q
DA:403,0,L8iMqwaGPMyRHFsqJc5M0g
DA:415,0,gLMQl0cinguA/Qt1372e5w
DA:416,0,mkIhXUw1fIRqQRf16MzEMg
DA:417,0,9f56H9JwSkG6wBhMC8xW8g
DA:425,0,bILj4pY/pxwJC6+WfN+YlQ
DA:428,0,VqOV41RhvLN9g5QIW3lrBQ
DA:429,0,duo3uaHJWt12IGHSTBh7Gw
DA:434,0,HZignZpWXv+YO7awpCS5QA
DA:435,0,WUFo23RnoHFaGcK5VW6y4w
DA:442,0,nPHNuI2+K2BOk9ZS8+LgGw
DA:490,0,sYBY+66BrcEx1gEldQrXIA
DA:670,0,Iyc7OFdUwu47XssfhAqplw
DA:671,0,B+ZJQ8zBxPMiDZhsnR0Fag
DA:675,0,jOPfX0SGBGj2UUilMr6yKg
DA:676,0,WeHlyZD1m+Exw8VleGasoQ
DA:766,0,OpFFXZ1IwGsEZTaKyKJWNQ
DA:890,0,vd3Wu9siyfxdBUK8ijLAYQ
DA:924,0,QDhiXTJvK4OpXMZWEmzrqA
DA:925,0,WnebI+eOUOXlUsUg0kqX2g
DA:927,0,gljlIXPXb6j35JMymIUhOA
DA:928,0,R4poZDJVF0BNZ8DC7e3+lA
DA:932,0,VdJ5KSGdN1AmU/IO2DW8vg
DA:948,0,nK6SPl6n225y3h+nUcfy8w
DA:961,0,TM0NuvicwFfX14ZgkmfVMQ
DA:962,0,DCRvxNAkel+AHm7A+DjpGA
DA:963,0,ypELzUwi8clOBKIwtiM/dA
DA:964,0,kQJjXNzV8nA4rDdlLlTzsA
DA:965,0,I6jXiXKqsRTNKZQZdgp7ug
DA:966,0,Ep41iOxXuPE6X9ooYZMnyQ
DA:967,0,kLJgaDJh7zDsrjbhv5N+FA
DA:968,0,kOJQOpq/WrbKJbPqrfnJrg
DA:985,0,dC4kK7c7uNsUf2amdDdWxg
DA:986,0,ypELzUwi8clOBKIwtiM/dA
DA:987,0,DCRvxNAkel+AHm7A+DjpGA
DA:988,0,Z3seirHCQa0rCLlMdQqHDQ
DA:989,0,u7ggzVhurY1JL85QiUH6mw
DA:990,0,Ep41iOxXuPE6X9ooYZMnyQ
DA:991,0,kLJgaDJh7zDsrjbhv5N+FA
DA:992,0,hvtYsRv+aztW2NGtKVMUlg
DA:996,0,G1TNcyEYeEYKtHPw6aE5Bg
DA:997,0,EY6DTDhAjK3T+RNk5haQWA
DA:998,0,KY6s2cuKLM74ek6WmHt4sQ
DA:1002,0,pFQHh+h20IM35Bp4kG63dQ
DA:1014,0,h59XJzY7Fno57lMOOFYwZg
DA:1015,0,DG8V4oWxc6UNtV48DyhiXg
DA:1016,0,cHtrhjzjv2H0SDnnjVpPSA
DA:1017,0,yUOtlbIWt3KkvRXvpHZ4Kg
DA:1023,0,xDDRF1YI5BFNqAFG7KsQPA
DA:1024,0,mkIhXUw1fIRqQRf16MzEMg
DA:1025,0,9f56H9JwSkG6wBhMC8xW8g
DA:1051,0,6ohv2pO5HXdjZ7CcgLRH7w
DA:1052,0,ptmrOVz6EgBH888KUb+BPQ
DA:1125,0,AgsVbo5L4FSbO0xR1anS/g
DA:1126,0,hjDp8pVHcRRa5u3FRlq8oQ
DA:1127,0,EOoSpHVggUagTZA3Y4uHMA
DA:1132,0,C5mkxfAgYYB9JGAl5KKkbg
DA:1133,0,nuPvxkktHNrdssQ0EDYx6g
DA:1134,0,hLSHnfdTLUI5zm7tDu2L5Q
DA:1135,0,M3qO6bLkz+QQW7k12JcFKw
DA:1136,0,nMkBapeVMqQ3QqT7dv+lLQ
DA:1137,0,d41eGRLr5UY5IMfQOy6JsA
DA:1138,0,BUnsNTCdwwFsUNUGiOgE/A
DA:1140,0,IuagDRNMC28dXR8o1UqjfQ
DA:1141,0,T9pHPcRwg8OwGwyBWaObxQ
DA:1142,0,G//UP3RH1A5dP6zVkjNrTw
DA:1143,0,ZtWq+1sjQLc6zMGfq7+2oA
DA:1144,0,0Gnx4smaYhuAuIE6bkwGeQ
DA:1145,0,Y0CokOZXSn05REbfq3qqAA
DA:1146,0,wcqxXoj7MgBkWB2jD1WMjw
DA:1147,0,uyWHCzJLaw3bNj0llzVcXw
DA:1148,0,974lANaRugSoY0te0mbVng
DA:1149,0,MGUyXcV+jry7/+hP3WDWMQ
DA:1150,0,ZKjvEY0Hw8VBB3OiF26B+w
DA:1151,0,ffCY5ElyGgVITDHCelTpug
DA:1152,0,8rhQnERdwfIBmAOHSInu/A
DA:1153,0,77dlErXUZQiq7WzqEjE6qQ
DA:1154,0,LbXL54nzwAJHUGCFeirdNg
DA:1155,0,XsJRU2HYw6UHqlni3DG51A
DA:1158,0,o77w4VA5fQH8+6gQmP8t/w
DA:1159,0,3gsww0opF/Y/EmTN8nFdiA
DA:1160,0,3HGVhnUYUV3wG87GL2Oo3Q
DA:1161,0,qOWVvOevuPDRYEPaibviHw
DA:1162,0,Oi+b/IdSXZ8qBou6lhhsOA
DA:1164,0,ysGSBAlAdyvNRqynBc/49Q
DA:1165,0,qmykWY0J/b/xIJb8WM9CmA
DA:1166,0,ascB+SGQ/WWJez2vZ+oL3w
DA:1171,0,AgsVbo5L4FSbO0xR1anS/g
DA:1172,0,nuPvxkktHNrdssQ0EDYx6g
DA:1173,0,hjDp8pVHcRRa5u3FRlq8oQ
DA:1174,0,EOoSpHVggUagTZA3Y4uHMA
DA:1179,0,xKHqyHnQnO4LPCA2+93IIw
DA:1180,0,Gtv/5LAyv2bYfS7ls3wx+Q
DA:1181,0,BkzrTpLnKNTYIscMmFt/vA
DA:1183,0,H/LFSZmhOM7VZbRLf1ir4w
DA:1184,0,hLSHnfdTLUI5zm7tDu2L5Q
DA:1185,0,M3qO6bLkz+QQW7k12JcFKw
DA:1186,0,4O1BGr2eLEGj+msi0kSxrQ
DA:1202,0,3HGVhnUYUV3wG87GL2Oo3Q
DA:1203,0,q0zQfkGAKj4mORc0OlO3Lg
DA:1216,0,Yio0bY/xE9GsolvXmt+yKg
DA:1223,0,sOvtOfk75TbAtTgkgicGHg
LF:731
LH:619
end_of_record
TN:
SF:mhkit\dolfyn\io\nortek2.py
DA:1,1,IWWjrCeOtk8NNtrE95++2g
DA:2,1,LnS1h7yBnhLpWr4YzPFXog
DA:3,1,uqQzsyLE2snBclOsmsd0qA
DA:4,1,6vWAvNsegNqafFN4IKLrhg
DA:5,1,EZEzNmL93PY96zsSuI0PfQ
DA:6,1,OaTlemF3bXMi5MP7Db8vkQ
DA:8,1,8NS9uRhlUhPrARP+HEsvjA
DA:9,1,nyRTugITjy17C0lq7k9muA
DA:10,1,Q3yo5aJ31ViNCSV4GNHG4Q
DA:11,1,7e9ySCLS7ar4SZVwkh+uYQ
DA:12,1,dYewW7VaqLY1nIhurhHElQ
DA:13,1,84SpmAPwjCSgz+tVAHKpdQ
DA:14,1,ZIBOCDW1UpH7ju6SJ8ys/g
DA:17,1,drYHXowIjNCIGVZfBPN1Jg
DA:53,1,RnDy4lYiKqAFak8D9GmMPw
DA:54,1,YXR9nOQn1IO5VgFLRARHDw
DA:56,1,XqNnf+gm63bRGrkx6bg3eg
DA:57,1,K4yyVyXvdD1I3koKm7NEAg
DA:58,1,AIHpnTpIhGO7qubLhxBr9w
DA:65,1,bc3/dOLpOre3ibd30Q5Fgw
DA:66,1,JkeRMuAKXEFiCflPdhF0EA
DA:68,1,xjcDBnSwra0OiNOAYAwoHA
DA:69,1,QtJ34l8b4Dvm2SNFnqNIEA
DA:70,1,aG8hzM939a6klmerpUAbhg
DA:71,1,O/jjvfB+8Y4jI/sfWHTcgQ
DA:77,1,4n/vq4CVAEzcq/qDhYNxPQ
DA:79,1,OTDbTlHMlRngTNQNGEm3ww
DA:82,1,f+/QOrp2tWRDezkrH5X07w
DA:83,1,TEDTvjAPgAdT8zANsX/0JQ
DA:84,1,42N31ZM1jN3D/Rax2049Og
DA:85,1,vnVCvj/Qp6EvLmwGJ/rPEg
DA:86,1,YXBlt3KfkwSLVSQwrQAl7Q
DA:87,1,tzRrq+RkT3MEZbTFBLBIhw
DA:90,1,u0QjjgWmYLumk+WACMmVug
DA:91,1,uO+paFL34U47NwD+tu91Pw
DA:92,1,A58JUl7VPLxKKUKVPemy8Q
DA:93,1,r1fZHigjz+jDtEFIjiy+5A
DA:94,1,sbduA5GMZfoFse4ZB0X71w
DA:95,1,iNrsxGqZMz1+XETibYn18Q
DA:96,1,kKKVYv5Hjpea/9lQW4Q0aA
DA:97,1,dSJ6aztLsPVE45ymHQu+Hg
DA:102,1,zNHwvKsswO5dpY1iHVDWCw
DA:103,1,TLtIB0Qx2g5apNs6f2NyNQ
DA:105,1,FXSFC/aURQZw40rCu+TYHg
DA:106,1,U/gEq2241tPmqIOoQF3KjA
DA:107,1,+FqnGFxTh/TnjNc6UohzCw
DA:108,1,QoFxx+QWM38jJYWCp1ktAA
DA:110,1,RHB82NbqHUJy5AGGlAEYpA
DA:113,1,KurxluQUHKQqGev7eV4eHg
DA:114,1,DpV5eWPVNYqiCxNg9zwyUA
DA:116,1,BhiJougnTR7lHTvQkpix1A
DA:117,1,2wOzshMEP8A6ayw2PrOOhQ
DA:121,1,OikXr+LOeMwMME6HfA8Efw
DA:122,1,Pfv5HOcxVWOK72uhsYvMeg
DA:125,1,ZBp7vQ7EK9fs5X0OkAyCmw
DA:126,1,TddOZ+wOtDv8NVXa30Uabw
DA:127,1,2JkBQ92yYcnkG2la9MCDdA
DA:130,1,RnDy4lYiKqAFak8D9GmMPw
DA:131,1,YXR9nOQn1IO5VgFLRARHDw
DA:132,1,WhVt0BocTAmzeJYsTgwISQ
DA:133,1,oc8Zuo6ZeiwdNYMGmc3pJg
DA:136,1,42N31ZM1jN3D/Rax2049Og
DA:137,1,59A4vJWvW4Uc1lH7A5aaKg
DA:139,1,DMpBIIzfVqvgIZVZtPqRCA
DA:142,1,HOiFnbaf+PnydO7GQwgzvA
DA:143,1,4LgMgWBGno1n5MNJ8WRFsQ
DA:152,1,Zqo42zzzbliUlph+4017RA
DA:153,1,cq84eWnD+OQ/SlpOazWXoA
DA:154,1,/9uZ/sPzLYWa8caDijhU4A
DA:155,1,VjoZSRJWn1BeEVExtjWrCw
DA:156,1,aLcoO1xUOawwR7wbZf0XKg
DA:157,1,r6GVWNgGeODaW/A+WW3Ukw
DA:158,1,sF8GhZgBDJxD6otfSpXOfQ
DA:166,1,EZXOMaIYtubGky+SpE6BIA
DA:167,1,K08WhIVbC2t7AMGD3IOuxA
DA:168,1,GnyTk1TI0z9CJ8iHyn4H6A
DA:171,1,kSi83Jjya/61g++KonBDKw
DA:172,1,v1py+HeB4FC16liFpvE+Cw
DA:173,1,6Gl1ULnR0HR2/nYkN7NKGA
DA:174,1,lv9/dwlXmi6OIe+Tr5IkgA
DA:176,1,qy6fAGzgU7r8BjcUI395Og
DA:179,1,vTnwwzjTfuirny9T6LrUdg
DA:182,1,E7klOTvEmOz6LS0AZTqE+A
DA:183,1,1LQnJIw5TXM2XF2NP+PkTg
DA:185,1,SDj6ys3SUR176fuX7V8X2g
DA:186,1,uVuGts34qJnm3ze6MKUMqg
DA:187,1,l7ZKsTwQ3+jrM0iFlbSBUA
DA:188,1,6Trvyj7ubn+t9AbKkwZCWA
DA:189,1,2DOxXLrmDA+GgkZsxxN+JA
DA:190,1,21YbNlt7tmD2atxLkMcoXQ
DA:191,1,vsoOJs/v9zIgTvwd/wdBZQ
DA:194,1,r26vR8ncrpu9AXsdh4v7FQ
DA:199,1,locVpugXm+1cIJTZGfnq8g
DA:201,1,Bj5aIveoe6qvZEQkLrpelg
DA:202,1,QaCpi3gcRDJgFDJSwtMVKA
DA:203,1,O4j7VVpVG6s1WOpn+hpYCg
DA:204,1,KMLeHPq/VVtsWjKd3G4xUA
DA:205,1,06pTgrmVWNHs7Qg8x2VEXQ
DA:206,1,7e0eQhZPhHy08TbKbBOZ9g
DA:209,1,hC7rxBINjtcS7vXnlEV16g
DA:210,1,9EpryKknPAR+JWarfyc7Nw
DA:212,1,QrNpunTzRXrmkYVs06lbpA
DA:213,1,8ysYWb6JJsYDaG0gDkQC5Q
DA:214,1,ZxIpDNtkj6g67o/BHhiZRw
DA:219,1,rgHeA39ALLiruyf2i9gRzQ
DA:220,1,M6tDMLePbb9+rOaGyhb8Bw
DA:221,1,TLvxoAdV7suNxJqbseGstw
DA:222,1,xjcDBnSwra0OiNOAYAwoHA
DA:223,1,3Z+OuRKlCqfIoEvffewZlQ
DA:224,1,TulZRDVyZgwaluSyPp9m8w
DA:225,1,B+ZJQ8zBxPMiDZhsnR0Fag
DA:226,1,toOV7TrqOV3VMkDYforFDg
DA:228,1,OAJw7c1gNZ3PJX2VF311dQ
DA:231,1,bJnmHUdK0MO3LPdEDfABwg
DA:232,1,hjQQ7kU5+QXxVzpmLN8Qww
DA:233,1,l1cLEHvPdOOXWPf3nQHNfw
DA:234,1,lfzofsWVpee0wf38+X7BOQ
DA:235,1,FcH16o4xpk6c/5Rk4TStbA
DA:236,1,W/SUwwOPwPvXqYNlgHJF1Q
DA:237,1,Vi2KujJ3FbKDi5KUSrxYRw
DA:239,1,yWCXGN7/9YbsgV0oof7YIA
DA:240,1,5IlM6FVfvLWyc87plXTRRg
DA:241,1,sTSkpGQobnWIVXVClaabdw
DA:242,1,HVau+HeuqHzrqZJxxwFfhw
DA:243,1,o71OvBVt4wBre17Ar20OyA
DA:245,1,mtqfSlwxSczqHJ6+u+16bA
DA:246,1,L5hd3xft+3XBCBvNu2zeIg
DA:247,1,35LYCxwznJxjss463UKgwA
DA:248,1,qmov1UWIQO6Yaz4ymnvLrw
DA:249,1,7CO+OvHvnrreE0hfngDSRQ
DA:250,1,SiYSqrg0kgOADprlsnsykA
DA:251,1,LktO9oqLSyifN89ahruUcg
DA:252,1,TATdhDXp4RnYoSkiCkcyDw
DA:253,1,kW6O3Gk9sA0RhQD7Eho0jg
DA:254,1,dmDyd6DwiOS4XPs1aryTkA
DA:255,1,5/wmFfzMCeoLFzMZyvjbbQ
DA:256,1,b8gHCAOvJemj0Yixtu9nCw
DA:257,1,qx/PVxM+zAgkic5KAIAmkQ
DA:258,1,avR6Yo+/fFi2vvhN/bPiVw
DA:259,1,WUFo23RnoHFaGcK5VW6y4w
DA:260,1,z2AorJUpss7HEgJ+NiYtxQ
DA:262,1,F6MPE/PEWVXzA6TDLWVKyA
DA:263,1,5IztUEmHHemt6g/xmqteIg
DA:265,1,b/mwcz5qgVxZE3R2y4O3zA
DA:268,1,lVzC3Lt5iilKqvewNdDKig
DA:269,1,s2EqJ3X1zfx0an9M8aRZuQ
DA:270,1,eAgOIdhQr2gpdngV7DiIxw
DA:271,1,SMUyLf8xY2L1DCqVfUSnyg
DA:274,1,SqkTEdyrEecN/IovsRlneQ
DA:275,1,Bjxs7bzoVOo4Eq9D9bcIaQ
DA:279,1,wRjM/uBrOkSlbcwsQvj8sA
DA:283,1,bDQRK/AKN+LmMroZqFGIog
DA:284,1,85RriEOMwkbu0xVG0md61w
DA:285,1,Zd4458L+86B+acH0ETBEAw
DA:288,1,c2KKBRILS0XymrHLleij3w
DA:289,1,5ZNC1X8LVbqMBBJJAeB0kA
DA:295,1,HvcGS/knpIn6lLiwKy22rg
DA:296,1,kSmrqoaratmx236OJ8HDrQ
DA:298,1,PKZhifDY/R/J2/ZKzHcPhA
DA:301,1,xm513lBm56Oarg6o2SBAgg
DA:302,1,cJxyl36jx2iwgVi595SOVg
DA:303,1,/3Bf0lLpszYRJUUnpqDSdA
DA:304,1,hGrUzQrWEFr9c7BnRdsV0A
DA:306,1,aA3IXab5UsfM/ys2eIBFgQ
DA:307,1,q29GUYNt+0mH74WNAS873A
DA:308,1,4JdDsHhs3dyAQKDgW2I6ag
DA:309,1,zkTdqmzYLzcJHelKjkgpjQ
DA:310,1,BBp7iiSuWeqWudNGyYlXnQ
DA:311,1,KsEk1vyDYeqAuP7XBVhThg
DA:312,1,7GFirmwc1dlzRgmFqe9PyA
DA:314,1,PWApQ+yflpvpW2Idk+pLnw
DA:316,1,iqsY5k2H/5Tp+ZhVeTdUAQ
DA:317,1,t+MIj1io3jnrDbZBo00Ymg
DA:318,1,PKsIGHP44GzPuC39lkID4g
DA:320,1,YTWlptadSXDskXlcRHdiQQ
DA:322,1,pTblvdyF+mB5ADfCnG8Nsw
DA:323,1,0wxKXpyMbP6ISQ3Kr4vegQ
DA:324,1,W3GOVtUdZd91x1mG4sAyNA
DA:325,1,XYjlKUjsbTnKgtkwWO/LUA
DA:326,1,s0MXtXA5W0mVxTPjUucx9A
DA:328,1,leL0bLMfafs4EBm/GdTJ3Q
DA:329,1,FaYlUMhtI4DddUcub4OPkQ
DA:330,1,NtKY1bEFe4+PldluTWbvlg
DA:332,1,35tmGMTOCM8xE1IWnx/mDw
DA:335,1,7sIlbwRkxfZOC/Fea7UetQ
DA:336,1,mJ3d67Gzu1IgmUTkomjBmA
DA:337,1,dr9jkkxfkV76twJlIJNbkQ
DA:338,1,vBwJq/EI9d+P2ZD/dLfcNw
DA:339,1,gKEuogiQ+pqWLuE0Snd86Q
DA:340,1,WhDRsxrjjRlWPWLsxsyfVQ
DA:341,1,UYWwJPVBsjPXi/iB2Hxk4A
DA:342,1,wCcKo0XQoXghoEWLrjX95g
DA:343,1,T5rEz+f2xsjOpfNi6mSfuA
DA:344,1,JzzJOgYR0JbT+UB+I2HLPw
DA:345,1,mP7Q3ly7kdPktNHWFG5ujA
DA:346,1,lPgeFKoB9BwXFYFeKbxRKA
DA:347,1,FI3Uf7/WSjSy4vugWPDo9w
DA:348,1,xvWIcpcyNr0gyGcTkdMxXw
DA:349,1,1daWHJc7z9nop7PGNHdlGQ
DA:350,1,BlL/gSqXrRNHQ6ew0SUvow
DA:351,1,KjCwnavXLi3uzYw4dwXQCA
DA:352,1,8kb4u2fL0or6an+jZYJ26g
DA:353,1,pKvSrxbDofNlo2Xmcq71iw
DA:356,1,N0iExVFBr7wfkSVU0Fsrsg
DA:357,1,oeBoKMecaJn2qSS2+CEcyQ
DA:359,1,1W29whVPLSTM70nRdvNdvw
DA:360,1,tTf9r51K4M/9b7M57ZZcQQ
DA:361,1,g1UREBS4/dOIFO0GZqU3og
DA:362,1,H8U2s/5xvRLBT+fyX0FfKA
DA:363,1,vhccNW80mGAL5KXBLXZ21g
DA:367,1,ZeAF+zFkYWOlvRLXleFi1w
DA:368,1,HcgSv7tfxY6crhVbD2VybQ
DA:369,1,GdbtMp1PiuHWbRNkgRGffw
DA:370,1,juFhRrftUM2H8wOlrWZx/g
DA:371,1,bUlS++W4wtPeaoHLA4mYtg
DA:373,1,ZC3nJn3RetAUpLUW0c8mhg
DA:374,1,ewK6G2L83OLlefuwc6jLKg
DA:375,1,SMtjdSJFz98HWXq8IFHywA
DA:377,1,0PNQF746jEmS4TNqQg13BQ
DA:378,1,50dX0zVBvxl0bat5S62qRA
DA:379,1,YtpBo1a5Ab4jCYhGi0T2CA
DA:380,1,+GElt1TrlUzT0F9uOBuTug
DA:381,1,AMw60cN6Z5nR5gWx38+0lA
DA:385,1,y6nkv2c4H+8qoVpW7hKi4w
DA:389,1,uSZGqrm/Y9kNQkkW+KOfWQ
DA:394,1,xc3qAZhl+qRdBT/H7GxVTg
DA:395,1,n2S/PL6K/JEnHwamDRTPoA
DA:396,1,fIyIL+JE6vtOCvCd8xF2TQ
DA:421,1,JvCEhMg3kLN/7mau6CqA+g
DA:423,1,dvkim8nFNfKaNOgyt2w7QQ
DA:424,1,KjCwnavXLi3uzYw4dwXQCA
DA:426,1,CBbbC4IRFiInimC7tVLZcA
DA:431,1,xjcDBnSwra0OiNOAYAwoHA
DA:434,1,UpSU2PaxVi6RDFQhy/wEeA
DA:435,1,eDv4sdo0P607swGYhjlu+g
DA:440,1,umUh8jPnlFXk+7AN+7+Dzw
DA:441,1,0xadfJq7UpU0WH9z6afrww
DA:442,1,s4RiPBYK7NBoolopM7j9ug
DA:443,1,4prKUwZkVRfloRzHXkEbHQ
DA:445,1,pOJwuGdEbe7GLbMcySd1QA
DA:446,1,xvWIcpcyNr0gyGcTkdMxXw
DA:448,1,xnljnEg9vymGCX0DSExZeg
DA:451,1,C0kupKekYASqErP0KJtmNQ
DA:453,1,fHTZiVpFmPWA1uSUyxrkag
DA:454,1,cfIGExCmxBW9XUWP5sSiig
DA:455,1,JHX7xtFI1z1YuBmGEFNVeg
DA:456,1,CuRPpu3RNuTIpql2bU9kUQ
DA:457,1,HRmYgrUgQRrlHMAQ7gWdXQ
DA:458,1,RycOv99qJS0+xVhEmNdbGg
DA:459,1,ZWboAs1u5Bqzlz7yZeN8SA
DA:460,1,jj44jiN9uR4ews1Lm0jZOg
DA:461,1,QeRDN9vFoMIDOZ8gfAf+dA
DA:466,1,XEY9VQ/dw93SAjB9n6i1SA
DA:468,1,UIKNKcp8YWhqKgbaCgeZ7w
DA:469,1,flj/hYnRTeX5xBy3y14vdQ
DA:470,1,TimR325s8uLoAtFl6HhjAw
DA:471,1,gRapetfhoepi2d13OVuv8Q
DA:473,1,8KCTocYZMCFDfkJ7khNLvg
DA:478,1,/VkXWpjj9neUtTeR9O521g
DA:479,1,Fq2ku/ogGhK4l4Ve/UTo6g
DA:480,1,0yjYK82FPNa3tUOLVPGOTg
DA:481,1,KeMj7BQBpz3XUe/SMtYWyw
DA:484,1,N1fVDksiEnuF62PLXCJDsQ
DA:487,1,7Y5KUsMizyk9F/UsThIHZA
DA:488,1,Znaw7ohn16HLgK3Db2R3iw
DA:493,1,A5iKC7pVI3w1ckYkdfxmeA
DA:494,1,Qy8Vbo/YTQSKnF6Spjvnuw
DA:495,1,c6dzVkRAfFhdKaPU1tRZYA
DA:498,1,QBEQlBLBQyfjoV3Ds8+OkA
DA:504,1,t+7DTlk4WNE31Rfn/ziEow
DA:514,1,Yg6x0pw0E6yFkn7+1q/OKw
DA:515,1,hMjELykHUNmhCyqkKcOmNw
DA:516,1,raq7rPPWymWcgRaaNGJoog
DA:517,1,/ygZvpdn0Tl7I0tYFhBHqA
DA:518,1,nIlpP6geiDMstP0Ma1gtUw
DA:520,1,EgbqxMfgIeJUD3AfMK1LFg
DA:529,1,euqe39a0H/JIpzK4BUl6hA
DA:530,1,ip+issEJldGXmd/eQkD3oQ
DA:532,1,opze9AbrH0ahnashfEg+SQ
DA:533,1,orOpXs93EbdZYZCxDtVcTw
DA:534,1,sOvtOfk75TbAtTgkgicGHg
DA:535,1,wgHIGPiGhYiWWlsFlLGvLQ
DA:536,1,Bs5DWO7PYTvFjo2TsPn7fQ
DA:537,1,yizmNtyLHGaLnGZhuM1uiA
DA:538,1,rXXiIDiTwGFMGwApvELD9A
DA:539,1,lhNkgZ0uNJi5q+XyZw1jWg
DA:540,1,zRXMFFql7hAARWUiIk5DFg
DA:541,1,lQ1WTuYG3yKKyr3rwt5COw
DA:542,1,dp+gzkpA1SmodVD2Oj6ZHQ
DA:545,1,DY6vfd+q1g9hoLBWvTQTBQ
DA:554,1,mn4KKahuu5VeCX/hUShhrA
DA:560,1,/uL4FmwwtTVs3K3y4jGt6w
DA:561,1,2pOv1+XqjAq7UCbupFDcoA
DA:562,1,WtK1KtdNHrNoD8FfdHY0hA
DA:563,1,bU8JeYUMtuEfBsdZo6xMDQ
DA:565,1,7/XkczZ91yEymCVktXUvSQ
DA:572,1,yc3zWHvN/e2Q0gEu1YeS/A
DA:574,1,7/XkczZ91yEymCVktXUvSQ
DA:589,1,v6oSkzRdrConMJ+hQEQUFA
DA:590,1,QpfUvyCXTbvQcfM2GAX2Ag
DA:591,1,qGIpiuJPo9/AETNwiS+lfQ
DA:592,1,NHWqowP070yFc6eLNFYlJA
DA:593,1,SlCBuzrJBw5Y9ViDeIOnTA
DA:594,1,Zciwo6ZagN470Hk+xhNeTw
DA:596,1,7/XkczZ91yEymCVktXUvSQ
DA:625,1,i+MbpWQauAFINsUNONPOSA
DA:626,1,CmjZ3fCSG15aQfbEPHJifw
DA:629,1,66j+9A0Vju6k4wu5jo1PXg
DA:630,1,tgJ/p9M6GVqAVrm7HDot4A
DA:631,1,+eSaqAyA2XLJ653Fh/yexg
DA:632,1,aTEwn9g4HqFicL5adH5Uqw
DA:635,1,Iy33M6DyNr69Ff/Nt170VA
DA:637,1,q5W8caeNvTpACqS57OcEYw
DA:638,1,OVA2e2W6XNk0m3MigxXYsQ
DA:639,1,S8aZ7e58AQmTksBrGoPVWQ
DA:640,1,byc7u4RG+cAx4MelYHSA2Q
DA:644,1,+z7Y/CMH5Wl2qYwJDYEkIg
DA:645,1,PktSyYG7kLcHLDZq5K/iaw
DA:652,1,YwebVkL/L8KIIocQuSvXHw
DA:661,1,IApK2wWtV8IhWG83dRCXnQ
DA:666,1,LuXtgE7a7PH7RlUBgX+N7A
DA:667,1,RC7nv0RtyqGELhmkU7XOdQ
DA:672,1,gMQ4QZfVfUU140RXU6IgDw
DA:673,1,kgKPlxqG7WZW/VA9peqBJQ
DA:676,1,3VvrFF+/ZUZvFGGv9pJdhA
DA:677,1,V8pxvvdLYE4mGxOWg3XhFA
DA:680,1,xP0cTFVMEauNsvf9QdPp6w
DA:683,1,rweDo40HZFpqabiIpc3U6w
DA:687,1,OUC/SLwrHgeqhMoYmYcb4Q
DA:690,1,T9+2gEpQTIVvXdSTzCQVkw
DA:691,1,IHgFeAL6Ye9nmbTv3OGMRQ
DA:694,1,FI1q782wQ8WTpigdpli1aw
[...]
DA:431,1,BlFt1ERnNP11bU+QCx9IZg
DA:432,1,KHeg3kEUYmIahz5ITAZFgQ
DA:433,1,1ol3q9iNQHli97+xupfoMg
DA:434,1,HhdTv4M3PXG2M0Dkj3VeVQ
DA:435,1,siJL44Q+8B7y1md5LYvJdg
DA:436,1,OFrdy/sWn21k9hu14jPnKg
DA:437,1,tMpDIYtN+722ptpGdbChDg
DA:438,1,1XTT/5PLUFthUj0FfSh2Sg
DA:443,1,36OvfIwdik9aGbf9/FF+xA
DA:444,1,xJ8dFVhnFH/y1HpSHCs+tg
DA:445,1,HQwYUHSY0krI64RuUuOs5Q
DA:446,1,vACjBzdbQMG49jsqMDu1KA
DA:447,1,pzUMQirKVfUfV8B2gST37A
DA:448,1,RZlF1UoJTLhuQtVv5KgJBg
DA:449,1,QE0Baf73O1cqVytz1Trpzw
DA:450,1,xnff0oAKsRo3C+GB7HtYIA
DA:451,1,EksoB50v7BqkUUURsCWXTw
DA:453,1,x5t7N2M3yCS510cowYo9Gw
DA:454,1,7YHPWnym1NGIg9vfkPSoIg
DA:455,1,AqHFNNYSkYL9MpTJhVm2Rw
DA:456,1,4V8Bt/xPbJItLbhlvBzHkQ
DA:457,1,5bETtHpVvkhXmRXJfzeaTQ
DA:458,1,L+lvDz/hUcyAzFht60Vx+Q
DA:459,1,vbkvBWAm4/xAPwIFyPJSFg
DA:460,1,Vdeo9qZyApPjZGZ4EejzJg
DA:464,1,iQoFILnLJzw7c0a/Aw/miA
DA:465,1,jwosM9QJ5jouakHwcTGIsg
DA:470,1,jEwFE5Rz47gUF1AtdZnLcA
DA:481,1,6/aDajlMJzo9sEtn0OhoyA
DA:482,1,F5lyQ0pWPysICIp3LLe+6Q
DA:484,1,wqn7Mq657xBdvbAXjlRKYQ
DA:31,0,itv+woaNmeKsK4/rxdJ8cw
DA:33,0,3DxRBnizhKVv0Q0k4WsVsw
DA:35,0,WaUvp7QbblhtlLSZkJREbw
DA:60,0,tMpDIYtN+722ptpGdbChDg
DA:61,0,WJmqWy6LjtyMVmRhBEA8/Q
DA:62,0,Lv9RuLJu90yyG31Fbf32DQ
DA:110,0,O5I4UEmQJy6/McdIdmA5DA
DA:112,0,XFn5krMw2VktaO2zoAZPkA
DA:116,0,tMpDIYtN+722ptpGdbChDg
DA:117,0,yr2hg/xz669HzUePHZeCRw
DA:149,0,2vuC6FVMM/BGpBOj9VMy8A
DA:153,0,Y7wDipdY+cmBM8qM+fldGQ
DA:154,0,3vvVa52TbaEUywwEu12aYQ
DA:224,0,gasymR+r1OPGeVWCiroD5w
DA:225,0,k3dK5zFu8Ltu1WIEBVhAQA
DA:256,0,tMpDIYtN+722ptpGdbChDg
DA:257,0,3qi3Bw8B9GNA1wb942XH9Q
DA:287,0,dCW/NUBgFadODBR2yQVGkg
DA:288,0,1cRhAiE2TsCqAea4gBxV8g
DA:334,0,bmGDXS51oFDW4nzIYXPEag
DA:335,0,QJX3ATj4Aj2c2uWa6S8U4A
DA:403,0,v4nDJV6FDRwV0IoDWGw4LQ
DA:461,0,x2zRfTF9IPcslgk83qM/Qw
DA:462,0,TzCebIl4wPN7Wc6EIoC9Sg
LF:288
LH:264
end_of_record
TN:
SF:mhkit\wave\performance.py
DA:1,1,IWWjrCeOtk8NNtrE95++2g
DA:2,1,wbex0Ytf94b7jE0u9OATig
DA:3,1,E+f6edsnTIVfiiXS906VsA
DA:4,1,aaAPG7jy9GRgr+fPOQGgtw
DA:5,1,a/1iN2QEoLrNKor//Es5XQ
DA:6,1,EBSSXqPmmMwmZqk8MEdnTQ
DA:7,1,NtB2hlAsQuZlpjY16UR5rw
DA:8,1,hQO8rvH8V7HXcgmE0ibkeA
DA:9,1,3Kh4bwtJYX7xHAt1H8GUAw
DA:12,1,KncWhnNUqfm2FZKkZTE8Mw
DA:30,1,VDWAT4SVv8eI1rE/mZKZ6A
DA:33,1,pRr7CN9xNpvQlhuc7w/kEA
DA:34,1,DOQJ3Ej1rGFfvJVxjGbZaQ
DA:36,1,w6Dl+fM268VjkeU056vV+A
DA:38,1,CaD3fIVo9EjAu0O2knOvhA
DA:39,1,O3I6U5KpSNMzQSlOU6iBbg
DA:41,1,WTUEGJ4eO6bBNslWc8XhPA
DA:44,1,1mERMADB34zuTVZ7vrx6LA
DA:64,1,VDWAT4SVv8eI1rE/mZKZ6A
DA:67,1,Lvls0fTUQAx0oCxZMeFg8A
DA:69,1,5OobJ/Glyho1JzSDFMXPLQ
DA:70,1,GwzJHT9Uf8fQH0YhH0RZyA
DA:71,1,Aw8p5cxS1hn5uRN6MUjJBA
DA:72,1,CmI1yoij9GUwBvGeaQKbSA
DA:73,1,q9Mh+deSLIfyd51hAl5Fqg
DA:75,1,K/jQWGlb+Ia5DrQ8XVSWtQ
DA:81,1,CaD3fIVo9EjAu0O2knOvhA
DA:82,1,TPQ6zllqjAuJ6irRPJdDYA
DA:84,1,eunyclw2EEkkJbafBx+Jhw
DA:87,1,kHUyaBrc38DgvGx/53aFzw
DA:89,1,zKldPfJU1e5ayCpD84nNFQ
DA:90,1,qs1vmr6b4BkMe0LRa0xP5w
DA:91,1,1n5OOoSv9gpxd4nwbSuaEg
DA:92,1,6rgBhtkd42TFIDwa61jENA
DA:94,1,R61C4MLYvNEv5xNVNIWauQ
DA:97,1,hOuIynt0XZP+c5DKaN59NA
DA:101,1,Q9g9g4JNaEnx48wZ7WB8nA
DA:102,1,ifS2oOwhhwtpfnUXUhGl5g
DA:103,1,8IljVVW7cbhE1+WwB6E9Rw
DA:105,1,FSw4OxeHC292On4dVO4Scg
DA:106,1,A10P7Z8IZirUyPIBNvWlDQ
DA:107,1,oB+5geAnaUinl49VqpdWmQ
DA:110,1,Aw7vVuQ2qUFCdKd2rD1rkA
DA:111,1,JJqgUvXrMv/rlv+2lZTjFA
DA:114,1,MwueZO7g4tHa7+vLHVzm0A
DA:115,1,GskKGoLEUtneH0dIqCZ+aw
DA:117,1,TRSnQ41CAbWy2DWwWuFHdA
DA:118,1,NEuInThMNxyYymdGwjy1rA
DA:120,1,COSgztYbFLuUSbAm1qW3rA
DA:124,1,skyyrr+eOGHFBZKloxE3PQ
DA:130,1,jwaEi17WOh7Vlrfv6aTicA
DA:133,1,lL7lDOQzgUDkvQj1PvgRnQ
DA:166,1,OnZ2tW9kyRX/xb3BVxyeAQ
DA:167,1,Sumeh3+sFxwwbSqHizCiIQ
DA:168,1,j4ZidYd6k/2F7nhVS8bA9Q
DA:170,1,7FbGsf+672jdQpXIMZ/rOQ
DA:174,1,C1/SJDK7lS2hKdDnLAT5kg
DA:176,1,pDPa2nLnbqa0fteoVtdqrg
DA:178,1,VDWAT4SVv8eI1rE/mZKZ6A
DA:181,1,utZWoqO1mQ6q08QPrEZSdw
DA:183,1,CaD3fIVo9EjAu0O2knOvhA
DA:184,1,vM0KqecA7U4Z2XwANqXKCw
DA:186,1,c+031hQ/hqVK59n/EV19AA
DA:189,1,6Ow1PJvPobrUUCCHgpFD3Q
DA:219,1,OnZ2tW9kyRX/xb3BVxyeAQ
DA:220,1,Sumeh3+sFxwwbSqHizCiIQ
DA:221,1,DOQJ3Ej1rGFfvJVxjGbZaQ
DA:222,1,UOfdqgZOUIJS+HiPP8Eihw
DA:226,1,C1/SJDK7lS2hKdDnLAT5kg
DA:228,1,pDPa2nLnbqa0fteoVtdqrg
DA:230,1,VDWAT4SVv8eI1rE/mZKZ6A
DA:233,1,EnUGlrDcLc8H2a5dz4LSoQ
DA:235,1,CaD3fIVo9EjAu0O2knOvhA
DA:236,1,gG1VajMP8azLFIa5JBSyCQ
DA:238,1,+QhjC1Q5Er+X/8JnSmIEsw
DA:241,1,bLrUQM9Y6/T0Yhi7I0VN0g
DA:259,1,iQd21ajksdjisLNFTchwnQ
DA:263,1,eW6ZEgbCELHgFKwL39Nr8w
DA:268,1,IAtJmkYLz59bJGtGAsbhYA
DA:270,1,LqgrC1FEEm/knYmHWfHnqw
DA:273,1,OQFfb/dYZG6Cq/+0m6icYQ
DA:290,1,j4ZidYd6k/2F7nhVS8bA9Q
DA:291,1,DOQJ3Ej1rGFfvJVxjGbZaQ
DA:293,1,GGVgO5luutZcCg7rS2H7pg
DA:294,1,piyZQjrDpsHkmRfplKpRCA
DA:296,1,sl6KGTrY3jO/mh9BUw3brw
DA:298,1,pQTBOgcDZRYtAy7W20xWGQ
DA:301,1,ET2C1P02H2FBdTaSTyfUDg
DA:321,1,bFZv5VdXyC5BIirGRlslJQ
DA:322,1,CvSod/U6lH3ysV+XhbD3Ag
DA:323,1,VNz6tZ+fV5Ogxsv8xfy0fg
DA:325,1,GrFkM0hQODg07soW5qL6oQ
DA:327,1,ind22Y3r6j+K86pSbmX0qA
DA:330,1,GGVgO5luutZcCg7rS2H7pg
DA:331,1,pbDMH9qPTEdJwMg+7skYDA
DA:333,1,pQTBOgcDZRYtAy7W20xWGQ
DA:336,1,QOhjd8fgAPzrTnVQ+kxs0g
DA:395,1,tq4lWq7HIHiGVXrkOa+Ptg
DA:396,1,R6/HEm5IRnhkWgO9ZKOSoA
DA:398,1,pRr7CN9xNpvQlhuc7w/kEA
DA:399,1,yVLy56HEM5dtKsZeoM9z/g
DA:401,1,5fW4XrfmMm8m0Hq//UxAOg
DA:403,1,LF0gFmGoJoAa1qsH8v4XsQ
DA:405,1,4Y87HO0s6kiZ5agw2h797A
DA:409,1,UlGWd6N19uD3hfRohPx2Tg
DA:410,1,4+O/G2ddHa9l2kxln2DYXA
DA:413,1,XTGSWLyJpwCGYfdua674eQ
DA:416,1,xMjsRz27j4DGMLhAV3Zzvw
DA:419,1,/VtACQER8F34IOfiBrCJ/g
DA:422,1,Jrnir4OzAZ7KHctSOTvL3A
DA:425,1,ymKt8DQIMECxCxZbPv79Lg
DA:428,1,lLrCNFWCrHxtEYWt3Vqm2A
DA:429,1,Qc18hxdvoI1DpAUYqcUP7Q
DA:433,1,fmz7DdwfJ4xDszzOZUiQQw
DA:434,1,FCaYZGMbZJ45f4M6jwDQrw
DA:437,1,IeK/Fl1Zj1fs+uOTdDE0+A
DA:440,1,NwJQhYoK7ycsbS5SxisRAQ
DA:443,1,2OIn0uMwtIgga8BGV6KeKg
DA:446,1,A3glNqzp2BCfzIN97ra8Lw
DA:449,1,S+3HggTY+YJK913gLV1prg
DA:452,1,+9DTRCaRenGZbxXZ+UG8FA
DA:455,1,ac+fvpMbHYJP4HOoYS6nYQ
DA:460,1,n6HNjhEmpvNtSkgAon/9ug
DA:465,1,Z9LBUKPIVE2bp3bt+xdmaA
DA:470,1,HeepBsdJPNxuWApio367aw
DA:471,1,FtbC6I6hccYvpE/NEcPcjg
DA:474,1,RKfbLNKVvcx96JmuZraDJw
DA:475,1,DI5h0wEYTwfmGDb7jogfDw
DA:476,1,Q1rEWJLT3Fhbdc7z/c9Svg
DA:484,1,Zrl24UeuNYf+pZfbZzxdvQ
DA:486,1,OLIKGmXV7eBxOxBk2RO4BA
DA:31,0,WaUvp7QbblhtlLSZkJREbw
DA:65,0,WaUvp7QbblhtlLSZkJREbw
DA:171,0,Z9yLrDa1dtRlvSiZhnOq8A
DA:175,0,JUyBXrVlQGbB/B2sM6dFhQ
DA:177,0,u6C9tbdiHijAxeezz+5PTw
DA:179,0,WaUvp7QbblhtlLSZkJREbw
DA:223,0,Z9yLrDa1dtRlvSiZhnOq8A
DA:227,0,JUyBXrVlQGbB/B2sM6dFhQ
DA:229,0,u6C9tbdiHijAxeezz+5PTw
DA:231,0,WaUvp7QbblhtlLSZkJREbw
DA:260,0,Z9yLrDa1dtRlvSiZhnOq8A
DA:264,0,Z9yLrDa1dtRlvSiZhnOq8A
DA:326,0,LGmw8ESOMm4/IcJz1z5zbg
DA:328,0,QKtFy/QcabQ7i4lr4SsxYQ
DA:397,0,D+PGAPJeqCJJIKDnP80ipA
DA:400,0,/7L/Sxn28CiMUnkcjAnYJA
DA:402,0,i3PbEfeftdKKjdSG17ukrg
DA:404,0,Ob+54av+IZOmzUCOQMOxCQ
DA:406,0,vo0AMkaabQimHXNxErZUQQ
DA:472,0,039icFnB2GsblYeLCHISkA
DA:473,0,sOvtOfk75TbAtTgkgicGHg
LF:152
LH:131
end_of_record
TN:
SF:mhkit\wave\resource.py
DA:1,1,/d6oe4CNloKshyHBxZ+zug
DA:2,1,fUzumR6uGnHl8Or/lWaS+g
DA:3,1,wbex0Ytf94b7jE0u9OATig
DA:4,1,E+f6edsnTIVfiiXS906VsA
DA:5,1,IWWjrCeOtk8NNtrE95++2g
DA:6,1,XnguAz2Zll4DFZWwuK1T2A
DA:10,1,ZAKWNH2cIVcJtHLjypWkkQ
DA:55,1,dHCaoYvcz7MGN81OCs/iLA
DA:56,1,N9FPXoptldHDZLoh2LHwPg
DA:60,1,ZkrZspsi7Bpg3t48UgWsDQ
DA:62,1,uK57jcu3Ya/fqGXHRP6iAQ
DA:64,1,aDCSLpGG1up6LvD8M8mb5Q
DA:66,1,tctIani0Qq3KaXrX92iiOQ
DA:68,1,WNH39t2o2MFJtFdQ6Ltaag
DA:70,1,VDWAT4SVv8eI1rE/mZKZ6A
DA:73,1,DECalGDysOEZ0AoTCyOJew
DA:74,1,Z3m9kFzdwsVI6HsWoGOSHw
DA:80,1,NpAZgel1bxN0H7ijuAdmPw
DA:81,1,wpFRa16czLxsHFBU8hdA/A
DA:82,1,clIfaHK0Y05j/4m62y3cXg
DA:88,1,KJcVtIQECVEdsP1qy0aHIQ
DA:89,1,hkCBkDafvwYb/7zuup7wYQ
DA:90,1,zBJFFjf/rmwetlmDPzLlFA
DA:91,1,nuDs8IxYERgt/HcqzZEEuw
DA:92,1,yvfA2S66gzOITIwVncQJiA
DA:95,1,i7K3YtBSW/94XddOWaZiHA
DA:103,1,4W9BlUrV4beiVmOs8janJg
DA:104,1,jOgakKf8TVJ4igX9Z4Y+nw
DA:106,1,CaD3fIVo9EjAu0O2knOvhA
DA:107,1,qoVcDTCKE4Dg4O9Ca46wxA
DA:109,1,EJ3jL810fvyMVsi333nOhA
DA:112,1,lBcegFCpXbzOjt8Ymnw5Ew
DA:133,1,XsXtCWcS1qNM51ft3pJvXg
DA:134,1,xqJlCa3C0U7nVjWCIB2KGw
DA:136,1,i4Bz5IC7sBWm+gWEEzch0Q
DA:138,1,VDWAT4SVv8eI1rE/mZKZ6A
DA:141,1,EGyj6hYsiTEia0D9u6hizw
DA:142,1,Ocdxxuu3IxvgoSw3t9wIBQ
DA:143,1,CwILwQc2E+3xT4o7zDAlWg
DA:148,1,Bj2xxzADs0Y3C1shJ1aMfA
DA:149,1,0Y0VpU5842zcsDWu4nHzgQ
DA:150,1,npqexEaDdzdjcZCIDSUbeg
DA:152,1,pVaCQrJct1u3flNpL04JXQ
DA:154,1,JcUN23IRxHi9UGHA4MTraw
DA:156,1,p7oe/74ME7AY9eDZ0zwMxw
DA:157,1,U1g+4inGsvoEIFiWt94c9Q
DA:159,1,CaD3fIVo9EjAu0O2knOvhA
DA:160,1,PFhx1shr0uspO+6fGKU0HA
DA:162,1,EJ3jL810fvyMVsi333nOhA
DA:165,1,x73v4Ig7zVKHZXgDmQzSmQ
DA:187,1,XsXtCWcS1qNM51ft3pJvXg
DA:188,1,xqJlCa3C0U7nVjWCIB2KGw
DA:190,1,i4Bz5IC7sBWm+gWEEzch0Q
DA:192,1,QfnH7vmkGDapYfXglAlM2w
DA:196,1,VDWAT4SVv8eI1rE/mZKZ6A
DA:199,1,EGyj6hYsiTEia0D9u6hizw
DA:200,1,Ocdxxuu3IxvgoSw3t9wIBQ
DA:201,1,CwILwQc2E+3xT4o7zDAlWg
DA:206,1,VJMTCYyOuxnY6Fdie7A/Mg
DA:207,1,0Y0VpU5842zcsDWu4nHzgQ
DA:208,1,npqexEaDdzdjcZCIDSUbeg
DA:210,1,pVaCQrJct1u3flNpL04JXQ
DA:212,1,DVkBIbOl0mB8lwK6LhWX2w
DA:214,1,mQwpxcWVrBBDu54820i9WQ
DA:215,1,dczpIl5WSwpxLbo+REFIsQ
DA:216,1,Mm7db/ibYZF7gN4r2mgr+A
DA:218,1,dExZSwjXkb0mrhPL7e4ZLg
DA:219,1,e+/F2fsCHEMZhhtbZtXxPQ
DA:221,1,+/G1goEvOHEjkiTyyULSSA
DA:224,1,wukid0rpDPr5zcWS//oEVQ
DA:225,1,bJkqo+CVAdUSyBERTh6kPg
DA:227,1,U/qm4rkECh+h3ovhY4CDhg
DA:228,1,RUprzrKi3k7En+vgEKu13w
DA:229,1,GhAOUiLOuCfR80HtTCF4Dw
DA:230,1,LV+SZgTDyu7zAe1S87OCFQ
DA:231,1,nyu3/FY/IwWw2qaXWMfasg
DA:232,1,60Zja4u+CkK8COywEphpeA
DA:233,1,E09BK1Fqa1DfTass4E68hA
DA:234,1,Kr44tSJMpPuFHhYknuqZsg
DA:236,1,zZGcOlywwmKxSp+aaKPvgw
DA:237,1,U1g+4inGsvoEIFiWt94c9Q
DA:239,1,CaD3fIVo9EjAu0O2knOvhA
DA:240,1,PFhx1shr0uspO+6fGKU0HA
DA:242,1,EJ3jL810fvyMVsi333nOhA
DA:246,1,52s+R5HrSRYnBSwH15L4AA
DA:292,1,tfDUct2c7jfoYVsXrMmirw
DA:293,1,tq4lWq7HIHiGVXrkOa+Ptg
DA:294,1,xJG1h/blVTWwqjvmIioTsw
DA:296,1,W0Y9wfPs887j5o7N6ESYDQ
DA:297,1,/oOw8B5xy5c1Y67LtansPA
DA:298,1,u8bbAIYiZsHt9SrqGm5iPQ
DA:300,1,VDWAT4SVv8eI1rE/mZKZ6A
DA:303,1,IpOZO2jII4VK3S//Bz4Dyw
DA:304,1,+aKzvSAIY8LCmtWsgpDNKA
DA:309,1,WiNGWosoHjLIFpARYOoSaw
DA:311,1,3VJ3diaypfe100UzUNI+uQ
DA:312,1,QrpPIovEhNUbWCaLcDAB2A
DA:313,1,1J9jrdoZiFWJAF6rdtKjow
DA:314,1,RqnQt5zQvMONM8EgI+0/Yg
DA:319,1,2jzhS0wvc92KauEqS1okXw
DA:320,1,qtTa9yS+4z7vvBTi20TQKQ
DA:324,1,anYjqQsWNAU15PKELAq6AA
DA:325,1,4ee8PIgIo/1LGDF7yT03Bg
DA:327,1,HqC8zPYAXzVowBUrAcGl/A
DA:328,1,f/waiXeY7gV8pEsmYtnusw
DA:332,1,qO/NO1d3456Pn8J9Y/LCzg
DA:333,1,TaghwTHDB2gvjuULeTIrIw
DA:336,1,wPNCMHqn3mElzeW35Uq/lQ
DA:337,1,gjIdoIgJEwZyJWfOQZPqrQ
DA:342,1,k+Cm5cED+c6Hl4nxhPUr9A
DA:343,1,mIAO0kxIAS3raZwf/jYjqg
DA:344,1,1mD8uL2OVyH5Oag7is1nJA
DA:351,1,UN9vIXftrCVgLqoJLhIiqA
DA:353,1,GnQe8ulzRzjCX0iSgPb/dQ
DA:354,1,7NcqiksAPSpl9eLqN10wOw
DA:356,1,LoHp8FmAbe+Mm7PBcg2aPw
DA:360,1,ivarHYbgWiVYOtD5wMt3TQ
DA:361,1,IjFv8y+fgLGDeatXDVzdcw
DA:362,1,UJ2DoKrZae6FXXHVmfHfGg
DA:363,1,nae7kRcVIspen6uBfX+n8g
DA:364,1,kitlE/wZz0ZGUrTwGnBt1Q
DA:370,1,xAu+U5xCzLGlTTEG84pisw
DA:373,1,9OvSScZ8ZJX0MScT4HfV9w
DA:374,1,Kl8Zkj6fWwUWgwMiFaHoEA
DA:375,1,2UCO2bSII01lVYBbAe8TVw
DA:377,1,8A70NhEzyQhGHbASfXYFMw
DA:378,1,kv8oFgaFN/3xvL0uelojRA
DA:379,1,GkhA9aofuKG5SHBfdxDKpA
DA:382,1,vIrzaDLeeAau4NzMViu5QQ
DA:386,1,Fw8ejIIYzZmHKfKxdBclig
DA:388,1,12MIPcNg+HXNGnbIf6ZIRg
DA:389,1,+xOe8J/c2JFyuqvV7nOpSg
DA:390,1,pFz14jQN6lai8NMQrN+Yaw
DA:399,1,5TTdP1gY7rqHm+QLRN2zhA
DA:401,1,roi3mZdxrLV/0ugt745WHQ
DA:403,1,CaD3fIVo9EjAu0O2knOvhA
DA:404,1,jYVKREjLIKYghi6Vnb24IQ
DA:406,1,wC7lpW5EPnWypg1G15GG2Q
DA:409,1,8vMrYqcxOFcORdS5K+mn/Q
DA:432,1,tq4lWq7HIHiGVXrkOa+Ptg
DA:433,1,yOTVmukTdjJkawC9lLaLQw
DA:435,1,VDWAT4SVv8eI1rE/mZKZ6A
DA:438,1,IpOZO2jII4VK3S//Bz4Dyw
DA:439,1,+aKzvSAIY8LCmtWsgpDNKA
DA:444,1,WiNGWosoHjLIFpARYOoSaw
DA:447,1,jvuQWQmZIF5be5Q0iO3IzA
DA:448,1,T5oWckgeiAvTZrvs2C5zIA
DA:450,1,8WgFcM7R/T4KqzgN0wIrRQ
DA:451,1,k+Cm5cED+c6Hl4nxhPUr9A
DA:452,1,tUQRNhETJA55UhZWKv5/3g
DA:453,1,i6afb4FeaRSeZYCwRmTNwg
DA:454,1,fKVO3DaNrPtPEU3HT8jSBA
DA:455,1,KKb8fOz8A4dtXXHTz/9zrQ
DA:457,1,ULHX3PYEu9mLLNnSd5HgVg
DA:463,1,AMByCl0qwye5GHTUNSPOGw
DA:464,1,fjZ//99xnqNbsgFd9lHi5Q
DA:466,1,V753qLy3GTEg70RbciaqjQ
DA:468,1,CaD3fIVo9EjAu0O2knOvhA
DA:469,1,OrQIfyFZpFuCn81wM9519g
DA:471,1,IAFWwaYWNLtL5oL65waOaw
DA:474,1,uReZKcOFEpoxAz47x4f/4g
DA:492,1,tq4lWq7HIHiGVXrkOa+Ptg
DA:493,1,VDWAT4SVv8eI1rE/mZKZ6A
DA:497,1,LiB6x35FFH/pngYLkpOrdQ
DA:500,1,EmspqdmM3Kp8rtkcUc4MdA
DA:502,1,CaD3fIVo9EjAu0O2knOvhA
DA:503,1,TJn+l3M3M1nKOrxBtNZEgA
DA:505,1,mHaXXs2ffwpCAdLjLBpjUw
DA:508,1,e58xDaM3z/zyYP3OsO5H4A
DA:526,1,tq4lWq7HIHiGVXrkOa+Ptg
DA:527,1,VDWAT4SVv8eI1rE/mZKZ6A
DA:531,1,LiB6x35FFH/pngYLkpOrdQ
DA:534,1,1SfdvJ30h04K7eA9y/DmFw
DA:538,1,cYFdD2hESDRvMm8m8lzZjQ
DA:540,1,CaD3fIVo9EjAu0O2knOvhA
DA:541,1,9K6TQ6UTTKLTROdqOVDhpg
DA:543,1,bBhoOXgqMDNsrc9XN6hPBg
DA:546,1,SVTiF/KZNr/AsySuHDe4+Q
DA:565,1,tq4lWq7HIHiGVXrkOa+Ptg
DA:566,1,VDWAT4SVv8eI1rE/mZKZ6A
DA:569,1,1SfdvJ30h04K7eA9y/DmFw
DA:572,1,xEw7lIkc5fAtdMmF5HXFUg
DA:576,1,bikzMHmEwPESmt6ksTaqOw
DA:578,1,CaD3fIVo9EjAu0O2knOvhA
DA:579,1,XYio0aZbT1l5NXqJjiZYbQ
DA:581,1,hxXP8OkEnB1prqQjPmKELg
DA:584,1,Mlhh+atdoPifUw4+qfOIbQ
DA:602,1,tq4lWq7HIHiGVXrkOa+Ptg
DA:603,1,VDWAT4SVv8eI1rE/mZKZ6A
DA:606,1,LiB6x35FFH/pngYLkpOrdQ
DA:609,1,gO2c1VcI3BMbZYigtFhujA
DA:613,1,iGvnevX/Ko0faTd6ugD4xA
DA:615,1,CaD3fIVo9EjAu0O2knOvhA
DA:616,1,9Ym7FwItj8lXRFp2sSdgvw
DA:618,1,53RMEjSgW+vMXyjuxb4m1A
DA:621,1,qNIk0GTMaokhL/VwlcPIvA
DA:640,1,tq4lWq7HIHiGVXrkOa+Ptg
DA:641,1,VDWAT4SVv8eI1rE/mZKZ6A
DA:644,1,IpOZO2jII4VK3S//Bz4Dyw
DA:645,1,+aKzvSAIY8LCmtWsgpDNKA
DA:652,1,a0IDKuL39t4MfugrugH97Q
DA:653,1,vFfULGsZUS+Fw2Hp3IAkaw
DA:655,1,KFEbDFr6xaIPSXpSQTW8Mg
DA:657,1,CaD3fIVo9EjAu0O2knOvhA
DA:658,1,z86rL4HNySHXPGy4uZv6PQ
DA:660,1,5JfRlkn1xsFqX9SdO7wuKA
DA:663,1,fg7CUSHPPkKF2Bp5YxJSvQ
DA:681,1,tq4lWq7HIHiGVXrkOa+Ptg
DA:682,1,VDWAT4SVv8eI1rE/mZKZ6A
DA:685,1,j3yhUbrsY36jGo1GFZwR2g
DA:688,1,LiB6x35FFH/pngYLkpOrdQ
DA:693,1,CTQI88WSDPe5GxsWrEJaiw
DA:695,1,CaD3fIVo9EjAu0O2knOvhA
DA:696,1,E4j3ANypjftIT+oCZptlmw
DA:698,1,cp08k9WqTBlVO0rCJqfApg
DA:701,1,zSD6p98hlWZFCTjY73pa6g
DA:719,1,tq4lWq7HIHiGVXrkOa+Ptg
DA:720,1,VDWAT4SVv8eI1rE/mZKZ6A
DA:723,1,1SfdvJ30h04K7eA9y/DmFw
DA:726,1,LiB6x35FFH/pngYLkpOrdQ
DA:729,1,xEw7lIkc5fAtdMmF5HXFUg
DA:733,1,Q06eRjM6RcppLMhvYk5Zyg
DA:735,1,CaD3fIVo9EjAu0O2knOvhA
DA:736,1,Q1HZ2QQi5epq/JumOaJgBQ
DA:738,1,iRsOVZC7Y9zzvI3RPI69oA
DA:741,1,MJ7YGIti8OdU41gmItW2kw
DA:759,1,tq4lWq7HIHiGVXrkOa+Ptg
DA:760,1,VDWAT4SVv8eI1rE/mZKZ6A
DA:763,1,mbCPHyrH+jUI5OX40gr3bQ
DA:766,1,LiB6x35FFH/pngYLkpOrdQ
DA:769,1,j3yhUbrsY36jGo1GFZwR2g
DA:774,1,Ff/1oZA1Fao0oNcUWgKlDQ
DA:776,1,CaD3fIVo9EjAu0O2knOvhA
DA:777,1,daVevGmnzJSeKKfycSlnEg
DA:779,1,ftXoBK66AoUvmLvv6seS4g
DA:782,1,5sjoU66lybTHihMP4rHUyA
DA:824,1,tq4lWq7HIHiGVXrkOa+Ptg
DA:825,1,R6/HEm5IRnhkWgO9ZKOSoA
DA:827,1,yVLy56HEM5dtKsZeoM9z/g
DA:829,1,5fW4XrfmMm8m0Hq//UxAOg
DA:831,1,LF0gFmGoJoAa1qsH8v4XsQ
DA:833,1,4Y87HO0s6kiZ5agw2h797A
DA:835,1,VDWAT4SVv8eI1rE/mZKZ6A
DA:838,1,IpOZO2jII4VK3S//Bz4Dyw
DA:839,1,+aKzvSAIY8LCmtWsgpDNKA
DA:844,1,WiNGWosoHjLIFpARYOoSaw
DA:846,1,ztHmQhMH7v1AGyo9JufvlQ
DA:848,1,SZzsP70UrJdUwLHRoF0YzQ
DA:849,1,Ak+Jp8IL8RyN/138G9hg1A
DA:851,1,CQxb1S/DWDhQUZUDOw6GZQ
DA:853,1,BY+0Fz16BfDcphRz3VahIA
DA:857,1,fy6vUACmScOYvmLt50ydjQ
DA:860,1,r1CKH0HHiPGRMhDIBqiVEA
DA:865,1,tUQRNhETJA55UhZWKv5/3g
DA:866,1,i6afb4FeaRSeZYCwRmTNwg
DA:867,1,fKVO3DaNrPtPEU3HT8jSBA
DA:868,1,KKb8fOz8A4dtXXHTz/9zrQ
DA:870,1,EETYq4/K5piDEvOtvB++kg
DA:872,1,Du9wi4fKbPz/iDzf1Ou2VQ
DA:873,1,tE8UjOc+mXhkK3Y8pfadwA
DA:875,1,CaD3fIVo9EjAu0O2knOvhA
DA:876,1,bxYAtwYTX3ukdHSHJ+h85w
DA:878,1,jDXwmy9Dial1qPJz9bDeng
DA:881,1,FFFpbv3vEqNmZ7K/xCUpUg
DA:900,1,Xen1hs8ZWLgsuD5kZck4jA
DA:906,1,rwBZFRLBp+rFHypq7PE/oQ
DA:909,1,+w4qYoWmqE85I+YkIpVpVA
DA:911,1,07pkKOirT3V6RkO+f8YADA
DA:912,1,L+dy7M0T7liK7bcfTg3y/g
DA:915,1,5JfRlkn1xsFqX9SdO7wuKA
DA:918,1,xqCUpdztB1Q56b3h6K3N4A
DA:948,1,W4OHkxfHP2/ZkJnZcd+3DA
DA:949,1,R6/HEm5IRnhkWgO9ZKOSoA
DA:951,1,LF0gFmGoJoAa1qsH8v4XsQ
DA:953,1,Hdi+fE90nZyjQsdcROWQ0Q
DA:955,1,4Y87HO0s6kiZ5agw2h797A
DA:957,1,VDWAT4SVv8eI1rE/mZKZ6A
DA:960,1,IpOZO2jII4VK3S//Bz4Dyw
DA:961,1,L6mKq7vA/4MSIH0GxZBl5g
DA:966,1,sD9Si8uIzQxAAMXbkz4QEw
DA:967,1,xY1j50HZV18IsVoHy46uQg
DA:969,1,b8jtcr3RPJLs+tNJw9TK8g
DA:970,1,swdoNNaYKKkb2Ug2F/nLmA
DA:973,1,PixQ/g3aLoEb+Nj6Ya8BVg
DA:976,1,gSLr59FiEwMTRK1MWOTlzw
DA:977,1,guNm7HNR92ZXSK3BdujwXA
DA:980,1,0PsDmOBmgi7wtBIWSyfOcQ
DA:981,1,FSR9D1sBHCW7kCrQgEZ77Q
DA:984,1,9f7+t9HmTZku/eyAnuiklQ
DA:987,1,VqjCDpXyv7f7rCXfsca9Iw
DA:988,1,CHRzE7fgKfuO/Gh/wrsY7Q
DA:989,1,RkwjzDaPOfEWtDqbmN8BDA
DA:990,1,3qRBxsAETCcwd/GJnPCMnA
DA:993,1,PkZwEtey5YH07RAibqdV4w
DA:995,1,NWoJNQziarvwDW0vMwP5lA
DA:996,1,LaGPW1S8hWmZsMOs7D0Baw
DA:1000,1,3WotQcjv6E/gmv8ZMp2n0g
DA:1001,1,KECNgTNqGXXP2mJ8JGnnVw
DA:1004,1,LaGPW1S8hWmZsMOs7D0Baw
DA:1006,1,47HqpWqJaMdE2Z/1iOiGCg
DA:1008,1,CaD3fIVo9EjAu0O2knOvhA
DA:1009,1,GHtNhFn/ACqBlzVJ4rJt/w
DA:1011,1,01VEJfMm1AGzBwjZu2cJUA
DA:1014,1,7+EH8oWB7qN98eAoxqU0rw
DA:1029,1,Xen1hs8ZWLgsuD5kZck4jA
DA:1036,1,t+wOr8A/Rr5qia/0yyLrkw
DA:1038,1,b9j5F0CKoj34Z90iZADQXw
DA:1041,1,iZdhM3PPVHgVnfNNXwQP1w
DA:1066,1,FnawThujqEK4hVJm6hpyCQ
DA:1067,1,AJmvIYIW1vXulVsWRnWvuQ
DA:1068,1,b4u1VQ7NW0BuOxJ/r7vlPA
DA:1069,1,R6/HEm5IRnhkWgO9ZKOSoA
DA:1071,1,5fW4XrfmMm8m0Hq//UxAOg
DA:1073,1,LF0gFmGoJoAa1qsH8v4XsQ
DA:1075,1,VDWAT4SVv8eI1rE/mZKZ6A
DA:1078,1,OrhXY2uQ1Yf20l+nx28UUA
DA:1079,1,43AqekOjbUmwCgIvywhA2w
DA:1080,1,kqVNBVzPcaEJKRHa18P7Lg
DA:1081,1,mFAuBUVfVVLGcl6dEBe7ag
DA:1084,1,wKp3bDnwrpXCTyxlfr6Sxw
DA:1085,1,kT3pKkfxlX74qV/UQyA9yg
DA:1086,1,LL2KSfxe3OUz+zLErO/2uQ
DA:1088,1,zwop6I1zTgGMeMcugAHpWw
DA:1089,1,X1XlDlK+bCrkaIErU1z1iw
DA:1090,1,HGjlzgryRhKvO5w0zmhIvA
DA:1091,1,4xR2sx6jyJupwHvXG5qY/g
DA:1093,1,dBqS0ntbBKkQWSXBSUB/Wg
DA:1094,1,c4qwkMvgk3OCA2JkHp0qcQ
DA:1096,1,bfOttcS79pNGZW2iFi7PRw
DA:1098,1,JxAW1lkGVbQS4syJwz+50A
DA:1099,1,YVzbyDJFGqlhuUn+ws3ZOw
DA:1101,1,CaD3fIVo9EjAu0O2knOvhA
DA:1102,1,cIhGRh2zE5YLD1TzE/GHXg
DA:1104,1,Nmko60+CLYOH/ZGMlHyRBw
DA:1107,1,YZ05ep8i4DvcjBxAJJufdw
DA:1133,1,Xen1hs8ZWLgsuD5kZck4jA
DA:1139,1,R6/HEm5IRnhkWgO9ZKOSoA
DA:1142,1,BhVzXpfKMVZMy+biLZxzPw
DA:1144,1,abzSO2Ad561bSCKZthTFWg
DA:1147,1,PmQ9DH68xAZmhZcDpRUtig
DA:1152,1,+7Dj8ngPnnAGC7VvvUyMzA
DA:1153,1,d1nPC9iFsR5m2bUfpryLyA
DA:1154,1,CZchddjKNN4tGOu5qjcF+g
DA:1155,1,vIzsZIYrCVO2pjaQ4WGZxQ
DA:57,0,Z9yLrDa1dtRlvSiZhnOq8A
DA:61,0,M1RKUHn+eCTbGr7hgEQAJg
DA:63,0,hMNgiQ4BCPlMaPO+urZPqw
DA:65,0,o7jWvFowJf/TIeNZjkYJzQ
DA:67,0,yGdjtr53xaIwe+8AlqL/Vg
DA:69,0,pK2SNvoNqorW8E05tgmFgw
DA:71,0,WaUvp7QbblhtlLSZkJREbw
DA:76,0,XJxEf3+Pm0LMGFdqETwiNQ
DA:77,0,HVyrBJ61ni9ux6MdUIeaUA
DA:83,0,4MRsc3BuL7//R2uo6iAiAQ
DA:135,0,wViMN+YyIOLJtt3X7QNjIw
DA:137,0,J6oVn0n66LvUbqnExVgspg
DA:139,0,WaUvp7QbblhtlLSZkJREbw
DA:189,0,wViMN+YyIOLJtt3X7QNjIw
DA:191,0,J6oVn0n66LvUbqnExVgspg
DA:193,0,Z9yLrDa1dtRlvSiZhnOq8A
DA:197,0,WaUvp7QbblhtlLSZkJREbw
DA:217,0,kgB1373EXt8/xhcjsS61zw
DA:295,0,k6B4BxLgdy5dGABuVB3m3A
DA:299,0,iJC5Hv/+OjqafuiVS8qHfQ
DA:301,0,WaUvp7QbblhtlLSZkJREbw
DA:305,0,nKOZux7N7uJK9NwF0B/9tg
DA:306,0,4MRsc3BuL7//R2uo6iAiAQ
DA:321,0,HVyrBJ61ni9ux6MdUIeaUA
DA:326,0,xLkFYhdVkTAEt0zmzYgK8g
DA:329,0,ziMwbdP43Yl2rkv+Iw0+Vg
DA:334,0,ontqWh+0XBDwJf/+D4c5lw
DA:338,0,HVyrBJ61ni9ux6MdUIeaUA
DA:345,0,HVyrBJ61ni9ux6MdUIeaUA
DA:352,0,A7wbKFbauOi7kvJARkEIIg
DA:434,0,EE4piYRLn4qw+E6OJ2NuTg
DA:436,0,WaUvp7QbblhtlLSZkJREbw
DA:440,0,nKOZux7N7uJK9NwF0B/9tg
DA:441,0,4MRsc3BuL7//R2uo6iAiAQ
DA:494,0,WaUvp7QbblhtlLSZkJREbw
DA:528,0,WaUvp7QbblhtlLSZkJREbw
DA:567,0,WaUvp7QbblhtlLSZkJREbw
DA:604,0,WaUvp7QbblhtlLSZkJREbw
DA:642,0,WaUvp7QbblhtlLSZkJREbw
DA:646,0,nKOZux7N7uJK9NwF0B/9tg
DA:647,0,4MRsc3BuL7//R2uo6iAiAQ
DA:683,0,WaUvp7QbblhtlLSZkJREbw
DA:721,0,WaUvp7QbblhtlLSZkJREbw
DA:761,0,WaUvp7QbblhtlLSZkJREbw
DA:826,0,D+PGAPJeqCJJIKDnP80ipA
DA:828,0,/7L/Sxn28CiMUnkcjAnYJA
DA:830,0,i3PbEfeftdKKjdSG17ukrg
DA:832,0,Ob+54av+IZOmzUCOQMOxCQ
DA:834,0,vo0AMkaabQimHXNxErZUQQ
DA:836,0,WaUvp7QbblhtlLSZkJREbw
DA:840,0,nKOZux7N7uJK9NwF0B/9tg
DA:841,0,4MRsc3BuL7//R2uo6iAiAQ
DA:903,0,Z9yLrDa1dtRlvSiZhnOq8A
DA:907,0,d7J4Q3VtWCnuZ+NqbtzZog
DA:913,0,sYDGmONwQbI0g+mSOnYzuA
DA:950,0,D+PGAPJeqCJJIKDnP80ipA
DA:952,0,Ob+54av+IZOmzUCOQMOxCQ
DA:954,0,itjkAAJIaA20bBpu8A4jIA
DA:956,0,vo0AMkaabQimHXNxErZUQQ
DA:958,0,WaUvp7QbblhtlLSZkJREbw
DA:962,0,c1uiPTRDhmfWGKF73bP5Qg
DA:963,0,4MRsc3BuL7//R2uo6iAiAQ
DA:1032,0,Z9yLrDa1dtRlvSiZhnOq8A
DA:1070,0,D+PGAPJeqCJJIKDnP80ipA
DA:1072,0,i3PbEfeftdKKjdSG17ukrg
DA:1074,0,Ob+54av+IZOmzUCOQMOxCQ
DA:1076,0,WaUvp7QbblhtlLSZkJREbw
DA:1095,0,qIpveir0SebgoQBjw0NHJw
DA:1136,0,Z9yLrDa1dtRlvSiZhnOq8A
DA:1140,0,D+PGAPJeqCJJIKDnP80ipA
LF:414
LH:344
end_of_record
